<?xml version="1.0" encoding="UTF-8"?>
<robot generator="Robot 7.4.1 (Python 3.14.0 on win32)" generated="2026-03-03T03:58:17.137449" rpa="false" schemaversion="5">
<suite id="s1" name="testAPI" source="D:\Year 3 term 2\Software Engineering\Sprint 2\Software_Engineer_PaiNamNae\test\API Story 16\testAPI.robot">
<test id="s1-t1" name="Check Delete Request Infos" line="36">
<kw name="Register">
<kw name="Create Session" owner="RequestsLibrary">
<msg time="2026-03-03T03:58:17.364084" level="INFO">Creating Session using : alias=mysession, url=http://localhost:8080, headers={},                     cookies={}, auth=None, timeout=None, proxies=None, verify=False,                     debug=0 </msg>
<arg>mysession</arg>
<arg>${URL}</arg>
<doc>Create Session: create a HTTP session to a server</doc>
<status status="PASS" start="2026-03-03T03:58:17.363919" elapsed="0.000320"/>
</kw>
<kw name="Create Dictionary" owner="BuiltIn">
<msg time="2026-03-03T03:58:17.364847" level="INFO">${form_data} = {'email': 'tester1@gmail.com', 'username': 'tester', 'password': 'tester555', 'firstName': 'John', 'lastName': 'Doe', 'phoneNumber': '0123456789', 'gender': 'MALE', 'nationalIdNumber': '1234567891232'...</msg>
<var>${form_data}</var>
<arg>email=${email}</arg>
<arg>username=${username}</arg>
<arg>password=${password}</arg>
<arg>firstName=John</arg>
<arg>lastName=Doe</arg>
<arg>phoneNumber=0123456789</arg>
<arg>gender=MALE</arg>
<arg>nationalIdNumber=1234567891232</arg>
<arg>nationalIdExpiryDate=2547-06-06T00:00:00.000Z</arg>
<arg>role=PASSENGER</arg>
<doc>Creates and returns a dictionary based on the given ``items``.</doc>
<status status="PASS" start="2026-03-03T03:58:17.364371" elapsed="0.000507"/>
</kw>
<kw name="Evaluate" owner="BuiltIn">
<msg time="2026-03-03T03:58:17.365393" level="INFO">${file1} = ('id.png', &lt;_io.BufferedReader name='D:\\Year 3 term 2\\Software Engineering\\Sprint 2\\Software_Engineer_PaiNamNae\\test\\API Story 16/../../img/id.png'&gt;, 'image/png')</msg>
<var>${file1}</var>
<arg>("id.png", open(r"${NATIONAL_ID_PHOTO}", "rb"), "image/png")</arg>
<doc>Evaluates the given expression in Python and returns the result.</doc>
<status status="PASS" start="2026-03-03T03:58:17.364992" elapsed="0.000428"/>
</kw>
<kw name="Evaluate" owner="BuiltIn">
<msg time="2026-03-03T03:58:17.365817" level="INFO">${file2} = ('selfie.png', &lt;_io.BufferedReader name='D:\\Year 3 term 2\\Software Engineering\\Sprint 2\\Software_Engineer_PaiNamNae\\test\\API Story 16/../../img/selfie.png'&gt;, 'image/png')</msg>
<var>${file2}</var>
<arg>("selfie.png", open(r"${SELFIE_PHOTO}", "rb"), "image/png")</arg>
<doc>Evaluates the given expression in Python and returns the result.</doc>
<status status="PASS" start="2026-03-03T03:58:17.365508" elapsed="0.000337"/>
</kw>
<kw name="Create Dictionary" owner="BuiltIn">
<msg time="2026-03-03T03:58:17.366222" level="INFO">${files} = {'nationalIdPhotoUrl': ('id.png', &lt;_io.BufferedReader name='D:\\Year 3 term 2\\Software Engineering\\Sprint 2\\Software_Engineer_PaiNamNae\\test\\API Story 16/../../img/id.png'&gt;, 'image/png'), 'selfie...</msg>
<var>${files}</var>
<arg>nationalIdPhotoUrl=${file1}</arg>
<arg>selfiePhotoUrl=${file2}</arg>
<doc>Creates and returns a dictionary based on the given ``items``.</doc>
<status status="PASS" start="2026-03-03T03:58:17.365937" elapsed="0.000308"/>
</kw>
<kw name="POST On Session" owner="RequestsLibrary">
<msg time="2026-03-03T03:58:21.694183" level="INFO">POST Request : url=http://localhost:8080/api/users 
 path_url=/api/users 
 headers={'User-Agent': 'python-requests/2.32.5', 'Accept-Encoding': 'gzip, deflate, zstd', 'Accept': '*/*', 'Connection': 'keep-alive', 'Content-Length': '4335512', 'Content-Type': 'multipart/form-data; boundary=1345dac516a3594f89c683fb3ef79067'} 
 body=b'--1345dac516a3594f89c683fb3ef79067\r\nContent-Disposition: form-data; name="email"\r\n\r\ntester1@gmail.com\r\n--1345dac516a3594f89c683fb3ef79067\r\nContent-Disposition: form-data; name="username"\r\n\r\ntester\r\n--1345dac516a3594f89c683fb3ef79067\r\nContent-Disposition: form-data; name="password"\r\n\r\ntester555\r\n--1345dac516a3594f89c683fb3ef79067\r\nContent-Disposition: form-data; name="firstName"\r\n\r\nJohn\r\n--1345dac516a3594f89c683fb3ef79067\r\nContent-Disposition: form-data; name="lastName"\r\n\r\nDoe\r\n--1345dac516a3594f89c683fb3ef79067\r\nContent-Disposition: form-data; name="phoneNumber"\r\n\r\n0123456789\r\n--1345dac516a3594f89c683fb3ef79067\r\nContent-Disposition: form-data; name="gender"\r\n\r\nMALE\r\n--1345dac516a3594f89c683fb3ef79067\r\nContent-Disposition: form-data; name="nationalIdNumber"\r\n\r\n1234567891232\r\n--1345dac516a3594f89c683fb3ef79067\r\nContent-Disposition: form-data; name="nationalIdExpiryDate"\r\n\r\n2547-06-06T00:00:00.000Z\r\n--1345dac516a3594f89c683fb3ef79067\r\nContent-Disposition: form-data; name="role"\r\n\r\nPASSENGER\r\n--1345dac516a3594f89c683fb3ef79067\r\nContent-Disposition: form-data; name="nationalIdPhotoUrl"; filename="id.png"\r\nContent-Type: image/png\r\n\r\n\x89PNG\r\n\x1a\n\x00\x00\x00\rIHDR\x00\x00\x07\x80\x00\x00\x048\x08\x02\x00\x00\x00g\xb1V\x14\x00\x00\x00\x03sBIT\x08\x08\x08\xdb\xe1O\xe0\x00\x00 \x00IDATx\x9c\xec\xbdy\xbcgIU\'xN\xdc\xfb[\xde\x9a/\xf7\xca\xac\xca\xda\x8b\x02\n\xa8\x02\xd1\x12QqA\x94\xa6q\x19p\x1a\xd7\xd6O\xb7-\xe0\xe8\xa0\xe2tO\x8f\xda=8\xd2\xea`\x8bN\xd3\xcd\xf0A\xec\x1e\xa6\x11\xd1\x92F\xc5\x12\x04\xc5\x02A\x1a\x81tX\xaa\xca\xda++\xabr}K\xbe\xf7~\xfb\x8d3\x7fD\x9c\x13\'\xe2\xde\xfb\xfb\xfd\xde\x92\x05\x16/(\xf2\xdd\xdf\xbd\xb1\x9c8\x11q\xe2{N\x9c\x88\xc0\x07\x1ex\x00\xf6\xc2^\xd8\x0bOzX\xeb\xc2\xb9M\x00\x80S\x97\x00\x00\xee]\t\x9fh\x8a\xe48]4\x15*\xa2# \xbaO\x08F\xde  GF\xf7\x1f\x86B]F\xa83Q?\x08B\x8cZ\xf2\xea\xe9&amp;\xfe\x84\xea\xcf\x96\xaa\xa9S ?\x92\xbcs\xd5t\xd5.\xe5k\x10\x88\x08=\x1d\x04\x04\x08D\x04\x88&gt;[\x83`\x10\x0cb\x86\x80\x06\x0c\xf8O\xee\xa51\xbeQ\x10\xc8 \xa2q|%\x00\xcf#W)D\x00\xc2\x12\xd3\x88,\x15D@\x84\x00\xc6 \x17\n\x06\xd15AHB&gt;\x85\xab\x08\xba8\xe8Z\n\x11\x08\x01,)&amp;\xf8f\xc3\xc0\x1d\x02KD\x04\x04\x84*K.\x02\xc9\xc5"a!\xb3\x17\xd1 \x02  \x11\x81\xa5\xea\xd6\x91~\x02D\x04@\x1c\x8d\x1fB\xe5\xb9/!\x85$\x00\x80\x16\x80\x88\x88\xc0\x02XK\x05\x81\xb5TX"@\xf7\xd2%q\x19\xa2td@\xd7\x06\x16\x80\x00\xac%\x02\xb0\xe4\xa3\x91\x14\x14\xf5`\x0c\xb4\t\xa1\x185\x10\x94:\x0b\xea\x97\x04\x16\x08\x1c%\xf1\xd8\xf0\xf99.\x13\x10\x97\x95F\xe0_\xae\x05\xab8\x1aS2f\x04A`\xb5\xff\xc9\x91\xe5Mu-*\xf3*\xd12~0\xa6\xdde\xea\xb4\x84\x815I\x99\xe3R\xe9\xa7\x12\xa9u|\xa4\xe8Oml\xfd\xa2:\xc9$\xa2j\xc2\x84\xf6\xad\xcbD^a\xf2\xb7&gt;\x13\xddU\x82\x1c\xd0\xa4`\xd4#\x11\x08\x10\xd0I&lt;D\'\xeeD\xc8\xf0\x00\xf3Y\x19\x95\xec\x8d\xaf\xba)\xca\xf6\xa7\xffj\x12m{\xe1\x1fX\xa0\xdfx\x91\xfe\xf9\x9e\xbf\xb8\x87\x80\x88\xd0IM\xf0\xf2\xd3\x0b\x1c\xeb\xa6\x06?\xc5\x80\x08j\x02 B\x02\x0f_\x9c\xe8\xf6\x12\x12\xbc\xb4G\xc66\xee\x13\xf1D\xa0E%A\x98\xabH$\xb6\xff\xe4\xb3&amp;\xee\xee\xc4\xe2!\x9a\x11\'\x89)\xa2\xf8\x8d\x925z\nc\xa1\x1ae\x97\x88hW/W\x0b_S\xc7\x07\xcf9\xb0\xc4\xb91[4\xf1\xa0\xb8\x11j4\x9d\x98\xad\x95\x11\xd1t\xaf\xe3\xfb\xca1\xf0C\x8f\x94\x90\xd4\xf0G\xc1Q\x86\xcb\xd0Ya\x9c\x1d\x96\xde\x87iQ\x88A\x8e\x80i\x1e\xe5\x9ap\xdd)\xb4)7\x89\xe0\x19&amp;\x95\xeb\x82`D\x8e\xa1\xc7K\x9ax\xae\x9d\xef\xca\xe4Q\x85K\x85\xae\x1e\x06\x999\x9a`.\xd1e\xe82\'\x00\x83\xbe\x86.\xb1\xc7B\x96D(\x1bD\xc30\xc3\xc9[\xe1&lt;\xd7\x05\xd0\x03\xa8t\x02"\x80\x1b\xf7\x8f\x06\xc3\xd1\x85\x1e\\\xea\x0e\r\x1acp\xdfL\xa3\xd5\xcc\x9a\r\x93\x1b\xb4\x96\x00h\xa3;lff\xffl\xc3\x12lv\x07\x8f\x9e\xbep\xea\xd1\'\x08q\xff\xd2\x81\xd9\x99\xc5cG\xf7\x1d;\xda\xb2\x05\xadm\xd2\xa5K\xddO}\xeaS\xcb+\x17\r\x1a\x039\x9a\x0c\x80L\x9e\xcd\xcd\xb7\xd0\x00\x809x`\xdf\xc2\xdc|\xb7\xd7Y]Y\x19\x0c\xfa\xfdb\xfe\xda\xeb\xae\xba\xe6\xcaC\xfb\x17\xdb\x80\xf6\xe1\xc7\xce~\xfco&gt;;\xdbn\x9e\xb8\xeah\xa3\xd5\x1eY\x1c\x0e\xfa\x83^\xbf\xd7\xebnv:\xa3Q\xd1\xc8\xf3K\xeb\xeb3\xad\x16\x99leyys8{\xf3so\xb9\xf9iW\x1fXh\xb5\x1aH@\x83\x02Z\x19\x0c\n\x18\xf6\xcd\xe7\x9e\xb0\x01\xa8\xbb&amp;\x08]\x80\x84E\x06\x01 D\xd3\x8d\x1e\xc6#\xc3cP\x9d!\xb0\xb4j\x14Y\xc5g\xd7\n\x86\xdb\x02\x8d\xef\xffh\xfc(\x90\x0e\xe9\xe5\x9e\xa5\x82\xa5\x9eS\x1c|G\xe5\xc6\xe5\xee\xc4t\xfa\xe7\x10\xd5\x93\x87\xd21\x9d&lt;\x0bH\xcd\x8d=O\x06\xaa\xa1*\xe9\'"\x03\xdf\xb7P\x0bB\xb2\x10$9\x88\x14Rb\xb3\x9c\x89\xa7\x10X\x8d\x88;*F\xe9uVnj\xb0\x1e\xbb\xa34\x8e\xd0F1\x90\xb4~rA\x02\xb2Jt8`\xcf,\xf6\r!-\x12S\x8b\xac@!q\xc3DqDC\x01-\xa2CV\xa4\xd8\x02%\xce\xe8\x19\xa1.P\x95|\x9b\nQ\xd6\x80\xb7/M\xa8"\xa3\x9e\xb4\xdd#||\x19;H\xbe\x93\xb0\xe5\\q\xcc\xaf\xcb\x16\xc6\x16\xb3=\x1a0~*g2\xa6c\xeb\xc8\xf9\xb6J\xdf\x0b{a/\xec4\xec\x9b\x81}3\x00\x007\x1d\x02\x00\xf8\x16\x00PV\xe9G/\xd5&amp;\xbczqB\xce\x7f\xfeH\xf2\xa2B\x1a\x04\xc0\x8d!\x12\xea\xbf\n\xc1\xbb\x1f\xc1B\x84\xb5b\x0b\x19%\x85\xe7\t\x84\xf0\x17\x8aJ\'Qi(\x9a\xc4\x08J\x93\x7f\xc8\x175\xa8\xf0JC\x89\xd0P\x80P\x0c\x00\xa4\xec)&gt;\'A\xaai\x05\r\xc3&gt;\xe1\x14!\x10\x12y\x0b/\x11\x80\x05@\n\x9a\x89\xab\xa1\xc7\xa1\x1e\xf9\x06\xd2\x1c\xb7\xbc\xee\x84\xde\x12\xea\xcd\xce\xe8M\xcf\xb5\xf3\x04\x01\x1aOM\xc0r\x04\xac8z\xa0L\xa2\xb3\x13\x00\x80\xf5\xb6N_n\xac\x01\x06\x9cO\xf2\xa8l\xb3\x8eX\xf7\x95\x9bLCd\xd56D\x96A)\x9b\xc7=\x9a\x14\xb8\x1a0\xba\xfcB\xf7\xd3\x7f0\x00\x84`\x08\xc8!n\x8d\x14\x01R\xf0\xca\x0f\x06\xc0\x12 \xa2\xa3 iA\xc2\x88J\x0f\xc3\xd9\x1e\x10l\xfd\x18\xa5\x12$\x1d^"xM\x95|\xf3\xa1\x11\x8e\xb9\xfa\x84\x0e\x9b\x14)9H\x84\xb4\x91k\xb0\xbf\xd4X\xe1\xfd8O\x19\x83\xa4\x7fW\xe53&gt;\x8c\xc5\x9a\xe5,1\x89\x01\x8a\x80r\xda\x88\x8f\xa1R!5U\xa5\xaa#\xa6D\xaa4\xe0\x18:\xa7D\xff\x92\x84\xc6\x90RIV\x88\xb9\x0bP\xb3\x06\xe9MNVN#c\x9f\x07\xb7\xfa\x14\xebIc\x8a\xa41Bi/|\x05\x047\xb3 !!X\xd1\xd7\xc1\xaf\xde\x82(\xed\xce|\x90t\x16RO\xc4\xf9\x00\x98r\xff\x13Y\x86A\xffW\x12POZ\xc1\xfc\xe1\xe6X\x9e)0\x1a\xecea\xa1\xa7rE^\x90\xd6\x14d\xbd\xc6)$S\x1f1\x85\x80l\xdd\xc283O\xa9\x05 @mN\xb7\x9c\x9d2pD\x14\x92\x12\x90\xe4\xe3W\x88\xb6P\xa4\xd02&amp;(\xfe\xc5\xef4\x12\xd0\xac\xa9\xce/\x80E%\xeaC}K\xe0\x8d\rk\x14q\x08K\xb9\xd5\x16XZ\x18\x90\xc8%\xac\xc6F?oz\x06\x96{\x06\x10\xc1\x1b\x8b\xdd\xdb\xd2l\xcfx\x05@\x92\x8a\xc0D\xa8@\x95\xa0$\'\x05\xff\x02\x11\x91\xe4\xab\xed{\xa2\xef\xb2\nf\x88\xe5\xdf\x1b\xa3\xc5\x92\xceM\xefm\xe2\xcaQ\x00\x81\xc0\xa0i5\x1bY\x86\xa3\x91\xb5\x80\xc3\x822C\x06\xc0\x12mv\x07\x04\xd0\xca\x8dA\xb4`\x0bk\x0bKh\x0c\x00\xf5\xfa\x9d\x99\xf6\xfc\xdc\xac\x01\x80\x82\x80,\r\x86\x83~o\x83\x8a~a\xad5Y\xa39\x9b7\xf2v;o63\x02l6\x9a\x88\xd0\xe9llll\x0cGt\xf0\xe8\xb5&amp;k\x9d8~`i\xa1\x95\x198\xb7\xb2\xfe\x89O}\xce\xda\xe2\xe0\xb1\x13\xb0t\xbco\xf2Q\xaf;\xea\x9e\x1b\x16E\xaf\xdf\'K\x88\xd0\xe9v\x07\x83a\xa3\xd9\xc4\xa2 @K\xe6\xec\xe9\xf3\xcf~\xe6\xb5\xb9A\x03`\x0c\x02\xc2\xc0\xd2c\xab\xc3\xee&amp;\x014\r7\x87aV\xfb\x07\x0c\xfe1\xc6c\xfct\x8e\x93\xe5\r@\x8f\xaa\x05z\x03q\xfb\xa9\xde\xe2\xd5\x04\x07\x17\x89\x8c\xc2j\x04\xe2\x97\xc3\xffy\x02\x94\x85\x98T\xc1&lt;\xfe,\xc8\x80\xf6\xd6N\xedX\x10\xa4\x15\x11\x00Z\x00 \x12(\x18\x86\xb1\xc8\x12\x9el\xfd\xda\x87\xef\x1c\x04\x1eoB\x88Q\x1ft\x85}YL\x06\xdbXQ\x84\xa6\x1e\x97\xde\xc6\xac\xf4\x04^\x94R\xbd\\\xc6\xb9\xcb@z\xadTYQb\x10\n\x12\x91\xeft!\xf6@\xe0Q\x10+\x12\x18&amp;\x13=\x0b\xa8L\x03\xa8#]\xd5Pg\n\x1a\x8a\xd6\xeb\x82B\xa1X\x14\x17\xab\xc4)\xa9w\xa0(d\xa2\xc6\xb5\x00&amp;\x7f\xc7\x02\xda)\xde\xeeN\x98\x98\xb7f\xf5\xd8\xc8\x15\x1f\xd3W\xd1(\x9dTpU\xaa\xa98q\x19\xd85\xc9)H\x85xF\x83\x8a_OV\xb8&lt;4`\xf4\xa76\xdb)\x8b\xdb3@\xef\x85\xbd\xf0e\x14\x12\xab\xf4\xf6\xc2M\x87\xe0\xbe\x0b\x00\xc1\x12\x9dh\x01\x8cr\xc0O\xeb\xa8f\x97\x80\x82b@\xe3\xe1\xcf\xa4\x89\x83\xe2g5\xe7\x87\xaf\x91\x8e\xa1\xdeS9\x19\x06RQ\x1b@c%\x04U9U\x01\r\x90\x02\xfe\x00\xac\xad\x08%\x0cs\xd9\x1c\xe3\xa1a\x04M\x0cx\xa6\x88\x06bt\x16\x04\x84Z\xcf\x0e \xc6\xe5\x84R\xae\xaf\x0eCN\xe6\x84s9\xb4\xec\rE\xe4\x9d\xac\x19\xf2\xa0\xcbDr\x00\x08^\xd2\xe0\x1dm\xb4n\x9d\x98\xbf\xe3\xb2Xe\x06\xf0@\x10\x03\x1f\x9d\x02\x85\xc0\x08\x93\xf8\x9d\xa5H)r\xa6a\xe7\x92,$\x11\xb7(\x03Ae\xd5\xf5vy\xcf\x066\x0f\x04d.\xbd+\xe9\'\xc6y\x13Y $K\x9e~\xe0\xce\x1b\xc5\x8d!!\x04\xd5"t/\x0b\x08\xde&lt;\xcd\x9cR6\x83q\xa1\n\x84\xb1\x06B\x01\x86G\xddQ\xdaG\xf4\x13=\x18\xfd\xefd\xa0\x91\x14\xa4\xfaj59\x18qL\x8f\xa6\x04VGC&gt;\xae\x06\xaa\x11:}\xd0U\x80:\xd6\xd504TmL\xf4\xa4\x80\x8a\x17S\x113}\xaa\x89!\xc4/\xa7\xac@\xc9\xc1\xd3s;\x81\xfb\x80l\xa2\xd8^\x1e\xa5\xa4UX:\x9e\x1b"\xdf\xae\xe8;\xbfq2p\xf2\x80\xd9\x0bO\xe1\xc0s\x92\x88\x16\x03dE\xda\xb0%\x15\xc1\xb2\xc9\xb6l\x14E\x8a\xd6\x02SQ\x1dK,\xd0\xfdYMW\xe2(\x1d(C\xb7\x1a\\\x01\x18\xc6\x98i(\x19\xe0a\x95\x14e\\\xb0\xb0\r\x98I\xe9\xe7Z5sF2tK\xb0\x02\xb9\x82\xf7\x1e\x85Rt\x05C\xfe\xe0g^\xe2\xda\xfa\x085RL\xdbDBe\xc3\xf7\xaa\xdaB\xf49\x9e\x86\xb4\x9d+\x1a\xe9\xc4\x12$\x1a\xfd\x0c\xae\x92\xf6"(\'\x1f\'5\xca\xeb\xbe\x95q4\x13\xf4\xe4%S!2\x1f4\x885\xda\x19\x16\xd3\n\x07,\xa7V\xb8\r\x06\xb6\xeai[WH\n\n\xa5\xaaN\x86\xbeh\xe7w\xe9\xac\x99L\x80\x008\x82\xf0\xaf\xca\x96t\x16\xa4\x16\xdf\tfs\x0f\xa0z\x96\xb2\xcc\x18c\x1a\rD \xb2\xd0\x1b\x16\xc3\x02\x07#k\t\xdb\x99\xc93\x04\x04[\xd0\xa8\xb0\xbd^\xdf\x12Y[\xf4\xfb\x83V\x0b\x1a\r\x03\xe4w\x89\r\x06C\x02 k\x89\xac\x014\x19\xa1\x01\xcc\x0c"\x1ac\x9a\x8dF\xb7;\xe8v7\x1a\x8d\xd6\x15W^}\xf8\xd0\xc1}\xf3\xad\xb9\xd9\xa6\x01:sa\xed\x0bw\xdf\xb38\x97\x1b\xd3n\x1d\xbc\x92f\xe7\xc1Z\x00\x84\r3\x1a\x8e\xac\x85b4\xea\x0f\x07\xa3\xa20yV\x8c\n"\xc2\xac\xb18\xdf\xec^&lt;\xb7v\xf6\xdc\x89\x1b\x8f\x8d\x8c)\x00G\x85}\xe8\xfc\xe0\xfe\xc7\x07\x05\xe1s\xaej\x9d\xdb \xc0\xb0r\xe0\xf7\x1a\xf2\x9c(\xa6{\xb6\x81\x06\xe3"\xb1\xf7:@\xcaZ\x1eT\xc1\xcf\x81\x9c\x87\xb1s\xb4`\x80\xed\x07/q\xaf\x80\x90\x1b\x06G\xda\x18\xc6\x01 \xaf\x0c\xb9\xa4\x06\x89\xac\x1a\x88\x88\x00d\x90\xb7\x0e0\xe1\xa1\x95)\x19\xda\xc8\xfa\x84\xe0X\'f=\x85\xc8Ur\xe3\x91X\xb8\x04+\xb6/E9\x05\x8b\x08f^8\xb1\xa2,\xce)r\xf4?E\xa4\xc7A\xe4]\x18\xf5n\xc4\x11\x08\x03\xa5\x822*)T_\xe9+\xb1\xea\x02\xbeB)a\xf2\x98\x00\x1b\xd5r\xcc\xb0*\xf9V\x05\xa4\x95\x16&amp;93g4\xf1!\x93h\xb7\x9e.Aj\x99P\\\x11\xaf\xe6\xc5\xe4$\xb5\xef\xb7\x02\x11\'\x94\x8bc~MN]\x11\xa92E\x98k\xc7&amp;\x9fX\xdaT\xe4l!l\xa1\xe8\xca\xe4\xbbM\xcf\x97\x0f\x018\xa1cL\x93E\xfab\xcf\x00\xbd\x17\xf6\xc2S08\xfb\xb5\xb3D\x7f\xe8\x91D%\x01\x03\x01\x11$\xd0W\x9e#\x95&amp;FZcB2\xcdG\x18ZA\x16P\xa5@\x98\xe9E\xdbb5*\xcc\xff\xe25\x1b\xeb84N\xe0\xca\xbeF\xc6\x15\xeaSE\xaa\xe0\x10\xe0\x1e,\x80\xc7\x8b^\xdbU\x99y\xdd!l&lt;\x13\xf8G\xbc\x98/\x18QHF$B\x85]\xc8\xfbN\xa1Wo\x1d\xeb\x9cK\x99\xd7\x9d\x9c\xf3\xaf\xe2G\x00H:\'q\xd3\x00\x10\x1b\xb0T\x99\xb4M)x\x1a+\xf5\xd2 \xdaD\xe7\xf1\xdbT\xd1\xfa"\xd1E#\xd5\x88\xd2\xd0\x8a\xc7\xa0\x14\x7f"\x94\r\x8d\xa1\xd5\xac\xff&amp;\x8cd\xbfq\xe4\xea)\x9d\xcb\xa1d\xc3\x1e\x0b\xe8\xaaj\x138\x8c\xe1!\xd6}%7\xab\xfa\x8b\xfc\x8d\x0e\x18\xa9\x02\xac.q5\xb4\xa3\xf4\x19\xeb\xe7~\xdf\n\xfas\t\xc0b\xfabrH!8\x0f!Q\xc0\x08Jm\xc4}\x02uB5\xc6#\xec^U\x8dr\xd9;\x01&lt;e\xb13!\x12\x04\x85\x07\xaa\xa8\xd5&lt;NT\x811\x88\x17K\xef\'J9\x9f\x15\xa6o\x12\x04K\xe3\x0b\xaeM\x1cgR\xa6o\x0ce\x14\xfd\x08\xad\xad\xda\x9ds\'\x9d\xc2}\xd7\xae\x82\xb5\\ \x00\x00\xebD\xd3^\xf8\n\r^^x\x99\x8d\xe8N}J\x8d\x83\x89\x87\xbd\x12\xe4\xa4\xf3\xe0s9\xd0\xff+b\x97\xd7&lt;A|@Y\xdc*)\x87\xc9(\xa7d\x82\xa0\xb0\xfe\x1c&amp;\xe6\x10=\x85G\xb11F&gt;\xdaxx\x89I\x05\xa2\n*\x0e\x89Q\xc9\x9d\xd1\xa4\x18#\xbb\xddy\xbf?\xbag\x9e\x03=\xd1\xd1P\xe6\x88\x18\x17\xa2\xeb\x91V\xa4&amp;P\xa5\x9c\x14\x98#?\xe3\xb5\x81\xf0\x9e\x8f\x95\x08\x93\x88j\x8b4v:\xb5\xb2\x04\xc2`\xc6\x8f\xe3M\x9aOb\xa1\x1f\x12\xc5\xe0\x01X\x82y(\x85\xa57RX\x82\x81\x19\x14%3\xb2\xeb\x14e\xe2*\xf8\xc0\xe0Jg\xc8$z\x99\x1c\xceO@o%D\xbd\x96LL\xad\x9e\x9d\x89\xf9\x06\x90\x19T^\x9c4\x1c\x15\x06\xc1\x1a,\x00l\x01T\x90%\xca\x08l\x06\x00\xde&amp;k\xadE \xc4\xc2\xdab0\xb4\x83!\x19\x03\x85\x85\xde\xa0\x18Y\xd3h\xb7\xda3s\x9d\xcduk\xadAD\xcc\x10LQ\x0c\xfb\xfdQ\xdeh\xd9\x16\xcc\xce\xcd^y\xd5\x89v{\xb6\xddj,\xcc5fZYa\x8b3\x17/=\xf6\xf8Y\x02\xc8\xf3\xcc\xe43h\x0cY\xb2`\nh\x14f\xb6\xa0\x95\xa2\x18\rFC\xd7\xe1r\x83\xd6\x16K\xfb\xe6o\xbf\xf9\x86K\x97:\x9f9\xf9\xc5S\x0f&gt;r\xc3U\x07\xb2\xb9\x99\x11\xd1\xf2f\xf1\xc8\xd9~a\x01\x00\xf6\xb5\xe8\xfc\x86g\xa48\xaa\xa3\xf8\xa4\xa7]7\xf8v\xb0\xb3\x03\x01\x04\xe8\xef\xa4\x86\x052\xdau8jVP\xecw\xefIv\x10\x86\x97\xe8\xdc\xe7U\xb3\xab\xb6\xb7\xc4G\x0e\x01\x00\x90\xb5ioA\xf0\xf6k%\xdf\xc2\xb6O\x8afk\x94^\xa0\x1a\x99K#0\xe8\xa1\xb1\xb3\xf6\x1a\xe9\xc01XE-C\xe4X\t\x00 4\x189\xf4\x10@ ]\x17\x87|\xba\x88\xfa\x10 \x02\xd3\xaa\xda\x02\xf8\xf4\x10\x92\xc5I\xf4\x1b.\xa3\xd1`0R\x04*\x07}Y\xd0\xc5\xe8\x9e\xc7E\xa0\x82H\x0e\xb9\xab\xc80\xc2\x98\xc9\x94\x84Z\xb5)\x11!&amp;~\xdf\\\xb2\xd7\x15\xa2\xea\x07\x99\x81i\x1eP\xaaKE\x98$\xf9\xc6E\x9b\xa2\x8c\xea\xda\xed\x02A\xf5i\xa6\xc8\x00+)\x1f\x9fp;tM\x9d\xc7t\x99\xef\x06\t;\n)\x01;\xe9&lt;c\xba\x8d\x1a\xeb[-j\x9a\x04{\x06\xe8\xbd\xb0\x17\x9e\xca\xe1\xa6C\xde\x0c\xfd\xe1G\xfd\x9bJ\xed%\xc0qy\x19O\xc8A}\x1b[\x9c\x03\xc9\xe9R\xb3\xc2:\xd5r\xd3\xcd\xf1U{c}\x06$\xb9\x06\x03\xe78\x13\x89`\x93\xe8\x15U\xbd%V\x19\xbc\xde*@6\xd4C\xb8\xe35\x19&gt;\x19\xc3\x17#\x0e\x14\x91R\xcc\x98+\xe0(\xd2\x8a\t\xb2\x12&amp;n-\xcc(\x8f,\xd9\xdb\x82\xf3t0\x93\xe4\xe861\x88\x1b\x90\xd37\xc0#@\xcdnR\x8e&lt;\x00H`\xe3\x15|\xefc\x82\xde\xe7\xc2{W\xb0w\xb5\xf1\xf5q\xdb\x13\xe3#\x8c\x05\xf7;\x9b8\x1b\x06bl\xe7\xab\x88\x00\x16\xe5EhB\xe9T\x1e\xaf"\x00\x05\x0c\xe9@yT%\xa5&lt;\xd8\x98\x12\x1d(y\x8e\x1aA!~\x89\x83Q\xce\xc0\x80\x1e\xd5O\xd6\x1aJ\x05)\x97QTq\xc2s\xa8\x86ORg\x02\x98&gt;T@\xf300\xd4\x88\x8bQ|2~\xcb\x10_\xc6MT\xd32}\xfa\xcddd]JUJ2\x15\x07J\x91"j\xeb\xe2\x96\n\xad\xa3\xa2b\xfd\x80\xd2b\xb7\x84\x93ki\x8a\x9bab&amp;\x15\x92+Q4u\xcc\xa8Q#\xfc\xe8\xc5\x98\x88\xdc\x9a\xbc\xa3\x9e\xc9\xcf\x14\x91O\xe5\x81\xb0\x17\xbe\xd2B&lt;\xb1\xf9.!V \xff&gt;\xf9\xcb6\x125\x05p\'\x8b\r\x07lOaGb\x9e0\xbd\xc56tGuZA\x1c\xe2\xb3\x97B\x82J;D2\x17\xf8\xba\x84\xb9\x82k\xe9\xd2\xf2\xf4\x9eL"\x9a~\xa9\x8e\xd8\x80\x9cq\x84\xf8\x91m/\xc9\\\x1dR\x07\xcb\xfbVB\x05\xc4\xa9\xaal\xf2\xba,\xfa\xb4\xc1eLar4\x00\xd4\xb2X\x02\xc6?\x90\xb4\r\x0c\x14\x0c\xad\x0b\x8c\x15JX@fu)\\`Rd\xb8D\xbeN#\xc8Em\x89\x96\xacH\xf2\xf1\xdf\x08\xc4y\xb9\xaa\xb5Un\x15AIc\xe7p\xebK4\n6\xf8\xfbB&lt;RR\xfc\x13C\xa8\xac\xec# \xcd5\x11\x00\x06\x16\x00pD\xde\xf09\x82p\x9e\x1a\xb2\xc7w\x86@D\x96\xacA\xdc\xb70\xbf\xbc\xbcb\xad%\xc2\xcd\xde\xe6\xa8\x80\x91\xa5\xcd\xee(3\xcd\xf9\xb9\xd9#G\x8e\xf5\xbb\xdd\xcd\xcdU\x0b\x94gY\xa3\x99g\xcdlvvanvnnn\xee\xe8\x91\xc33\xed\xbc\xd90y\x86\xd6R\xa7\xdb?wamm}\xd3Zv\x9bh\xce\x8d(C\x0bE1\x02K8\xbf\xdf,?6\x18\xf6\xdb\xed\xb9\xe3W\x9fX_\xbe\xb0\xb2\xba\x8c\x047\xddp\xcd\xfc\xcc\xcc\xc5\x8b\x97FE\xb1\xb6\xbe\xf9\xc4\xf9\xb5\x03\xcdv\x7fh?\xf7pg4\xf4l~t\xa5wd~\xe6\xc2f\x18\x01\xba\x1dc\xb6\xab+Lx\x98:`\x1c\xbat\xe8\x16\x02\xa5)L\x93\xe2Y\xec\xc5\x13\xc8\x80p\xacW\x9d*nU"Dwt\xb2o\x1f\x08\xa7?\x13\x83\xfb@p\xe8{\xa0[8\xf2\x16If\xf2\xf0\xc7[\x81\xbd\xe1\xd3\x02\xa2?3\x90\x10\xf5\x06\xc4\x90X\xf7\xbb\xe0\xe3\xecI\x8a]R\x82\xa8\xe3&gt;\xca\xc5\xe9\x93\x95\x9d\xcc\n\x0c"\x94\x05*\xa9c\xa8\x82\xc7\xf0\x82\x7f\x11\xb8\x05)\xbcM\x0c\xe6Qs\x95_ja\xeb\xd7l"a\x00~\x83\xa8jH\x95a\n\x13\xc3b\xa6t\xa0\x18\xeb W\x99\xf9\x151.\x9a\xbf\x02\xdb\'J\xcc\x10u;a\x1a\xa4\xe8\x02\xc5\xefj\x12b\xf2wg\x98\x0ek\x7f\x8cy7\xcd\xb7\xadGS\x91\xa3\x14c\xaa7\x81E_\xb2\x90\x12p9z\xce\xd4u\xdfZ\xe1\xa5\xd8\xe5\xe4{\x06\xe8\xbd\xb0\x17\x9e\xe2\x81\x00n&lt;H7\x1e\x84\xfb/\x02@\xb0D\x97\xc5\x01\x01\xe83\xc5\xa0j\xf6\x1a?\xc7\x06\xc8Vz?.\xa0\xc2)Z;\x05Qk#\xddL4\x08\r3J\xc5\xa6\x0e6\xfa\x07\xd6\xbcQX?R\xe5\xdcW\xe3\xce[v\xae\x10\x01l\x813\xdd\xba\xeb\xf9@a;\x04\x00\xe4\x93\x9fE\x13E\xfe \x95e\x95\x87=8\xd8W"\x14\xcdE\xb0:\x12As.\xcf\xdb\xc4#N(+\xb8r\x11r\x06\xe5\xa8-\t\x94m\\t!d3\x00\x00\x84\x13?H\xb5\x91\xc6\xd1\x0c\x10\x15\xf4\x15So\xe4RD\xced\xae})\xb4j\x0e\xe5G\xe74\xe1\xe1v\xe0\x9e\xae\xa9\x06\x84$\x0c\xd5\\\x96\x82\xd0\xb7\x9a\xa4\x08\xfd\\\xb1\xbd\x8c\xa8\x04\x86\xa6\x18_\xc5\x91\x07\xbd\t1\xd8X(\x8d8\x11\xf3\x05\x9c\x9e\xc0J\x00\x10+\xbc\xe6\xbb.7\xa8h\xa5l\xf5S\xe5\xd7\x14\xb4\xd7\xd1\xc7\x0fT\xf7\xa24\xfe\xab\x80r\xf2}KPxR~\xd5\x91\xe2\xcd\x97\xd5I0\x8eQ\xc3\xcb-\x06L\xf9Q\x13\x0b\xa4\xf0\x94!X\xf9\xe8\x7fR\x15\xfbL\x12\xcd7\xb0&gt;5\xc87:\xb2\xae\x18B\xc9A\x0f\x01\x10\xc8\xa6\xae\x90{\xe1+\'\x90\xdaV\xc2\x92ML\xb6|\\\x00\xcb\x7fT\xfb\xd31\x18\'\xa2!\xc96\x00R\xa6&amp;\x08=L\xa1\x02\x16L\x89`\x945\xea\x18-\x844"\x10c\xf9\x9b\x8c\x95\x18I\xf8\xc1\xa4\xa64\xe0\t]\x11P\xe6ND\x17\x04\x18\xe3n\xd0\x15\xc7\xbf\x88\x87A\xd8\xa0z\xa0R\xb6\xb5\xa1N,L\x14X\xa4\x99\n\x90H\x00T\x1f\x98jad4\xed\xc6\x88Q\xa5+\x89\x08\xbf\x00\xaf\x88\xab\x99L#\x0c\x07L\x1c\xa8vR=C\x12\x07J\x82\x13\xb4\x80\xa6hr\x8f)C\xf0F=J\xb8\xe1J\xd2\x18!:\x0e\x8d)0\\\xdd\x8a\x16TG\xb4!\x8b\xda89\x81\xea*\x06\xc0\xbb1 \x00\xc8u\x12\xbe|"\x18\x92q\xa7\xcd\x84\x9dn\xc8\xbe\x1a\x04\x16\xbd7*Y*\n\xdb\x1b\x0cW\xd6\xd6\xd7V.afZ\xad6\x80\xed\x0f\x87y\xd64\xc6\x00B\x8e\xe6\xba\x1b\xae\x1d\x8e\x8asg\xcc\xec\xfc\xe2\xfc\xc2B\xb3\xd9j\xb6\xb2\xe3G\x0f/\xcc\xb6Z\xad\x06"\x18\x03D\xb0\xbe\xd1}\xec\xcc\xf2\xc6f/\xcb\x90\x08\xfa\xc3\x82\xd0\x90i\x98\xe6\xac%\xa2A\xdf\x16\xb6\x99g\xed\x9c:\xcd\x85\xbc58|\xf4\xf0\x89+\x8f}\xf2\x91\x87\x88\xc0\x004\xf3\xc6F\xa7w\xf6\x89s\xadf\x96\xa3=sqc8\xb7\xf4\xc4\xf9\xee`\x80\x04`-e\x06\x1f&gt;\xdf?\xb4/o7\xf3\xa8\xf9R\x80\x06\x90\xda\x19\xbd#\x88jj\xff^\xb5\x02\xb9v\xe0\x16\x86\xa4A}\xf7P\x03Q\xfc\x1f\x92\xdb\xa1\x91\x9b\t\x80\xef\xbc\xf6}"\xf8K\xb8f\xe1C\xa3\xd9\x95\xdbKD\xb9\x92T\x93\x9a\x8e`\x8a\x17[X\x9c\x92\x01d\xb7b2\xbe\x7f\xf8\xf4\xe5\xc9\x18c\xcf\x8f\xd0\x1b#\x0f\x18.G\xc5\xd4\xfb6d\xe8\x05A\n\x81\xa7U\xb6d\x96qr&gt;\x0f\x9b\xe0\x89\xc0\x02\x19\x82dOI2\x1d\x88\xccV\xab\x0b\xe5 \x85\x84=\x94\x8a\x18eg\'=A\xa8\x19(\xd4Ee\xc5\xe4\x88\x18QjG\x89\x03[9#m\x0b\xb8:M\xb6\x95\xe8\xb5\xf1\xb5x\x1eW\xceV!nil\xd4\x7f\xddF\x98.\xfd\x84\xba\x8d\xfd\xfa%\x87\xb0)\x01;\'h\xeb9L\xd31\xa6\xc9e\xfa\xc8{\x06\xe8\xbd\xb0\x17\x9e\xcaA\x83\xf3\x1b\x0f\x86\x7fk#\x03&lt;p\x11\xfe\xeaT\xb4\xadRCvJqR\t\xbe\xa8\x80\xa5\x08\x89:\xa2#D/}\xd1\xe5\xd3\x1c\x01 \xf8\'$\xef\x02\xbc"e@\x8f3\x07\x00T\xa6g\xf7\xe0\xb0\xbe\x15\x00\' 2\x14\x1d\xed\xaf2\n\xa7"\x86\xb8\xc8\xef%)[\x84\xa5&gt;\x01\xbepiD\x14\x94y\x07\xb91x\x07\xa4\xdb[\x85\xfb\x06\x19\x823\x19\xc2\t\x8c\x10\x94W^"\x0e\x08\x14\xa3\x88R\x97(\xa0\x90p\x00\xadp\x93\xff\x1f\x90\x1c\t\x87\x1c\xbaGe{\x08\'o\xcb\xd9\xcf\xbe\x82\xf1D\xa5\xce\x8c\x83\xd2!k\x80\x00|}|\xcc\x05\xd4\xbf\x92n\xa2Q++f\xee\x82\xa0\x00OY\rt|\x0e\xb6\x86\xa0\x84\xa8F\x07\xf5I\xaf&amp;\x10D15\x93\x81O\x8c\x13b\xe4\xa5&amp;{b\xf0\xd1cx\x18\x11\x80\x15\xcaL\xcd\x8f4\xdf\x08\x13\x97b\xd6\x8d\xf4q\xb9\x91z\x1e\x9f6\xa9|I\'\x84*\xaf\xf3(m\x95\xc0\x99\x10j\xf0\xf1\xb8\xdai\xce\'V\x03\x8a\xbe\x87\xf7\xa5\xe4\xe55\x93)H\x8b&gt;\xd1\x14\xd1|\xcc\x12\xff\xf5\xefD[\xd0N\x98\x01\xc4\xc7\x9bf\xd9\x07U|8\xc3p\xc4i*\xb6\x17\x9eb\x81X\x8eQ$8\x9c9,\xf8\xb6z\xb9\xe4E\xba\xbb\x93V\x9d\xd2\x84b\xd2K\xfc\xf80\xfa\x97ge\xdekDa\x1bM\xb0S \x803\xeb\xe8\xee\xe8r\xb0l%q\xdd;\x14\xa5\x06/qL\x9f\xaf\xacB\xeb*\xfb\xbf5N\xd7q\xb9\x04\x10\xd6\x82\xbc\xbb$\xd7:\x98;$\xc7\xd4\xf0Aa\x9aM\x07\xfe\x98\xf1V!w\xc7\x8fN\x96\xfc\xc9\x02\x15\xe8C$(b\x1a\xa5\x86?\x01\x10\x8a\xc4\x98\xf8\nf1\xe7\x93}\xeb\xf5\xa6\x13\x9e\xe6@\xb1I\x17\xaf*$0\xccC5\xdeL\x86|!\xa1H\xb9\xa44\x8c_\x05\x9b5\x85^\x08b\xc5*\xa5\xd5\xe2S7\xa5\x86f\x02-0*L\x8e#\x96\xcc\xf9\x187`&lt;\xe9"\x00\x11@+\xb7\xb6PW\x1d\x02\x19\xfd\x83\x9c\xd73d\x08h\xd0Z\x1a\x8d\x8aN\xa7\xb7\xb1\xb11\x1a\x0e2h\xb4gg\x1a\r\xd3\xef\x0f\xdb\x0b\xad\xb9v\xa37 Dl\xe6\xf9\r7]\xb7tpivvf\xa6\xd9l\xb5\xf2FF\x8b\xf3m\xb7\x7f\xceZ\xea\xf7G\x17\xd76\xfe\xf6\xd3_Dc\x8e\x1d\xbb\x02\x10\xc0Z2y6{\x00\n\x9b\xb7\xe6\xba\x9d\xbe\xc9\xf0\xc8\\\xd6\xc8F@vuv!\xefn\x0e\x87\xc3\xf5\x8d\xcd\xa2\x18e\x00\x80\x8d\xbc\xd1x\xfc\xd13\xeb\x1b\x9b\x08\xd8h4\xce\\\x1c\x9c\xef_\x18\x9a\xd6\xc84-\xa3MKv\xa9e\xfbDbJ\x0e\xbe\xcb\x10&amp;&amp;\x0c\xd5\rm`\x10\xe58o\x16\x0f\x18.\x08W\x03_00\xa86\xe26\x91,I\xffc\xb8t\xd7\x1c\x96\xf4W"e.\x16\x02\x10\xd0\x00\x1aD\x83Zc\xd1\xd21"@\xea\x1a|\x9b]5\x10\x80Pf]B\xca\xfc\xcc\x9d\xce\xde\xe5\xe1F\xaa\xc2\x14\xbd-mU\xe5\n\xe9\x05\x18W\x062cx\xd9I\\\xed\x03?\xcb\xa5J51\x8c;\x81\'\xfe8=\x99:\x84\xfd\xeehB\x8aIJ\xc9\xe5a\xc6\xf0DI\x81heG\x01o\x9fI\t&amp;\x13\x06Y\xe7\xc4L\xece\x82&lt;\x06=\xd3Ba\xb5\xf0\xbd\xf4\xba\x12{M\x11\xc6\xc6\xaf\xffX\xfde\xfa\xc2\xeb&amp;\x9a\xc9\xd3^\xdd\x0b\xac\xcan\x8b\xb9\xd5\xbe\x9e\xbab[e\xff\xae\x87\x94\x80\xdd%h\xba\xdc\xb6\xda\r\xa6\x8d0M\xec\xb8\x0f\xec\x19\xa0\xf7\xc2^x\xca\x86*\x8c1&gt;2\x00\xc0\r\x07\x01\x00\xeez\xcc\xbfO\xf0t\xa5\x90!\xf5G\x9ca\x83.\xa2\xe1`]\xc0\xf4\x91\xa7\xf9\xf4D\x8fHO\x89\x01\x80\x9c\xcd\x15\xb4aQ^\x15\xc4\xd4i\xf9\xf4d\x026\xe9\xdahw\x9a\xcf\xc8x\x17\x0c\x7f\xcb\x86C\xc6\xeex\n\x83\xc8\xdb\xc1\xdc=3\x08\x08\x06@n\x19\x14\x8b\x8d\xf3\x01\x11\xf7f\xf4z\xa6\xa8\xd3\x1e\xfa\x08y\xfe\xdc\x86\x12 \x0ep\x1c=#\xa23\xa0\x1d\xcaS\x08\x11Yy#\xd5\x1d\x1c\x05D\xb2\xc1,\xe0?\x8f\xe0HL\x06L\x15\xc3\xb4\xd0\xc0\xb2\xa7O\x0c\xb2\x0et\x93\xbf\x93\n#\\\x8a\xc60#@\xf4\x04_\xb6A_\x161k\xd4&gt;;\xe7\xd7\xc2\xc7k\x07\x9d:\xe8\xc26\xee\x99\xee\xa2mG\xb9q\xb5F$\x00\xc3\xb8\x96/U\x97\x8e\xc0\x9c+\xf5p=ij8e\xbc\xa3_x\x99\xf6\xee8\x99\x81\x94\xff\xa9\x11#\x1e\x02\xe5\xf1\x12:%\xd3\x14\x8f\xbb\xb4d\xfd\xd5\xa5/\x0f^L\x9eC\x8f\xad\x18\xad\xb55M"T\xc9\x88\x89i\xd3H\x1a\xb1\'\x02$%zb\xbeS\x85rN\x13\x91n\x1d\xcc\xc7*J\xeb \xf88\xd8\xc6b4\xe4\xb6\x8djb\x05\xc3\x98\xa3\x89\xda\xa6\x15\xc5\x10?\xe9\x18&lt;\xdaK\xddn/|\xc5\x04=!\xf1\xb9U\xe0-\xd2,}"\x89D\x00\x18\x84&lt;\x00H\xb7"\xde\xe1\x1cVq\x93\x80\x01U\xc8&gt;\x17\x94yS\x17Q\x13PK\x14"\x80h\xffx4\xb9\xfa\t6\x88jm)\x0e\x85O\xd2\xb5\xc4\xeaA\x84\x963&amp;\x88\x96\x1e\xa5Dm}\xe6\x98\x13\xa4B\xd5\xccP\xa2\xc1\x01\x8a\xfa\xf5\xa11e\xa4\xf3\x9a&gt;\xf79Z_\x0f\x99\x91\x08\xa8R\xbe\x9a\x82d\x8e\x98\xc4\xc8\x1a\xba\xf5,\xa8\x1e\x1dyA\x8e\xa1\xbc\x03\x84\xe8,2y\xa9I\x92\x93\x95\x8dl5\x8b\x85aBp,\xdeYXW\xce\x11\n[1\x8d\xc2C\xe9i\x01\x06\xf2\xff#\x91\x1fl\xa6\x04@\xd4\xb7&lt;\x1a\x10\xc1\xdd\xab\xec\xd68\x88\xc0\x12\x1a\xc8\x8c_V\xc8\x8c\x19\x0e\x8b\xe1`\x88`\rX\x1a\xf5\x07\xbdN\xa7\xd3\x9b\x9b\x99A\x93\xe5\x19\x10@#7\xadfkq\xf6( \x18\x83\x99\x81V\xc3\x00\xd0\xb0\xb0\x83\xe1p\xedR\xf7\xfe\x87\xce,_\xbct\xe1\xdc\x85\xa3W\x1e\xcfsC\x00\x98\xe7\x83l\xff\xccL\xf3\xda\xa5\xec\x9e\xd3\x9dK\xbd\xd1L3[:\x9c\xcf6\xcc\xf9\xf5\xa2\xd1\x9em\xcc\xed[\xd87\xd7\xeb\x0f\xf3&lt;/F\x05\x82]\xdb\xd8\x9c\x99m\x17\xc5\x88\x00:\x9d\xee\xe6\xca}f\xe1\x8a\xd6\x15\xd7g\xb9\x87d\xd6Z \x18\x8e\x86\x87\x16\x9b\xcb\x1d\xeeN\xe2\x01\x1d\xdb\x91\xd1\x8f\x14\x02wc\x08\xa2\t&lt;\xf6|\xd2\xa9B\x0318\x8cw\xe6\x01\x85~\xec\x9f\x1d\x86&amp;\xee\xf5"C\xa2A\x85\xfehi&gt;\xca\xde\xb5\x0f\x81\xdb\x16\xa9DM\xd23d\x16\x8dW:\x82\xa7=\xbbE\x84\x15=R5@\xb5\xf1\xd0\xa5B!4.*\x19\'\xc42P\xd1\xe2E0\xe9&lt;\x9d\xa4\x93m\x84\xa2\x17\x85\xa5\x18\xf6\xb2\x87\xc8\r\xb8\xbc\x81\xc0\x04\xffg\x00\x00\xe7\xc1\r\x80\x06\xc1\x86\x02\xa26Br\x17\x86{E\xca\xaa\xefU\x12\x8d\x02\xdfR6\'\xbf\x91\x84\xef\xe9\x97\xe89\xdab\xa1\xc6)W\x1e\xd4\xe1\x1cuT\xc5$lI\xd8U\x8a\x91\x89\xf1\xb6\x17c\x87\tK\xf1\xb0\xf2G9\xbbJ\x96M\xc9\xadI\xc4m\xbb\xd6\x93s\x99\x02\xf4\x96\x07\xfbe\tc\xb3\xddI\x99\x13\xd3b\xc5\xd3\x14y\xc5\x91\xf7\x0c\xd0{a/&lt;u\xc3\xd4\xd6g\x80hz\xbf\xe1\x00\x00\xc0]\xa7\xc2Rp\xac7\xa5\x01\xb9(\x01fr8`2\x15\x95\x8d;\xe3\xd4#\x01\xe4\xf2\x8e\xed#U{\xbed\x99\x9aS\x82\xa0(U\xa8R\x13\xfc\x7fj\xc2#\x80,\xba\xc6O\xf4\x002\xfeX=2\x80\x80~\xe3\x9b\x9c\xc8\x81\xbe|\xef\xe4B\x01\xc1\xf8:\x84\x95\xfc\xa4Q\x82\x9a\xcbuB\xc7\xc8\x00)\x81\x9d/$C\xbf\x9b\x93?;\xbd\xdf\xc1E\xf4\xbe2\x118b\xc8\xcd\xac\x90\xe3\x96Am\\t\xdf\x13v0\x8d\x89\x1a\x16\xd8\xc3\x9aT\xda1\xfc\xa5\x85\x1e_3\xbc\x05\x92S#D\xc1\x12&lt;\x17\xfc\xb2A\xbd\xf252\xce\xfd\x92\xe28Ni\x11\x85\xc1\xe7\xec\xcf\x823\xde\xcc\x0c\x96\xc0z\x1f\x15&amp;&gt;xx\xc50\\\xad\x9f\xe8\xf6\x89k\xe6\r"\xa8~reb0\xca\x86\x12\x9dy\xe8\xba\x14q5\x19\x1a\x81\xa7\x93\x06q@\xefJ\xcf\x08\x9f\xb6\x0eCP\xfd\xa9\xc4\xea\xe3\xb3\x1c?\xb4\xa7\xfaZ\xa7H\x08Ic\xf2\x1d\x93\xfb\x98\x84\x94\xbe\xd8Z\x982\xcd\x18l]\x96\x8cq\xbaD\xf9\x19S8q\xfcD\\\xeb\xfe\t\x10\xe4d\xa2!\x88`,}qy\x86\xff\x890\xd9\x0b_q\xc1\x1fv\x1a\xb6\xb2\xcb\xbef\xd4V\xe6\xd0\xab\xbdm\x07P\xae\xdb\xe3\xee\x19\xcd\x94\x91\xa1S\x92\xd6\xc1\x06\'\x0fTOD\x11\xceZ0\x8b\x84\x14\xf1\x92\xe8DV\xe5I\x10\xbb?#\xc8\xa4\x03eG\xbfJ\xde\xc4\x96\x0bM{ty\x1c\x00\x10X\xb1oU\xa7\nd\xf3\x9d\x07\xb5\x14DS\x12G\x1c\x83\xd9\xa6~\x9b~\x14d\xe4\x1a\xd5\x02\x18q\xd6\xadOY\x7f?\xd8\xe4\x10\x81@\xf0HR\x1d\xe1\xc1\x0b\xe6b\xd9\xd5&amp;K\x8c[\xbcF\x08\xfb\xc8\xa1\xc8\nB+%m\xc5\x87$N\xfa5\xf4n}\x08\x0b\xc9yer\xd5\x9b*F\xcd\xed\xd4\xccl\xbf\xe0O@\xeeL\x03p\xa7;\x039\xad\xde\xa0i\x18@Dwc\xe1h4\x1c\x0e\xfbh\x90\xc8\x1a\x83\xa3\xe1hum\r\x01\x17\xf7-\xb6Z\r\x000\x00\x85\xf5c\xd1 \x10\xd1f\xb7\xdf\xed\xf56;\x9b\x97.u\xce/w\xce\x9d\xbd\xd8\xef\xf6\xe6\xf7\xed\xdf\xb78\xb30\xdf\x9a\x99i\xaev\x8b\xe1F\xfb\x8aY\xd3\x1d\x16\x0f\x9f\xef\x91\xc9\xb2E\x9ck\x1aC\xb67\x18\xb5f\xdav4\xbf0\xdb\\]]\x014h \xcf\x1b\xa3\x11\xcd\xcc6\x87#K\x04]\xbbQ@\x86\xfd\r\xeaua\xbea\x01\x9d\x01\x1d\x11\x1e[\x19]{\x90\x96e2\xe2cy\xd2\xf1\xeb0\x15\xb9Dl\xb6\x95\xc5\x03\xdd&lt;\nu\x1b\x86e\xc4\xf9\x93D\xf2\x13g\x88\x00J\x10\xe8S\xcb\xad`t\xf0"\xc3\x11\xe3\xda\xcd\n\xe4\xe3&amp;4\xca\xe9\x04xv\xd6\xb2\xc0\xd9\xb0\xf5zQ\xa0\x18AY\x97\xd5(B&gt;\xaf\x08A6"\x89\x04\xd0\xa2\x00!\x1aAI$\xb5\xd5\xc1\xe9\x0f\x84\x16\xc3%3\x10|x\xa4\xe3\x8a\xe6!\xc26\x19\x0b\xf2\xd3\xa0s\xb9A\xe5\x8e\xc3\xa6m \xa7d\xcac\xd3\x00\x00 \x00IDAT&amp;\xd8p\x16H\x18\x1a\xa4\xd6[\x14\xaf\xf4\xcc\x90\x8e;\xf4\xa2;000A\xf1\xcf\x0b\x10\xcd\x91 \xce \r\x18&amp; \xa3Ny\x120\xa5\xe7\xa6\x08\xa4\x95\xb2\x9f\x1c&amp;D\xba\x8c\xc8tW\xb2\xc3\xda\x1f\xe3\x12l\x8d\xc2R\xec]\xae\xe04\x99b\xd5\xe3\x0ef\xb7\xc9az\xb6\xef~\xf6Q\xbc-\x945E\xd4=\x03\xf4^\xd8\x0bO\xcd\xb0%\xe33@\nRn8\x08\x87g\xe1\x8e\xbfg\x1c\xaf\xe6h\xd0\x90:\xe8\x00\xa9[\x00\xd4\x8b \xaczN\xf0\x80Sp\xc3\xec\x1e|\x1f0\xb1\xa4$\xb9\xb1UU\xf0\x0c\xc9I\x15R\x17#\xb8\x8du\x99\xd2\xd9\xc9\xce\xa2K\x08\x80~\x9d\xdf#0\xe4-[\xc6\xed\xf8\x8b+).\x18\xe2\xceB\xec\x89$\x08\xd4m6\x14\xef\xec\xf0\x15\x10\xfd\x11i\xfe\x94\x0f\x0bd\x98!\xa5\xd9\x9d\xc1\x1f:\xe4\x08\x16\xc98\r\xb7j\x82dT\'\xfa\x0c{^)\x1a\x82\xb2\xc4:\x8fF\xcc\x95\xad\xe9"\xc8\x06C\xb7\xfd\x13\xd1\xe9\xd5r\x17\x90\xffK\xe8nP\x89\x0e\xe0#u\xc2l\x82\x0b]\x16\x00\xdeC\x8c|\r\xbc/E\xb0\x1a(\xe2x\xe5\x03%s\xc9Je\x02\x8c\x7f\xd3J\x85s-\xd5\x954\x95U\x96O\xae\xbb%\xf0\xc3c\xdc$\x01\xf8\x9a\x1a*\xc5\xa9\x86\xbeLU\xf2A\xfb\xc3T&amp;\xe0\x8a\xd7\xe60u\x90\x0e\x12r\xa8+4.\xb1"m\x9c\xb0L[yDW\x92=U\xa5J\x91\xaaSU\n\x91\xd4\xdaQS\xd8$PX\xdf85\t&amp;}\xd7\xc20\x84\x12a\xc8\xca\xe2\x04\xb5\'\xb2\xdf\xb0te![I\x11\xcb\x10rg\xfaFI\xf6\xc2WR\xa0h\xe6\xf7\x13\x10\xf0\xfc"3]y\x8dC\xe6Z\xbf\xc5\x9cg\xc9\xd8\\\x10\xed+\x97\xc5Vg\xf2\xd1\xb7\x0b\xca\xd6\x16\x08S\x7f&lt;\x00\xdc\'\x99\x94\x95\x0e\x95\xcap\x19bn2\x15b\xb4\x9f\xf5\xc41\xc5\xd1\xead\x93\xe5\xf3Cxj`\x08\x12\t\xc1tu\x9d$*\x96\xdfG"\xaeJ\x0b\xae\x16\x16T\xfa\x80\xea-&amp;_\xf9Gy\xb0S\xcc\xbdH\xfe\xc7\x05$El)T\xa7@nsA\x06L\xb9\xf3\x12\xd0E!\xb2H$\x8f\xb3B\xcee~a\x80UJ"\xd6L\xd6\t\xf6\xa8j~L\xda/i\xe1`\xc7S]T@\x85\x9e\xd6\xdd\xbf\x04d\xa93""\xb2\x00`'... (set the log level to DEBUG or TRACE to see the full content) 
 </msg>
<msg time="2026-03-03T03:58:21.694447" level="INFO">POST Response : url=http://localhost:8080/api/users 
 status=201, reason=Created 
 headers={'Content-Security-Policy': "default-src 'self';base-uri 'self';font-src 'self' https: data:;form-action 'self';frame-ancestors 'self';img-src 'self' data:;object-src 'none';script-src 'self';script-src-attr 'none';style-src 'self' https: 'unsafe-inline';upgrade-insecure-requests", 'Cross-Origin-Opener-Policy': 'same-origin', 'Cross-Origin-Resource-Policy': 'same-origin', 'Origin-Agent-Cluster': '?1', 'Referrer-Policy': 'no-referrer', 'Strict-Transport-Security': 'max-age=15552000; includeSubDomains', 'X-Content-Type-Options': 'nosniff', 'X-DNS-Prefetch-Control': 'off', 'X-Download-Options': 'noopen', 'X-Frame-Options': 'SAMEORIGIN', 'X-Permitted-Cross-Domain-Policies': 'none', 'X-XSS-Protection': '0', 'Vary': 'Origin', 'Access-Control-Allow-Credentials': 'true', 'Content-Type': 'application/json; charset=utf-8', 'Content-Length': '859', 'ETag': 'W/"35b-/46RicXtNRmmzb+qTm1lboV8stw"', 'Date': 'Mon, 02 Mar 2026 20:58:21 GMT', 'Connection': 'keep-alive', 'Keep-Alive': 'timeout=5'} 
 body={"success":true,"message":"User created successfully. Please wait for verification.","data":{"id":"cmm9nv5h2005jvj2g9mjwls1j","username":"tester","email":"tester1@gmail.com","firstName":"John","lastName":"Doe","gender":"MALE","phoneNumber":"0123456789","profilePicture":null,"nationalIdNumber":"1234567891232","nationalIdPhotoUrl":"https://res.cloudinary.com/dmicvyxru/image/upload/v1772485101/painamnae/national_ids/kmqjqt6l6eo5dwcgbriz.png","nationalIdExpiryDate":"2547-06-06T00:00:00.000Z","selfiePhotoUrl":"https://res.cloudinary.com/dmicvyxru/image/upload/v1772485101/painamnae/selfies/jmd2mcdxsp4sj143jbxg.png","role":"PASSENGER","isVerified":false,"isActive":true,"otpCode":null,"lastLogin":null,"createdAt":"2026-03-02T20:58:21.686Z","updatedAt":"2026-03-02T20:58:21.686Z","passengerSuspendedUntil":null,"driverSuspendedUntil":null,"isDeleted":false}} 
 </msg>
<msg time="2026-03-03T03:58:21.694571" level="INFO">${response} = &lt;Response [201]&gt;</msg>
<var>${response}</var>
<arg>mysession</arg>
<arg>${ENDPOINT}</arg>
<arg>data=${form_data}</arg>
<arg>files=${files}</arg>
<doc>Sends a POST request on a previously created HTTP Session.</doc>
<status status="PASS" start="2026-03-03T03:58:17.366326" elapsed="4.328266"/>
</kw>
<kw name="Set Variable" owner="BuiltIn">
<msg time="2026-03-03T03:58:21.695288" level="INFO">${body} = {'success': True, 'message': 'User created successfully. Please wait for verification.', 'data': {'id': 'cmm9nv5h2005jvj2g9mjwls1j', 'username': 'tester', 'email': 'tester1@gmail.com', 'firstName': 'J...</msg>
<var>${body}</var>
<arg>${response.json()}</arg>
<doc>Returns the given values which can then be assigned to a variables.</doc>
<status status="PASS" start="2026-03-03T03:58:21.694723" elapsed="0.000590"/>
</kw>
<kw name="Set Variable" owner="BuiltIn">
<msg time="2026-03-03T03:58:21.695829" level="INFO">${user_id} = cmm9nv5h2005jvj2g9mjwls1j</msg>
<var>${user_id}</var>
<arg>${body["data"]["id"]}</arg>
<doc>Returns the given values which can then be assigned to a variables.</doc>
<status status="PASS" start="2026-03-03T03:58:21.695411" elapsed="0.000444"/>
</kw>
<kw name="Set Test Variable" owner="BuiltIn">
<msg time="2026-03-03T03:58:21.696157" level="INFO">${USER_ID} = cmm9nv5h2005jvj2g9mjwls1j</msg>
<arg>${USER_ID}</arg>
<arg>${user_id}</arg>
<doc>Makes a variable available everywhere within the scope of the current test.</doc>
<status status="PASS" start="2026-03-03T03:58:21.695944" elapsed="0.000246"/>
</kw>
<kw name="Status Should Be" owner="RequestsLibrary">
<arg>201</arg>
<arg>${response}</arg>
<doc>Fails if response status code is different than the expected.</doc>
<status status="PASS" start="2026-03-03T03:58:21.696269" elapsed="0.000357"/>
</kw>
<kw name="Log" owner="BuiltIn">
<msg time="2026-03-03T03:58:21.697158" level="INFO">{"success":true,"message":"User created successfully. Please wait for verification.","data":{"id":"cmm9nv5h2005jvj2g9mjwls1j","username":"tester","email":"tester1@gmail.com","firstName":"John","lastName":"Doe","gender":"MALE","phoneNumber":"0123456789","profilePicture":null,"nationalIdNumber":"1234567891232","nationalIdPhotoUrl":"https://res.cloudinary.com/dmicvyxru/image/upload/v1772485101/painamnae/national_ids/kmqjqt6l6eo5dwcgbriz.png","nationalIdExpiryDate":"2547-06-06T00:00:00.000Z","selfiePhotoUrl":"https://res.cloudinary.com/dmicvyxru/image/upload/v1772485101/painamnae/selfies/jmd2mcdxsp4sj143jbxg.png","role":"PASSENGER","isVerified":false,"isActive":true,"otpCode":null,"lastLogin":null,"createdAt":"2026-03-02T20:58:21.686Z","updatedAt":"2026-03-02T20:58:21.686Z","passengerSuspendedUntil":null,"driverSuspendedUntil":null,"isDeleted":false}}</msg>
<arg>${response.text}</arg>
<doc>Logs the given message with the given level.</doc>
<status status="PASS" start="2026-03-03T03:58:21.696739" elapsed="0.000458"/>
</kw>
<status status="PASS" start="2026-03-03T03:58:17.363230" elapsed="4.334026"/>
</kw>
<kw name="Background login">
<kw name="Create Session" owner="RequestsLibrary">
<msg time="2026-03-03T03:58:21.697745" level="INFO">Creating Session using : alias=mysession, url=http://localhost:8080, headers={},                     cookies={}, auth=None, timeout=None, proxies=None, verify=False,                     debug=0 </msg>
<arg>mysession</arg>
<arg>${URL}</arg>
<doc>Create Session: create a HTTP session to a server</doc>
<status status="PASS" start="2026-03-03T03:58:21.697657" elapsed="0.000189"/>
</kw>
<kw name="Create Dictionary" owner="BuiltIn">
<msg time="2026-03-03T03:58:21.698183" level="INFO">${login_payload} = {'username': 'tester', 'password': 'tester555'}</msg>
<var>${login_payload}</var>
<arg>username=${username}</arg>
<arg>password=${password}</arg>
<doc>Creates and returns a dictionary based on the given ``items``.</doc>
<status status="PASS" start="2026-03-03T03:58:21.697932" elapsed="0.000272"/>
</kw>
<kw name="POST On Session" owner="RequestsLibrary">
<msg time="2026-03-03T03:58:21.765844" level="INFO">POST Request : url=http://localhost:8080/api/auth/login 
 path_url=/api/auth/login 
 headers={'User-Agent': 'python-requests/2.32.5', 'Accept-Encoding': 'gzip, deflate, zstd', 'Accept': '*/*', 'Connection': 'keep-alive', 'Content-Length': '47', 'Content-Type': 'application/json'} 
 body=b'{"username": "tester", "password": "tester555"}' 
 </msg>
<msg time="2026-03-03T03:58:21.765923" level="INFO">POST Response : url=http://localhost:8080/api/auth/login 
 status=200, reason=OK 
 headers={'Content-Security-Policy': "default-src 'self';base-uri 'self';font-src 'self' https: data:;form-action 'self';frame-ancestors 'self';img-src 'self' data:;object-src 'none';script-src 'self';script-src-attr 'none';style-src 'self' https: 'unsafe-inline';upgrade-insecure-requests", 'Cross-Origin-Opener-Policy': 'same-origin', 'Cross-Origin-Resource-Policy': 'same-origin', 'Origin-Agent-Cluster': '?1', 'Referrer-Policy': 'no-referrer', 'Strict-Transport-Security': 'max-age=15552000; includeSubDomains', 'X-Content-Type-Options': 'nosniff', 'X-DNS-Prefetch-Control': 'off', 'X-Download-Options': 'noopen', 'X-Frame-Options': 'SAMEORIGIN', 'X-Permitted-Cross-Domain-Policies': 'none', 'X-XSS-Protection': '0', 'Vary': 'Origin', 'Access-Control-Allow-Credentials': 'true', 'Content-Type': 'application/json; charset=utf-8', 'Content-Length': '497', 'ETag': 'W/"1f1-Jx0BM16JWQ5735Kf88h5d0yCaE8"', 'Date': 'Mon, 02 Mar 2026 20:58:21 GMT', 'Connection': 'keep-alive', 'Keep-Alive': 'timeout=5'} 
 body={"success":true,"message":"Login successful","data":{"token":"eyJhbGciOiJIUzI1NiIsInR5cCI6IkpXVCJ9.eyJzdWIiOiJjbW05bnY1aDIwMDVqdmoyZzltandsczFqIiwicm9sZSI6IlBBU1NFTkdFUiIsImVtYWlsIjoidGVzdGVyMUBnbWFpbC5jb20iLCJpYXQiOjE3NzI0ODUxMDEsImV4cCI6MTc3MjQ4ODcwMX0.AK8flebl7H4j0RIcvZQUhOpzNmv8pzmW6wQarg2Wjsk","user":{"id":"cmm9nv5h2005jvj2g9mjwls1j","firstName":"John","lastName":"Doe","profilePicture":null,"role":"PASSENGER","passengerSuspendedUntil":null,"driverSuspendedUntil":null,"isDeleted":false}}} 
 </msg>
<msg time="2026-03-03T03:58:21.766029" level="INFO">${login_response} = &lt;Response [200]&gt;</msg>
<var>${login_response}</var>
<arg>mysession</arg>
<arg>/api/auth/login</arg>
<arg>json=${login_payload}</arg>
<doc>Sends a POST request on a previously created HTTP Session.</doc>
<status status="PASS" start="2026-03-03T03:58:21.698275" elapsed="0.067775"/>
</kw>
<kw name="Set Variable" owner="BuiltIn">
<msg time="2026-03-03T03:58:21.766683" level="INFO">${login_body} = {'success': True, 'message': 'Login successful', 'data': {'token': 'eyJhbGciOiJIUzI1NiIsInR5cCI6IkpXVCJ9.eyJzdWIiOiJjbW05bnY1aDIwMDVqdmoyZzltandsczFqIiwicm9sZSI6IlBBU1NFTkdFUiIsImVtYWlsIjoidGVzdGVyMUB...</msg>
<var>${login_body}</var>
<arg>${login_response.json()}</arg>
<doc>Returns the given values which can then be assigned to a variables.</doc>
<status status="PASS" start="2026-03-03T03:58:21.766174" elapsed="0.000536"/>
</kw>
<kw name="Set Test Variable" owner="BuiltIn">
<msg time="2026-03-03T03:58:21.767193" level="INFO">${ACCESS_TOKEN} = eyJhbGciOiJIUzI1NiIsInR5cCI6IkpXVCJ9.eyJzdWIiOiJjbW05bnY1aDIwMDVqdmoyZzltandsczFqIiwicm9sZSI6IlBBU1NFTkdFUiIsImVtYWlsIjoidGVzdGVyMUBnbWFpbC5jb20iLCJpYXQiOjE3NzI0ODUxMDEsImV4cCI6MTc3MjQ4ODcwMX0.AK8fleb...</msg>
<arg>${ACCESS_TOKEN}</arg>
<arg>${login_body["data"]["token"]}</arg>
<doc>Makes a variable available everywhere within the scope of the current test.</doc>
<status status="PASS" start="2026-03-03T03:58:21.766805" elapsed="0.000420"/>
</kw>
<status status="PASS" start="2026-03-03T03:58:21.697482" elapsed="0.069801"/>
</kw>
<kw name="Create Dictionary" owner="BuiltIn">
<msg time="2026-03-03T03:58:21.767813" level="INFO">${headers} = {'Authorization': 'Bearer eyJhbGciOiJIUzI1NiIsInR5cCI6IkpXVCJ9.eyJzdWIiOiJjbW05bnY1aDIwMDVqdmoyZzltandsczFqIiwicm9sZSI6IlBBU1NFTkdFUiIsImVtYWlsIjoidGVzdGVyMUBnbWFpbC5jb20iLCJpYXQiOjE3NzI0ODUxMDEsImV4c...</msg>
<var>${headers}</var>
<arg>Authorization=Bearer ${ACCESS_TOKEN}</arg>
<arg>Content-Type=application/json</arg>
<doc>Creates and returns a dictionary based on the given ``items``.</doc>
<status status="PASS" start="2026-03-03T03:58:21.767538" elapsed="0.000298"/>
</kw>
<kw name="Create Session" owner="RequestsLibrary">
<msg time="2026-03-03T03:58:21.768132" level="INFO">Creating Session using : alias=mysession, url=http://localhost:8080, headers={'Authorization': 'Bearer eyJhbGciOiJIUzI1NiIsInR5cCI6IkpXVCJ9.eyJzdWIiOiJjbW05bnY1aDIwMDVqdmoyZzltandsczFqIiwicm9sZSI6IlBBU1NFTkdFUiIsImVtYWlsIjoidGVzdGVyMUBnbWFpbC5jb20iLCJpYXQiOjE3NzI0ODUxMDEsImV4cCI6MTc3MjQ4ODcwMX0.AK8flebl7H4j0RIcvZQUhOpzNmv8pzmW6wQarg2Wjsk', 'Content-Type': 'application/json'},                     cookies={}, auth=None, timeout=None, proxies=None, verify=False,                     debug=0 </msg>
<arg>mysession</arg>
<arg>${URL}</arg>
<arg>headers=${headers}</arg>
<doc>Create Session: create a HTTP session to a server</doc>
<status status="PASS" start="2026-03-03T03:58:21.767982" elapsed="0.000244"/>
</kw>
<kw name="GET On Session" owner="RequestsLibrary">
<msg time="2026-03-03T03:58:21.776093" level="INFO">GET Request : url=http://localhost:8080/api/delete-request/check-infos 
 path_url=/api/delete-request/check-infos 
 headers={'User-Agent': 'python-requests/2.32.5', 'Accept-Encoding': 'gzip, deflate, zstd', 'Accept': '*/*', 'Connection': 'keep-alive', 'Authorization': 'Bearer eyJhbGciOiJIUzI1NiIsInR5cCI6IkpXVCJ9.eyJzdWIiOiJjbW05bnY1aDIwMDVqdmoyZzltandsczFqIiwicm9sZSI6IlBBU1NFTkdFUiIsImVtYWlsIjoidGVzdGVyMUBnbWFpbC5jb20iLCJpYXQiOjE3NzI0ODUxMDEsImV4cCI6MTc3MjQ4ODcwMX0.AK8flebl7H4j0RIcvZQUhOpzNmv8pzmW6wQarg2Wjsk', 'Content-Type': 'application/json'} 
 body=None 
 </msg>
<msg time="2026-03-03T03:58:21.776169" level="INFO">GET Response : url=http://localhost:8080/api/delete-request/check-infos 
 status=200, reason=OK 
 headers={'Content-Security-Policy': "default-src 'self';base-uri 'self';font-src 'self' https: data:;form-action 'self';frame-ancestors 'self';img-src 'self' data:;object-src 'none';script-src 'self';script-src-attr 'none';style-src 'self' https: 'unsafe-inline';upgrade-insecure-requests", 'Cross-Origin-Opener-Policy': 'same-origin', 'Cross-Origin-Resource-Policy': 'same-origin', 'Origin-Agent-Cluster': '?1', 'Referrer-Policy': 'no-referrer', 'Strict-Transport-Security': 'max-age=15552000; includeSubDomains', 'X-Content-Type-Options': 'nosniff', 'X-DNS-Prefetch-Control': 'off', 'X-Download-Options': 'noopen', 'X-Frame-Options': 'SAMEORIGIN', 'X-Permitted-Cross-Domain-Policies': 'none', 'X-XSS-Protection': '0', 'Vary': 'Origin', 'Access-Control-Allow-Credentials': 'true', 'Content-Type': 'application/json; charset=utf-8', 'Content-Length': '62', 'ETag': 'W/"3e-AaR3HqQ+GcxET/1S1X8Kpse3pP0"', 'Date': 'Mon, 02 Mar 2026 20:58:21 GMT', 'Connection': 'keep-alive', 'Keep-Alive': 'timeout=5'} 
 body={"user":true,"vehicles":false,"routes":false,"bookings":false} 
 </msg>
<msg time="2026-03-03T03:58:21.776259" level="INFO">${response} = &lt;Response [200]&gt;</msg>
<var>${response}</var>
<arg>mysession</arg>
<arg>/api/delete-request/check-infos</arg>
<doc>Sends a GET request on a previously created HTTP Session.</doc>
<status status="PASS" start="2026-03-03T03:58:21.768360" elapsed="0.007920"/>
</kw>
<kw name="Should Be Success Status">
<kw name="Should Be Equal As Integers" owner="BuiltIn">
<msg time="2026-03-03T03:58:21.777232" level="INFO">Argument types are:
&lt;class 'int'&gt;
&lt;class 'str'&gt;</msg>
<arg>${response.status_code}</arg>
<arg>${expected_status}</arg>
<doc>Fails if objects are unequal after converting them to integers.</doc>
<status status="PASS" start="2026-03-03T03:58:21.776782" elapsed="0.000502"/>
</kw>
<arg>${response}</arg>
<arg>200</arg>
<status status="PASS" start="2026-03-03T03:58:21.776517" elapsed="0.000822"/>
</kw>
<kw name="Set Variable" owner="BuiltIn">
<msg time="2026-03-03T03:58:21.777886" level="INFO">${json} = {'user': True, 'vehicles': False, 'routes': False, 'bookings': False}</msg>
<var>${json}</var>
<arg>${response.json()}</arg>
<doc>Returns the given values which can then be assigned to a variables.</doc>
<status status="PASS" start="2026-03-03T03:58:21.777476" elapsed="0.000440"/>
</kw>
<kw name="Dictionary Should Contain Key" owner="Collections">
<arg>${json}</arg>
<arg>user</arg>
<doc>Fails if ``key`` is not found from ``dictionary``.</doc>
<status status="PASS" start="2026-03-03T03:58:21.778050" elapsed="0.000130"/>
</kw>
<kw name="Dictionary Should Contain Key" owner="Collections">
<arg>${json}</arg>
<arg>vehicles</arg>
<doc>Fails if ``key`` is not found from ``dictionary``.</doc>
<status status="PASS" start="2026-03-03T03:58:21.778299" elapsed="0.000105"/>
</kw>
<kw name="Dictionary Should Contain Key" owner="Collections">
<arg>${json}</arg>
<arg>routes</arg>
<doc>Fails if ``key`` is not found from ``dictionary``.</doc>
<status status="PASS" start="2026-03-03T03:58:21.778586" elapsed="0.000097"/>
</kw>
<kw name="Dictionary Should Contain Key" owner="Collections">
<arg>${json}</arg>
<arg>bookings</arg>
<doc>Fails if ``key`` is not found from ``dictionary``.</doc>
<status status="PASS" start="2026-03-03T03:58:21.778789" elapsed="0.000089"/>
</kw>
<kw name="Delete Created User">
<kw name="Create Session" owner="RequestsLibrary">
<msg time="2026-03-03T03:58:21.779257" level="INFO">Creating Session using : alias=mysession, url=http://localhost:8080, headers={},                     cookies={}, auth=None, timeout=None, proxies=None, verify=False,                     debug=0 </msg>
<arg>mysession</arg>
<arg>${URL}</arg>
<doc>Create Session: create a HTTP session to a server</doc>
<status status="PASS" start="2026-03-03T03:58:21.779178" elapsed="0.000171"/>
</kw>
<kw name="Create Dictionary" owner="BuiltIn">
<msg time="2026-03-03T03:58:21.779687" level="INFO">${login_payload} = {'username': 'tester2', 'password': 'tester555'}</msg>
<var>${login_payload}</var>
<arg>username=${username2}</arg>
<arg>password=${password2}</arg>
<doc>Creates and returns a dictionary based on the given ``items``.</doc>
<status status="PASS" start="2026-03-03T03:58:21.779434" elapsed="0.000273"/>
</kw>
<kw name="POST On Session" owner="RequestsLibrary">
<msg time="2026-03-03T03:58:21.847033" level="INFO">POST Request : url=http://localhost:8080/api/auth/login 
 path_url=/api/auth/login 
 headers={'User-Agent': 'python-requests/2.32.5', 'Accept-Encoding': 'gzip, deflate, zstd', 'Accept': '*/*', 'Connection': 'keep-alive', 'Content-Length': '48', 'Content-Type': 'application/json'} 
 body=b'{"username": "tester2", "password": "tester555"}' 
 </msg>
<msg time="2026-03-03T03:58:21.847111" level="INFO">POST Response : url=http://localhost:8080/api/auth/login 
 status=200, reason=OK 
 headers={'Content-Security-Policy': "default-src 'self';base-uri 'self';font-src 'self' https: data:;form-action 'self';frame-ancestors 'self';img-src 'self' data:;object-src 'none';script-src 'self';script-src-attr 'none';style-src 'self' https: 'unsafe-inline';upgrade-insecure-requests", 'Cross-Origin-Opener-Policy': 'same-origin', 'Cross-Origin-Resource-Policy': 'same-origin', 'Origin-Agent-Cluster': '?1', 'Referrer-Policy': 'no-referrer', 'Strict-Transport-Security': 'max-age=15552000; includeSubDomains', 'X-Content-Type-Options': 'nosniff', 'X-DNS-Prefetch-Control': 'off', 'X-Download-Options': 'noopen', 'X-Frame-Options': 'SAMEORIGIN', 'X-Permitted-Cross-Domain-Policies': 'none', 'X-XSS-Protection': '0', 'Vary': 'Origin', 'Access-Control-Allow-Credentials': 'true', 'Content-Type': 'application/json; charset=utf-8', 'Content-Length': '488', 'ETag': 'W/"1e8-5GtMPWVKhoJt2hJZaqmr3h0Q4Pk"', 'Date': 'Mon, 02 Mar 2026 20:58:21 GMT', 'Connection': 'keep-alive', 'Keep-Alive': 'timeout=5'} 
 body={"success":true,"message":"Login successful","data":{"token":"eyJhbGciOiJIUzI1NiIsInR5cCI6IkpXVCJ9.eyJzdWIiOiJjbW05MzRrODEwMDBmdmoyZ3c1aDVnbXJnIiwicm9sZSI6IkFETUlOIiwiZW1haWwiOiJ0ZXN0ZXIyQGdtYWlsLmNvbSIsImlhdCI6MTc3MjQ4NTEwMSwiZXhwIjoxNzcyNDg4NzAxfQ.b_cUgjDnEHa3RlYqdALwrL7hX7k21ItKKOCbGxfil7Y","user":{"id":"cmm934k81000fvj2gw5h5gmrg","firstName":"Jane","lastName":"Doe","profilePicture":null,"role":"ADMIN","passengerSuspendedUntil":null,"driverSuspendedUntil":null,"isDeleted":false}}} 
 </msg>
<msg time="2026-03-03T03:58:21.847206" level="INFO">${login_response} = &lt;Response [200]&gt;</msg>
<var>${login_response}</var>
<arg>mysession</arg>
<arg>/api/auth/login</arg>
<arg>json=${login_payload}</arg>
<doc>Sends a POST request on a previously created HTTP Session.</doc>
<status status="PASS" start="2026-03-03T03:58:21.779792" elapsed="0.067434"/>
</kw>
<kw name="Set Variable" owner="BuiltIn">
<msg time="2026-03-03T03:58:21.847860" level="INFO">${login_body} = {'success': True, 'message': 'Login successful', 'data': {'token': 'eyJhbGciOiJIUzI1NiIsInR5cCI6IkpXVCJ9.eyJzdWIiOiJjbW05MzRrODEwMDBmdmoyZ3c1aDVnbXJnIiwicm9sZSI6IkFETUlOIiwiZW1haWwiOiJ0ZXN0ZXIyQGdtYWl...</msg>
<var>${login_body}</var>
<arg>${login_response.json()}</arg>
<doc>Returns the given values which can then be assigned to a variables.</doc>
<status status="PASS" start="2026-03-03T03:58:21.847351" elapsed="0.000536"/>
</kw>
<kw name="Set Test Variable" owner="BuiltIn">
<msg time="2026-03-03T03:58:21.848375" level="INFO">${ADMIN_TOKEN} = eyJhbGciOiJIUzI1NiIsInR5cCI6IkpXVCJ9.eyJzdWIiOiJjbW05MzRrODEwMDBmdmoyZ3c1aDVnbXJnIiwicm9sZSI6IkFETUlOIiwiZW1haWwiOiJ0ZXN0ZXIyQGdtYWlsLmNvbSIsImlhdCI6MTc3MjQ4NTEwMSwiZXhwIjoxNzcyNDg4NzAxfQ.b_cUgjDnEHa3...</msg>
<arg>${ADMIN_TOKEN}</arg>
<arg>${login_body["data"]["token"]}</arg>
<doc>Makes a variable available everywhere within the scope of the current test.</doc>
<status status="PASS" start="2026-03-03T03:58:21.847981" elapsed="0.000431"/>
</kw>
<kw name="Create Dictionary" owner="BuiltIn">
<msg time="2026-03-03T03:58:21.848719" level="INFO">${headers} = {'Authorization': 'Bearer eyJhbGciOiJIUzI1NiIsInR5cCI6IkpXVCJ9.eyJzdWIiOiJjbW05MzRrODEwMDBmdmoyZ3c1aDVnbXJnIiwicm9sZSI6IkFETUlOIiwiZW1haWwiOiJ0ZXN0ZXIyQGdtYWlsLmNvbSIsImlhdCI6MTc3MjQ4NTEwMSwiZXhwIjoxN...</msg>
<var>${headers}</var>
<arg>Authorization=Bearer ${ADMIN_TOKEN}</arg>
<doc>Creates and returns a dictionary based on the given ``items``.</doc>
<status status="PASS" start="2026-03-03T03:58:21.848497" elapsed="0.000242"/>
</kw>
<kw name="Run Keyword And Ignore Error" owner="BuiltIn">
<kw name="DELETE On Session" owner="RequestsLibrary">
<msg time="2026-03-03T03:58:21.853442" level="INFO">DELETE Request : url=http://localhost:8080/api/users/admin/cmm9nv5h2005jvj2g9mjwls1j 
 path_url=/api/users/admin/cmm9nv5h2005jvj2g9mjwls1j 
 headers={'User-Agent': 'python-requests/2.32.5', 'Accept-Encoding': 'gzip, deflate, zstd', 'Accept': '*/*', 'Connection': 'keep-alive', 'Authorization': 'Bearer eyJhbGciOiJIUzI1NiIsInR5cCI6IkpXVCJ9.eyJzdWIiOiJjbW05MzRrODEwMDBmdmoyZ3c1aDVnbXJnIiwicm9sZSI6IkFETUlOIiwiZW1haWwiOiJ0ZXN0ZXIyQGdtYWlsLmNvbSIsImlhdCI6MTc3MjQ4NTEwMSwiZXhwIjoxNzcyNDg4NzAxfQ.b_cUgjDnEHa3RlYqdALwrL7hX7k21ItKKOCbGxfil7Y', 'Content-Length': '0'} 
 body=None 
 </msg>
<msg time="2026-03-03T03:58:21.853513" level="INFO">DELETE Response : url=http://localhost:8080/api/users/admin/cmm9nv5h2005jvj2g9mjwls1j 
 status=200, reason=OK 
 headers={'Content-Security-Policy': "default-src 'self';base-uri 'self';font-src 'self' https: data:;form-action 'self';frame-ancestors 'self';img-src 'self' data:;object-src 'none';script-src 'self';script-src-attr 'none';style-src 'self' https: 'unsafe-inline';upgrade-insecure-requests", 'Cross-Origin-Opener-Policy': 'same-origin', 'Cross-Origin-Resource-Policy': 'same-origin', 'Origin-Agent-Cluster': '?1', 'Referrer-Policy': 'no-referrer', 'Strict-Transport-Security': 'max-age=15552000; includeSubDomains', 'X-Content-Type-Options': 'nosniff', 'X-DNS-Prefetch-Control': 'off', 'X-Download-Options': 'noopen', 'X-Frame-Options': 'SAMEORIGIN', 'X-Permitted-Cross-Domain-Policies': 'none', 'X-XSS-Protection': '0', 'Vary': 'Origin', 'Access-Control-Allow-Credentials': 'true', 'Content-Type': 'application/json; charset=utf-8', 'Content-Length': '108', 'ETag': 'W/"6c-2E8jqCBzXlfaXu5z6VXp5RgHjNM"', 'Date': 'Mon, 02 Mar 2026 20:58:21 GMT', 'Connection': 'keep-alive', 'Keep-Alive': 'timeout=5'} 
 body={"success":true,"message":"User deleted successfully.","data":{"deletedUserId":"cmm9nv5h2005jvj2g9mjwls1j"}} 
 </msg>
<arg>mysession</arg>
<arg>/api/users/admin/${USER_ID}</arg>
<arg>headers=${headers}</arg>
<doc>Sends a DELETE request on a previously created HTTP Session.</doc>
<status status="PASS" start="2026-03-03T03:58:21.849001" elapsed="0.004561"/>
</kw>
<arg>DELETE On Session</arg>
<arg>mysession</arg>
<arg>/api/users/admin/${USER_ID}</arg>
<arg>headers=${headers}</arg>
<doc>Runs the given keyword with the given arguments and ignores possible error.</doc>
<status status="PASS" start="2026-03-03T03:58:21.848812" elapsed="0.004806"/>
</kw>
<status status="PASS" start="2026-03-03T03:58:21.779025" elapsed="0.074640"/>
</kw>
<kw name="Sleep" owner="BuiltIn">
<msg time="2026-03-03T03:58:23.854337" level="INFO">Slept 2 seconds.</msg>
<arg>2s</arg>
<doc>Pauses the test executed for the given time.</doc>
<status status="PASS" start="2026-03-03T03:58:21.853837" elapsed="2.000826"/>
</kw>
<status status="PASS" start="2026-03-03T03:58:17.362599" elapsed="6.492951"/>
</test>
<test id="s1-t2" name="Check Can Delete" line="58">
<kw name="Register">
<kw name="Create Session" owner="RequestsLibrary">
<msg time="2026-03-03T03:58:23.861689" level="INFO">Creating Session using : alias=mysession, url=http://localhost:8080, headers={},                     cookies={}, auth=None, timeout=None, proxies=None, verify=False,                     debug=0 </msg>
<arg>mysession</arg>
<arg>${URL}</arg>
<doc>Create Session: create a HTTP session to a server</doc>
<status status="PASS" start="2026-03-03T03:58:23.861211" elapsed="0.000913"/>
</kw>
<kw name="Create Dictionary" owner="BuiltIn">
<msg time="2026-03-03T03:58:23.863837" level="INFO">${form_data} = {'email': 'tester1@gmail.com', 'username': 'tester', 'password': 'tester555', 'firstName': 'John', 'lastName': 'Doe', 'phoneNumber': '0123456789', 'gender': 'MALE', 'nationalIdNumber': '1234567891232'...</msg>
<var>${form_data}</var>
<arg>email=${email}</arg>
<arg>username=${username}</arg>
<arg>password=${password}</arg>
<arg>firstName=John</arg>
<arg>lastName=Doe</arg>
<arg>phoneNumber=0123456789</arg>
<arg>gender=MALE</arg>
<arg>nationalIdNumber=1234567891232</arg>
<arg>nationalIdExpiryDate=2547-06-06T00:00:00.000Z</arg>
<arg>role=PASSENGER</arg>
<doc>Creates and returns a dictionary based on the given ``items``.</doc>
<status status="PASS" start="2026-03-03T03:58:23.862568" elapsed="0.001345"/>
</kw>
<kw name="Evaluate" owner="BuiltIn">
<msg time="2026-03-03T03:58:23.865166" level="INFO">${file1} = ('id.png', &lt;_io.BufferedReader name='D:\\Year 3 term 2\\Software Engineering\\Sprint 2\\Software_Engineer_PaiNamNae\\test\\API Story 16/../../img/id.png'&gt;, 'image/png')</msg>
<var>${file1}</var>
<arg>("id.png", open(r"${NATIONAL_ID_PHOTO}", "rb"), "image/png")</arg>
<doc>Evaluates the given expression in Python and returns the result.</doc>
<status status="PASS" start="2026-03-03T03:58:23.864256" elapsed="0.000978"/>
</kw>
<kw name="Evaluate" owner="BuiltIn">
<msg time="2026-03-03T03:58:23.866063" level="INFO">${file2} = ('selfie.png', &lt;_io.BufferedReader name='D:\\Year 3 term 2\\Software Engineering\\Sprint 2\\Software_Engineer_PaiNamNae\\test\\API Story 16/../../img/selfie.png'&gt;, 'image/png')</msg>
<var>${file2}</var>
<arg>("selfie.png", open(r"${SELFIE_PHOTO}", "rb"), "image/png")</arg>
<doc>Evaluates the given expression in Python and returns the result.</doc>
<status status="PASS" start="2026-03-03T03:58:23.865437" elapsed="0.000675"/>
</kw>
<kw name="Create Dictionary" owner="BuiltIn">
<msg time="2026-03-03T03:58:23.866705" level="INFO">${files} = {'nationalIdPhotoUrl': ('id.png', &lt;_io.BufferedReader name='D:\\Year 3 term 2\\Software Engineering\\Sprint 2\\Software_Engineer_PaiNamNae\\test\\API Story 16/../../img/id.png'&gt;, 'image/png'), 'selfie...</msg>
<var>${files}</var>
<arg>nationalIdPhotoUrl=${file1}</arg>
<arg>selfiePhotoUrl=${file2}</arg>
<doc>Creates and returns a dictionary based on the given ``items``.</doc>
<status status="PASS" start="2026-03-03T03:58:23.866275" elapsed="0.000472"/>
</kw>
<kw name="POST On Session" owner="RequestsLibrary">
<msg time="2026-03-03T03:58:25.136136" level="INFO">POST Request : url=http://localhost:8080/api/users 
 path_url=/api/users 
 headers={'User-Agent': 'python-requests/2.32.5', 'Accept-Encoding': 'gzip, deflate, zstd', 'Accept': '*/*', 'Connection': 'keep-alive', 'Content-Length': '4335512', 'Content-Type': 'multipart/form-data; boundary=4279b5243f63ce74e87391edb1dc958f'} 
 body=b'--4279b5243f63ce74e87391edb1dc958f\r\nContent-Disposition: form-data; name="email"\r\n\r\ntester1@gmail.com\r\n--4279b5243f63ce74e87391edb1dc958f\r\nContent-Disposition: form-data; name="username"\r\n\r\ntester\r\n--4279b5243f63ce74e87391edb1dc958f\r\nContent-Disposition: form-data; name="password"\r\n\r\ntester555\r\n--4279b5243f63ce74e87391edb1dc958f\r\nContent-Disposition: form-data; name="firstName"\r\n\r\nJohn\r\n--4279b5243f63ce74e87391edb1dc958f\r\nContent-Disposition: form-data; name="lastName"\r\n\r\nDoe\r\n--4279b5243f63ce74e87391edb1dc958f\r\nContent-Disposition: form-data; name="phoneNumber"\r\n\r\n0123456789\r\n--4279b5243f63ce74e87391edb1dc958f\r\nContent-Disposition: form-data; name="gender"\r\n\r\nMALE\r\n--4279b5243f63ce74e87391edb1dc958f\r\nContent-Disposition: form-data; name="nationalIdNumber"\r\n\r\n1234567891232\r\n--4279b5243f63ce74e87391edb1dc958f\r\nContent-Disposition: form-data; name="nationalIdExpiryDate"\r\n\r\n2547-06-06T00:00:00.000Z\r\n--4279b5243f63ce74e87391edb1dc958f\r\nContent-Disposition: form-data; name="role"\r\n\r\nPASSENGER\r\n--4279b5243f63ce74e87391edb1dc958f\r\nContent-Disposition: form-data; name="nationalIdPhotoUrl"; filename="id.png"\r\nContent-Type: image/png\r\n\r\n\x89PNG\r\n\x1a\n\x00\x00\x00\rIHDR\x00\x00\x07\x80\x00\x00\x048\x08\x02\x00\x00\x00g\xb1V\x14\x00\x00\x00\x03sBIT\x08\x08\x08\xdb\xe1O\xe0\x00\x00 \x00IDATx\x9c\xec\xbdy\xbcgIU\'xN\xdc\xfb[\xde\x9a/\xf7\xca\xac\xca\xda\x8b\x02\n\xa8\x02\xd1\x12QqA\x94\xa6q\x19p\x1a\xd7\xd6O\xb7-\xe0\xe8\xa0\xe2tO\x8f\xda=8\xd2\xea`\x8bN\xd3\xcd\xf0A\xec\x1e\xa6\x11\xd1\x92F\xc5\x12\x04\xc5\x02A\x1a\x81tX\xaa\xca\xda++\xabr}K\xbe\xf7~\xfb\x8d3\x7fD\x9c\x13\'\xe2\xde\xfb\xfb\xfd\xde\x92\x05\x16/(\xf2\xdd\xdf\xbd\xb1\x9c8\x11q\xe2{N\x9c\x88\xc0\x07\x1ex\x00\xf6\xc2^\xd8\x0bOzX\xeb\xc2\xb9M\x00\x80S\x97\x00\x00\xee]\t\x9fh\x8a\xe48]4\x15*\xa2# \xbaO\x08F\xde  GF\xf7\x1f\x86B]F\xa83Q?\x08B\x8cZ\xf2\xea\xe9&amp;\xfe\x84\xea\xcf\x96\xaa\xa9S ?\x92\xbcs\xd5t\xd5.\xe5k\x10\x88\x08=\x1d\x04\x04\x08D\x04\x88&gt;[\x83`\x10\x0cb\x86\x80\x06\x0c\xf8O\xee\xa51\xbeQ\x10\xc8 \xa2q|%\x00\xcf#W)D\x00\xc2\x12\xd3\x88,\x15D@\x84\x00\xc6 \x17\n\x06\xd15AHB&gt;\x85\xab\x08\xba8\xe8Z\n\x11\x08\x01,)&amp;\xf8f\xc3\xc0\x1d\x02KD\x04\x04\x84*K.\x02\xc9\xc5"a!\xb3\x17\xd1 \x02  \x11\x81\xa5\xea\xd6\x91~\x02D\x04@\x1c\x8d\x1fB\xe5\xb9/!\x85$\x00\x80\x16\x80\x88\x88\xc0\x02XK\x05\x81\xb5TX"@\xf7\xd2%q\x19\xa2td@\xd7\x06\x16\x80\x00\xac%\x02\xb0\xe4\xa3\x91\x14\x14\xf5`\x0c\xb4\t\xa1\x185\x10\x94:\x0b\xea\x97\x04\x16\x08\x1c%\xf1\xd8\xf0\xf99.\x13\x10\x97\x95F\xe0_\xae\x05\xab8\x1aS2f\x04A`\xb5\xff\xc9\x91\xe5Mu-*\xf3*\xd12~0\xa6\xdde\xea\xb4\x84\x815I\x99\xe3R\xe9\xa7\x12\xa9u|\xa4\xe8Oml\xfd\xa2:\xc9$\xa2j\xc2\x84\xf6\xad\xcbD^a\xf2\xb7&gt;\x13\xddU\x82\x1c\xd0\xa4`\xd4#\x11\x08\x10\xd0I&lt;D\'\xeeD\xc8\xf0\x00\xf3Y\x19\x95\xec\x8d\xaf\xba)\xca\xf6\xa7\xffj\x12m{\xe1\x1fX\xa0\xdfx\x91\xfe\xf9\x9e\xbf\xb8\x87\x80\x88\xd0IM\xf0\xf2\xd3\x0b\x1c\xeb\xa6\x06?\xc5\x80\x08j\x02 B\x02\x0f_\x9c\xe8\xf6\x12\x12\xbc\xb4G\xc66\xee\x13\xf1D\xa0E%A\x98\xabH$\xb6\xff\xe4\xb3&amp;\xee\xee\xc4\xe2!\x9a\x11\'\x89)\xa2\xf8\x8d\x925z\nc\xa1\x1ae\x97\x88hW/W\x0b_S\xc7\x07\xcf9\xb0\xc4\xb91[4\xf1\xa0\xb8\x11j4\x9d\x98\xad\x95\x11\xd1t\xaf\xe3\xfb\xca1\xf0C\x8f\x94\x90\xd4\xf0G\xc1Q\x86\xcb\xd0Ya\x9c\x1d\x96\xde\x87iQ\x88A\x8e\x80i\x1e\xe5\x9ap\xdd)\xb4)7\x89\xe0\x19&amp;\x95\xeb\x82`D\x8e\xa1\xc7K\x9ax\xae\x9d\xef\xca\xe4Q\x85K\x85\xae\x1e\x06\x999\x9a`.\xd1e\xe82\'\x00\x83\xbe\x86.\xb1\xc7B\x96D(\x1bD\xc30\xc3\xc9[\xe1&lt;\xd7\x05\xd0\x03\xa8t\x02"\x80\x1b\xf7\x8f\x06\xc3\xd1\x85\x1e\\\xea\x0e\r\x1acp\xdfL\xa3\xd5\xcc\x9a\r\x93\x1b\xb4\x96\x00h\xa3;lff\xffl\xc3\x12lv\x07\x8f\x9e\xbep\xea\xd1\'\x08q\xff\xd2\x81\xd9\x99\xc5cG\xf7\x1d;\xda\xb2\x05\xadm\xd2\xa5K\xddO}\xeaS\xcb+\x17\r\x1a\x039\x9a\x0c\x80L\x9e\xcd\xcd\xb7\xd0\x00\x809x`\xdf\xc2\xdc|\xb7\xd7Y]Y\x19\x0c\xfa\xfdb\xfe\xda\xeb\xae\xba\xe6\xcaC\xfb\x17\xdb\x80\xf6\xe1\xc7\xce~\xfco&gt;;\xdbn\x9e\xb8\xeah\xa3\xd5\x1eY\x1c\x0e\xfa\x83^\xbf\xd7\xebnv:\xa3Q\xd1\xc8\xf3K\xeb\xeb3\xad\x16\x99leyys8{\xf3so\xb9\xf9iW\x1fXh\xb5\x1aH@\x83\x02Z\x19\x0c\n\x18\xf6\xcd\xe7\x9e\xb0\x01\xa8\xbb&amp;\x08]\x80\x84E\x06\x01 D\xd3\x8d\x1e\xc6#\xc3cP\x9d!\xb0\xb4j\x14Y\xc5g\xd7\n\x86\xdb\x02\x8d\xef\xffh\xfc(\x90\x0e\xe9\xe5\x9e\xa5\x82\xa5\x9eS\x1c|G\xe5\xc6\xe5\xee\xc4t\xfa\xe7\x10\xd5\x93\x87\xd21\x9d&lt;\x0bH\xcd\x8d=O\x06\xaa\xa1*\xe9\'"\x03\xdf\xb7P\x0bB\xb2\x10$9\x88\x14Rb\xb3\x9c\x89\xa7\x10X\x8d\x88;*F\xe9uVnj\xb0\x1e\xbb\xa34\x8e\xd0F1\x90\xb4~rA\x02\xb2Jt8`\xcf,\xf6\r!-\x12S\x8b\xac@!q\xc3DqDC\x01-\xa2CV\xa4\xd8\x02%\xce\xe8\x19\xa1.P\x95|\x9b\nQ\xd6\x80\xb7/M\xa8"\xa3\x9e\xb4\xdd#||\x19;H\xbe\x93\xb0\xe5\\q\xcc\xaf\xcb\x16\xc6\x16\xb3=\x1a0~*g2\xa6c\xeb\xc8\xf9\xb6J\xdf\x0b{a/\xec4\xec\x9b\x81}3\x00\x007\x1d\x02\x00\xf8\x16\x00PV\xe9G/\xd5&amp;\xbczqB\xce\x7f\xfeH\xf2\xa2B\x1a\x04\xc0\x8d!\x12\xea\xbf\n\xc1\xbb\x1f\xc1B\x84\xb5b\x0b\x19%\x85\xe7\t\x84\xf0\x17\x8aJ\'Qi(\x9a\xc4\x08J\x93\x7f\xc8\x175\xa8\xf0JC\x89\xd0P\x80P\x0c\x00\xa4\xec)&gt;\'A\xaai\x05\r\xc3&gt;\xe1\x14!\x10\x12y\x0b/\x11\x80\x05@\n\x9a\x89\xab\xa1\xc7\xa1\x1e\xf9\x06\xd2\x1c\xb7\xbc\xee\x84\xde\x12\xea\xcd\xce\xe8M\xcf\xb5\xf3\x04\x01\x1aOM\xc0r\x04\xac8z\xa0L\xa2\xb3\x13\x00\x80\xf5\xb6N_n\xac\x01\x06\x9cO\xf2\xa8l\xb3\x8eX\xf7\x95\x9bLCd\xd56D\x96A)\x9b\xc7=\x9a\x14\xb8\x1a0\xba\xfcB\xf7\xd3\x7f0\x00\x84`\x08\xc8!n\x8d\x14\x01R\xf0\xca\x0f\x06\xc0\x12 \xa2\xa3 iA\xc2\x88J\x0f\xc3\xd9\x1e\x10l\xfd\x18\xa5\x12$\x1d^"xM\x95|\xf3\xa1\x11\x8e\xb9\xfa\x84\x0e\x9b\x14)9H\x84\xb4\x91k\xb0\xbf\xd4X\xe1\xfd8O\x19\x83\xa4\x7fW\xe53&gt;\x8c\xc5\x9a\xe5,1\x89\x01\x8a\x80r\xda\x88\x8f\xa1R!5U\xa5\xaa#\xa6D\xaa4\xe0\x18:\xa7D\xff\x92\x84\xc6\x90RIV\x88\xb9\x0bP\xb3\x06\xe9MNVN#c\x9f\x07\xb7\xfa\x14\xebIc\x8a\xa41Bi/|\x05\x047\xb3 !!X\xd1\xd7\xc1\xaf\xde\x82(\xed\xce|\x90t\x16RO\xc4\xf9\x00\x98r\xff\x13Y\x86A\xffW\x12POZ\xc1\xfc\xe1\xe6X\x9e)0\x1a\xecea\xa1\xa7rE^\x90\xd6\x14d\xbd\xc6)$S\x1f1\x85\x80l\xdd\xc283O\xa9\x05 @mN\xb7\x9c\x9d2pD\x14\x92\x12\x90\xe4\xe3W\x88\xb6P\xa4\xd02&amp;(\xfe\xc5\xef4\x12\xd0\xac\xa9\xce/\x80E%\xeaC}K\xe0\x8d\rk\x14q\x08K\xb9\xd5\x16XZ\x18\x90\xc8%\xac\xc6F?oz\x06\x96{\x06\x10\xc1\x1b\x8b\xdd\xdb\xd2l\xcfx\x05@\x92\x8a\xc0D\xa8@\x95\xa0$\'\x05\xff\x02\x11\x91\xe4\xab\xed{\xa2\xef\xb2\nf\x88\xe5\xdf\x1b\xa3\xc5\x92\xceM\xefm\xe2\xcaQ\x00\x81\xc0\xa0i5\x1bY\x86\xa3\x91\xb5\x80\xc3\x822C\x06\xc0\x12mv\x07\x04\xd0\xca\x8dA\xb4`\x0bk\x0bKh\x0c\x00\xf5\xfa\x9d\x99\xf6\xfc\xdc\xac\x01\x80\x82\x80,\r\x86\x83~o\x83\x8a~a\xad5Y\xa39\x9b7\xf2v;o63\x02l6\x9a\x88\xd0\xe9llll\x0cGt\xf0\xe8\xb5&amp;k\x9d8~`i\xa1\x95\x198\xb7\xb2\xfe\x89O}\xce\xda\xe2\xe0\xb1\x13\xb0t\xbco\xf2Q\xaf;\xea\x9e\x1b\x16E\xaf\xdf\'K\x88\xd0\xe9v\x07\x83a\xa3\xd9\xc4\xa2 @K\xe6\xec\xe9\xf3\xcf~\xe6\xb5\xb9A\x03`\x0c\x02\xc2\xc0\xd2c\xab\xc3\xee&amp;\x014\r7\x87aV\xfb\x07\x0c\xfe1\xc6c\xfct\x8e\x93\xe5\r@\x8f\xaa\x05z\x03q\xfb\xa9\xde\xe2\xd5\x04\x07\x17\x89\x8c\xc2j\x04\xe2\x97\xc3\xffy\x02\x94\x85\x98T\xc1&lt;\xfe,\xc8\x80\xf6\xd6N\xedX\x10\xa4\x15\x11\x00Z\x00 \x12(\x18\x86\xb1\xc8\x12\x9el\xfd\xda\x87\xef\x1c\x04\x1eoB\x88Q\x1ft\x85}YL\x06\xdbXQ\x84\xa6\x1e\x97\xde\xc6\xac\xf4\x04^\x94R\xbd\\\xc6\xb9\xcb@z\xadTYQb\x10\n\x12\x91\xeft!\xf6@\xe0Q\x10+\x12\x18&amp;\x13=\x0b\xa8L\x03\xa8#]\xd5Pg\n\x1a\x8a\xd6\xeb\x82B\xa1X\x14\x17\xab\xc4)\xa9w\xa0(d\xa2\xc6\xb5\x00&amp;\x7f\xc7\x02\xda)\xde\xeeN\x98\x98\xb7f\xf5\xd8\xc8\x15\x1f\xd3W\xd1(\x9dTpU\xaa\xa98q\x19\xd85\xc9)H\x85xF\x83\x8a_OV\xb8&lt;4`\xf4\xa76\xdb)\x8b\xdb3@\xef\x85\xbd\xf0e\x14\x12\xab\xf4\xf6\xc2M\x87\xe0\xbe\x0b\x00\xc1\x12\x9dh\x01\x8cr\xc0O\xeb\xa8f\x97\x80\x82b@\xe3\xe1\xcf\xa4\x89\x83\xe2g5\xe7\x87\xaf\x91\x8e\xa1\xdeS9\x19\x06RQ\x1b@c%\x04U9U\x01\r\x90\x02\xfe\x00\xac\xad\x08%\x0cs\xd9\x1c\xe3\xa1a\x04M\x0cx\xa6\x88\x06bt\x16\x04\x84Z\xcf\x0e \xc6\xe5\x84R\xae\xaf\x0eCN\xe6\x84s9\xb4\xec\rE\xe4\x9d\xac\x19\xf2\xa0\xcbDr\x00\x08^\xd2\xe0\x1dm\xb4n\x9d\x98\xbf\xe3\xb2Xe\x06\xf0@\x10\x03\x1f\x9d\x02\x85\xc0\x08\x93\xf8\x9d\xa5H)r\xa6a\xe7\x92,$\x11\xb7(\x03Ae\xd5\xf5vy\xcf\x066\x0f\x04d.\xbd+\xe9\'\xc6y\x13Y $K\x9e~\xe0\xce\x1b\xc5\x8d!!\x04\xd5"t/\x0b\x08\xde&lt;\xcd\x9cR6\x83q\xa1\n\x84\xb1\x06B\x01\x86G\xddQ\xdaG\xf4\x13=\x18\xfd\xefd\xa0\x91\x14\xa4\xfaj59\x18qL\x8f\xa6\x04VGC&gt;\xae\x06\xaa\x11:}\xd0U\x80:\xd6\xd504TmL\xf4\xa4\x80\x8a\x17S\x113}\xaa\x89!\xc4/\xa7\xac@\xc9\xc1\xd3s;\x81\xfb\x80l\xa2\xd8^\x1e\xa5\xa4UX:\x9e\x1b"\xdf\xae\xe8;\xbfq2p\xf2\x80\xd9\x0bO\xe1\xc0s\x92\x88\x16\x03dE\xda\xb0%\x15\xc1\xb2\xc9\xb6l\x14E\x8a\xd6\x02SQ\x1dK,\xd0\xfdYMW\xe2(\x1d(C\xb7\x1a\\\x01\x18\xc6\x98i(\x19\xe0a\x95\x14e\\\xb0\xb0\r\x98I\xe9\xe7Z5sF2tK\xb0\x02\xb9\x82\xf7\x1e\x85Rt\x05C\xfe\xe0g^\xe2\xda\xfa\x085RL\xdbDBe\xc3\xf7\xaa\xdaB\xf49\x9e\x86\xb4\x9d+\x1a\xe9\xc4\x12$\x1a\xfd\x0c\xae\x92\xf6"(\'\x1f\'5\xca\xeb\xbe\x95q4\x13\xf4\xe4%S!2\x1f4\x885\xda\x19\x16\xd3\n\x07,\xa7V\xb8\r\x06\xb6\xeai[WH\n\n\xa5\xaaN\x86\xbeh\xe7w\xe9\xac\x99L\x80\x008\x82\xf0\xaf\xca\x96t\x16\xa4\x16\xdf\tfs\x0f\xa0z\x96\xb2\xcc\x18c\x1a\rD \xb2\xd0\x1b\x16\xc3\x02\x07#k\t\xdb\x99\xc93\x04\x04[\xd0\xa8\xb0\xbd^\xdf\x12Y[\xf4\xfb\x83V\x0b\x1a\r\x03\xe4w\x89\r\x06C\x02 k\x89\xac\x014\x19\xa1\x01\xcc\x0c"\x1ac\x9a\x8dF\xb7;\xe8v7\x1a\x8d\xd6\x15W^}\xf8\xd0\xc1}\xf3\xad\xb9\xd9\xa6\x01:sa\xed\x0bw\xdf\xb38\x97\x1b\xd3n\x1d\xbc\x92f\xe7\xc1Z\x00\x84\r3\x1a\x8e\xac\x85b4\xea\x0f\x07\xa3\xa20yV\x8c\n"\xc2\xac\xb18\xdf\xec^&lt;\xb7v\xf6\xdc\x89\x1b\x8f\x8d\x8c)\x00G\x85}\xe8\xfc\xe0\xfe\xc7\x07\x05\xe1s\xaej\x9d\xdb \xc0\xb0r\xe0\xf7\x1a\xf2\x9c(\xa6{\xb6\x81\x06\xe3"\xb1\xf7:@\xcaZ\x1eT\xc1\xcf\x81\x9c\x87\xb1s\xb4`\x80\xed\x07/q\xaf\x80\x90\x1b\x06G\xda\x18\xc6\x01 \xaf\x0c\xb9\xa4\x06\x89\xac\x1a\x88\x88\x00d\x90\xb7\x0e0\xe1\xa1\x95)\x19\xda\xc8\xfa\x84\xe0X\'f=\x85\xc8Ur\xe3\x91X\xb8\x04+\xb6/E9\x05\x8b\x08f^8\xb1\xa2,\xce)r\xf4?E\xa4\xc7A\xe4]\x18\xf5n\xc4\x11\x08\x03\xa5\x822*)T_\xe9+\xb1\xea\x02\xbeB)a\xf2\x98\x00\x1b\xd5r\xcc\xb0*\xf9V\x05\xa4\x95\x16&amp;93g4\xf1!\x93h\xb7\x9e.Aj\x99P\\\x11\xaf\xe6\xc5\xe4$\xb5\xef\xb7\x02\x11\'\x94\x8bc~MN]\x11\xa92E\x98k\xc7&amp;\x9fX\xdaT\xe4l!l\xa1\xe8\xca\xe4\xbbM\xcf\x97\x0f\x018\xa1cL\x93E\xfab\xcf\x00\xbd\x17\xf6\xc2S08\xfb\xb5\xb3D\x7f\xe8\x91D%\x01\x03\x01\x11$\xd0W\x9e#\x95&amp;FZcB2\xcdG\x18ZA\x16P\xa5@\x98\xe9E\xdbb5*\xcc\xff\xe25\x1b\xeb84N\xe0\xca\xbeF\xc6\x15\xeaSE\xaa\xe0\x10\xe0\x1e,\x80\xc7\x8b^\xdbU\x99y\xdd!l&lt;\x13\xf8G\xbc\x98/\x18QHF$B\x85]\xc8\xfbN\xa1Wo\x1d\xeb\x9cK\x99\xd7\x9d\x9c\xf3\xaf\xe2G\x00H:\'q\xd3\x00\x10\x1b\xb0T\x99\xb4M)x\x1a+\xf5\xd2 \xdaD\xe7\xf1\xdbT\xd1\xfa"\xd1E#\xd5\x88\xd2\xd0\x8a\xc7\xa0\x14\x7f"\x94\r\x8d\xa1\xd5\xac\xff&amp;\x8cd\xbfq\xe4\xea)\x9d\xcb\xa1d\xc3\x1e\x0b\xe8\xaaj\x138\x8c\xe1!\xd6}%7\xab\xfa\x8b\xfc\x8d\x0e\x18\xa9\x02\xac.q5\xb4\xa3\xf4\x19\xeb\xe7~\xdf\n\xfas\t\xc0b\xfabrH!8\x0f!Q\xc0\x08Jm\xc4}\x02uB5\xc6#\xec^U\x8dr\xd9;\x01&lt;e\xb13!\x12\x04\x85\x07\xaa\xa8\xd5&lt;NT\x811\x88\x17K\xef\'J9\x9f\x15\xa6o\x12\x04K\xe3\x0b\xaeM\x1cgR\xa6o\x0ce\x14\xfd\x08\xad\xad\xda\x9ds\'\x9d\xc2}\xd7\xae\x82\xb5\\ \x00\x00\xebD\xd3^\xf8\n\r^^x\x99\x8d\xe8N}J\x8d\x83\x89\x87\xbd\x12\xe4\xa4\xf3\xe0s9\xd0\xff+b\x97\xd7&lt;A|@Y\xdc*)\x87\xc9(\xa7d\x82\xa0\xb0\xfe\x1c&amp;\xe6\x10=\x85G\xb11F&gt;\xdaxx\x89I\x05\xa2\n*\x0e\x89Q\xc9\x9d\xd1\xa4\x18#\xbb\xddy\xbf?\xbag\x9e\x03=\xd1\xd1P\xe6\x88\x18\x17\xa2\xeb\x91V\xa4&amp;P\xa5\x9c\x14\x98#?\xe3\xb5\x81\xf0\x9e\x8f\x95\x08\x93\x88j\x8b4v:\xb5\xb2\x04\xc2`\xc6\x8f\xe3M\x9aOb\xa1\x1f\x12\xc5\xe0\x01X\x82y(\x85\xa57RX\x82\x81\x19\x14%3\xb2\xeb\x14e\xe2*\xf8\xc0\xe0Jg\xc8$z\x99\x1c\xceO@o%D\xbd\x96LL\xad\x9e\x9d\x89\xf9\x06\x90\x19T^\x9c4\x1c\x15\x06\xc1\x1a,\x00l\x01T\x90%\xca\x08l\x06\x00\xde&amp;k\xadE \xc4\xc2\xdab0\xb4\x83!\x19\x03\x85\x85\xde\xa0\x18Y\xd3h\xb7\xda3s\x9d\xcduk\xadAD\xcc\x10LQ\x0c\xfb\xfdQ\xdeh\xd9\x16\xcc\xce\xcd^y\xd5\x89v{\xb6\xddj,\xcc5fZYa\x8b3\x17/=\xf6\xf8Y\x02\xc8\xf3\xcc\xe43h\x0cY\xb2`\nh\x14f\xb6\xa0\x95\xa2\x18\rFC\xd7\xe1r\x83\xd6\x16K\xfb\xe6o\xbf\xf9\x86K\x97:\x9f9\xf9\xc5S\x0f&gt;r\xc3U\x07\xb2\xb9\x99\x11\xd1\xf2f\xf1\xc8\xd9~a\x01\x00\xf6\xb5\xe8\xfc\x86g\xa48\xaa\xa3\xf8\xa4\xa7]7\xf8v\xb0\xb3\x03\x01\x04\xe8\xef\xa4\x86\x052\xdau8jVP\xecw\xefIv\x10\x86\x97\xe8\xdc\xe7U\xb3\xab\xb6\xb7\xc4G\x0e\x01\x00\x90\xb5ioA\xf0\xf6k%\xdf\xc2\xb6O\x8afk\x94^\xa0\x1a\x99K#0\xe8\xa1\xb1\xb3\xf6\x1a\xe9\xc01XE-C\xe4X\t\x00 4\x189\xf4\x10@ ]\x17\x87|\xba\x88\xfa\x10 \x02\xd3\xaa\xda\x02\xf8\xf4\x10\x92\xc5I\xf4\x1b.\xa3\xd1`0R\x04*\x07}Y\xd0\xc5\xe8\x9e\xc7E\xa0\x82H\x0e\xb9\xab\xc80\xc2\x98\xc9\x94\x84Z\xb5)\x11!&amp;~\xdf\\\xb2\xd7\x15\xa2\xea\x07\x99\x81i\x1eP\xaaKE\x98$\xf9\xc6E\x9b\xa2\x8c\xea\xda\xed\x02A\xf5i\xa6\xc8\x00+)\x1f\x9fp;tM\x9d\xc7t\x99\xef\x06\t;\n)\x01;\xe9&lt;c\xba\x8d\x1a\xeb[-j\x9a\x04{\x06\xe8\xbd\xb0\x17\x9e\xca\xe1\xa6C\xde\x0c\xfd\xe1G\xfd\x9bJ\xed%\xc0qy\x19O\xc8A}\x1b[\x9c\x03\xc9\xe9R\xb3\xc2:\xd5r\xd3\xcd\xf1U{c}\x06$\xb9\x06\x03\xe78\x13\x89`\x93\xe8\x15U\xbd%V\x19\xbc\xde*@6\xd4C\xb8\xe35\x19&gt;\x19\xc3\x17#\x0e\x14\x91R\xcc\x98+\xe0(\xd2\x8a\t\xb2\x12&amp;n-\xcc(\x8f,\xd9\xdb\x82\xf3t0\x93\xe4\xe861\x88\x1b\x90\xd37\xc0#@\xcdnR\x8e&lt;\x00H`\xe3\x15|\xefc\x82\xde\xe7\xc2{W\xb0w\xb5\xf1\xf5q\xdb\x13\xe3#\x8c\x05\xf7;\x9b8\x1b\x06bl\xe7\xab\x88\x00\x16\xe5EhB\xe9T\x1e\xaf"\x00\x05\x0c\xe9@yT%\xa5&lt;\xd8\x98\x12\x1d(y\x8e\x1aA!~\x89\x83Q\xce\xc0\x80\x1e\xd5O\xd6\x1aJ\x05)\x97QTq\xc2s\xa8\x86ORg\x02\x98&gt;T@\xf300\xd4\x88\x8bQ|2~\xcb\x10_\xc6MT\xd32}\xfa\xcddd]JUJ2\x15\x07J\x91"j\xeb\xe2\x96\n\xad\xa3\xa2b\xfd\x80\xd2b\xb7\x84\x93ki\x8a\x9bab&amp;\x15\x92+Q4u\xcc\xa8Q#\xfc\xe8\xc5\x98\x88\xdc\x9a\xbc\xa3\x9e\xc9\xcf\x14\x91O\xe5\x81\xb0\x17\xbe\xd2B&lt;\xb1\xf9.!V \xff&gt;\xf9\xcb6\x125\x05p\'\x8b\r\x07lOaGb\x9e0\xbd\xc56tGuZA\x1c\xe2\xb3\x97B\x82J;D2\x17\xf8\xba\x84\xb9\x82k\xe9\xd2\xf2\xf4\x9eL"\x9a~\xa9\x8e\xd8\x80\x9cq\x84\xf8\x91m/\xc9\\\x1dR\x07\xcb\xfbVB\x05\xc4\xa9\xaal\xf2\xba,\xfa\xb4\xc1eLar4\x00\xd4\xb2X\x02\xc6?\x90\xb4\r\x0c\x14\x0c\xad\x0b\x8c\x15JX@fu)\\`Rd\xb8D\xbeN#\xc8Em\x89\x96\xacH\xf2\xf1\xdf\x08\xc4y\xb9\xaa\xb5Un\x15AIc\xe7p\xebK4\n6\xf8\xfbB&lt;RR\xfc\x13C\xa8\xac\xec# \xcd5\x11\x00\x06\x16\x00pD\xde\xf09\x82p\x9e\x1a\xb2\xc7w\x86@D\x96\xacA\xdc\xb70\xbf\xbc\xbcb\xad%\xc2\xcd\xde\xe6\xa8\x80\x91\xa5\xcd\xee(3\xcd\xf9\xb9\xd9#G\x8e\xf5\xbb\xdd\xcd\xcdU\x0b\x94gY\xa3\x99g\xcdlvvanvnnn\xee\xe8\x91\xc33\xed\xbc\xd90y\x86\xd6R\xa7\xdb?wamm}\xd3Zv\x9bh\xce\x8d(C\x0bE1\x02K8\xbf\xdf,?6\x18\xf6\xdb\xed\xb9\xe3W\x9fX_\xbe\xb0\xb2\xba\x8c\x047\xddp\xcd\xfc\xcc\xcc\xc5\x8b\x97FE\xb1\xb6\xbe\xf9\xc4\xf9\xb5\x03\xcdv\x7fh?\xf7pg4\xf4l~t\xa5wd~\xe6\xc2f\x18\x01\xba\x1dc\xb6\xab+Lx\x98:`\x1c\xbat\xe8\x16\x02\xa5)L\x93\xe2Y\xec\xc5\x13\xc8\x80p\xacW\x9d*nU"Dwt\xb2o\x1f\x08\xa7?\x13\x83\xfb@p\xe8{\xa0[8\xf2\x16If\xf2\xf0\xc7[\x81\xbd\xe1\xd3\x02\xa2?3\x90\x10\xf5\x06\xc4\x90X\xf7\xbb\xe0\xe3\xecI\x8a]R\x82\xa8\xe3&gt;\xca\xc5\xe9\x93\x95\x9d\xcc\n\x0c"\x94\x05*\xa9c\xa8\x82\xc7\xf0\x82\x7f\x11\xb8\x05)\xbcM\x0c\xe6Qs\x95_ja\xeb\xd7l"a\x00~\x83\xa8jH\x95a\n\x13\xc3b\xa6t\xa0\x18\xeb W\x99\xf9\x151.\x9a\xbf\x02\xdb\'J\xcc\x10u;a\x1a\xa4\xe8\x02\xc5\xefj\x12b\xf2wg\x98\x0ek\x7f\x8cy7\xcd\xb7\xadGS\x91\xa3\x14c\xaa7\x81E_\xb2\x90\x12p9z\xce\xd4u\xdfZ\xe1\xa5\xd8\xe5\xe4{\x06\xe8\xbd\xb0\x17\x9e\xe2\x81\x00n&lt;H7\x1e\x84\xfb/\x02@\xb0D\x97\xc5\x01\x01\xe83\xc5\xa0j\xf6\x1a?\xc7\x06\xc8Vz?.\xa0\xc2)Z;\x05Qk#\xddL4\x08\r3J\xc5\xa6\x0e6\xfa\x07\xd6\xbcQX?R\xe5\xdcW\xe3\xce[v\xae\x10\x01l\x813\xdd\xba\xeb\xf9@a;\x04\x00\xe4\x93\x9fE\x13E\xfe \x95e\x95\x87=8\xd8W"\x14\xcdE\xb0:\x12As.\xcf\xdb\xc4#N(+\xb8r\x11r\x06\xe5\xa8-\t\x94m\\t!d3\x00\x00\x84\x13?H\xb5\x91\xc6\xd1\x0c\x10\x15\xf4\x15So\xe4RD\xced\xae})\xb4j\x0e\xe5G\xe74\xe1\xe1v\xe0\x9e\xae\xa9\x06\x84$\x0c\xd5\\\x96\x82\xd0\xb7\x9a\xa4\x08\xfd\\\xb1\xbd\x8c\xa8\x04\x86\xa6\x18_\xc5\x91\x07\xbd\t1\xd8X(\x8d8\x11\xf3\x05\x9c\x9e\xc0J\x00\x10+\xbc\xe6\xbb.7\xa8h\xa5l\xf5S\xe5\xd7\x14\xb4\xd7\xd1\xc7\x0fT\xf7\xa24\xfe\xab\x80r\xf2}KPxR~\xd5\x91\xe2\xcd\x97\xd5I0\x8eQ\xc3\xcb-\x06L\xf9Q\x13\x0b\xa4\xf0\x94!X\xf9\xe8\x7fR\x15\xfbL\x12\xcd7\xb0&gt;5\xc87:\xb2\xae\x18B\xc9A\x0f\x01\x10\xc8\xa6\xae\x90{\xe1+\'\x90\xdaV\xc2\x92ML\xb6|\\\x00\xcb\x7fT\xfb\xd31\x18\'\xa2!\xc96\x00R\xa6&amp;\x08=L\xa1\x02\x16L\x89`\x945\xea\x18-\x844"\x10c\xf9\x9b\x8c\x95\x18I\xf8\xc1\xa4\xa64\xe0\t]\x11P\xe6ND\x17\x04\x18\xe3n\xd0\x15\xc7\xbf\x88\x87A\xd8\xa0z\xa0R\xb6\xb5\xa1N,L\x14X\xa4\x99\n\x90H\x00T\x1f\x98jad4\xed\xc6\x88Q\xa5+\x89\x08\xbf\x00\xaf\x88\xab\x99L#\x0c\x07L\x1c\xa8vR=C\x12\x07J\x82\x13\xb4\x80\xa6hr\x8f)C\xf0F=J\xb8\xe1J\xd2\x18!:\x0e\x8d)0\\\xdd\x8a\x16TG\xb4!\x8b\xda89\x81\xea*\x06\xc0\xbb1 \x00\xc8u\x12\xbe|"\x18\x92q\xa7\xcd\x84\x9dn\xc8\xbe\x1a\x04\x16\xbd7*Y*\n\xdb\x1b\x0cW\xd6\xd6\xd7V.afZ\xad6\x80\xed\x0f\x87y\xd64\xc6\x00B\x8e\xe6\xba\x1b\xae\x1d\x8e\x8asg\xcc\xec\xfc\xe2\xfc\xc2B\xb3\xd9j\xb6\xb2\xe3G\x0f/\xcc\xb6Z\xad\x06"\x18\x03D\xb0\xbe\xd1}\xec\xcc\xf2\xc6f/\xcb\x90\x08\xfa\xc3\x82\xd0\x90i\x98\xe6\xac%\xa2A\xdf\x16\xb6\x99g\xed\x9c:\xcd\x85\xbc58|\xf4\xf0\x89+\x8f}\xf2\x91\x87\x88\xc0\x004\xf3\xc6F\xa7w\xf6\x89s\xadf\x96\xa3=sqc8\xb7\xf4\xc4\xf9\xee`\x80\x04`-e\x06\x1f&gt;\xdf?\xb4/o7\xf3\xa8\xf9R\x80\x06\x90\xda\x19\xbd#\x88jj\xff^\xb5\x02\xb9v\xe0\x16\x86\xa4A}\xf7P\x03Q\xfc\x1f\x92\xdb\xa1\x91\x9b\t\x80\xef\xbc\xf6}"\xf8K\xb8f\xe1C\xa3\xd9\x95\xdbKD\xb9\x92T\x93\x9a\x8e`\x8a\x17[X\x9c\x92\x01d\xb7b2\xbe\x7f\xf8\xf4\xe5\xc9\x18c\xcf\x8f\xd0\x1b#\x0f\x18.G\xc5\xd4\xfb6d\xe8\x05A\n\x81\xa7U\xb6d\x96qr&gt;\x0f\x9b\xe0\x89\xc0\x02\x19\x82dOI2\x1d\x88\xccV\xab\x0b\xe5 \x85\x84=\x94\x8a\x18eg\'=A\xa8\x19(\xd4Ee\xc5\xe4\x88\x18QjG\x89\x03[9#m\x0b\xb8:M\xb6\x95\xe8\xb5\xf1\xb5x\x1eW\xceV!nil\xd4\x7f\xddF\x98.\xfd\x84\xba\x8d\xfd\xfa%\x87\xb0)\x01;\'h\xeb9L\xd31\xa6\xc9e\xfa\xc8{\x06\xe8\xbd\xb0\x17\x9e\xcaA\x83\xf3\x1b\x0f\x86\x7fk#\x03&lt;p\x11\xfe\xeaT\xb4\xadRCvJqR\t\xbe\xa8\x80\xa5\x08\x89:\xa2#D/}\xd1\xe5\xd3\x1c\x01 \xf8\'$\xef\x02\xbc"e@\x8f3\x07\x00T\xa6g\xf7\xe0\xb0\xbe\x15\x00\' 2\x14\x1d\xed\xaf2\n\xa7"\x86\xb8\xc8\xef%)[\x84\xa5&gt;\x01\xbepiD\x14\x94y\x07\xb91x\x07\xa4\xdb[\x85\xfb\x06\x19\x823\x19\xc2\t\x8c\x10\x94W^"\x0e\x08\x14\xa3\x88R\x97(\xa0\x90p\x00\xadp\x93\xff\x1f\x90\x1c\t\x87\x1c\xbaGe{\x08\'o\xcb\xd9\xcf\xbe\x82\xf1D\xa5\xce\x8c\x83\xd2!k\x80\x00|}|\xcc\x05\xd4\xbf\x92n\xa2Q++f\xee\x82\xa0\x00OY\rt|\x0e\xb6\x86\xa0\x84\xa8F\x07\xf5I\xaf&amp;\x10D15\x93\x81O\x8c\x13b\xe4\xa5&amp;{b\xf0\xd1cx\x18\x11\x80\x15\xcaL\xcd\x8f4\xdf\x08\x13\x97b\xd6\x8d\xf4q\xb9\x91z\x1e\x9f6\xa9|I\'\x84*\xaf\xf3(m\x95\xc0\x99\x10j\xf0\xf1\xb8\xdai\xce\'V\x03\x8a\xbe\x87\xf7\xa5\xe4\xe55\x93)H\x8b&gt;\xd1\x14\xd1|\xcc\x12\xff\xf5\xefD[\xd0N\x98\x01\xc4\xc7\x9bf\xd9\x07U|8\xc3p\xc4i*\xb6\x17\x9eb\x81X\x8eQ$8\x9c9,\xf8\xb6z\xb9\xe4E\xba\xbb\x93V\x9d\xd2\x84b\xd2K\xfc\xf80\xfa\x97ge\xdekDa\x1bM\xb0S \x803\xeb\xe8\xee\xe8r\xb0l%q\xdd;\x14\xa5\x06/qL\x9f\xaf\xacB\xeb*\xfb\xbf5N\xd7q\xb9\x04\x10\xd6\x82\xbc\xbb$\xd7:\x98;$\xc7\xd4\xf0Aa\x9aM\x07\xfe\x98\xf1V!w\xc7\x8fN\x96\xfc\xc9\x02\x15\xe8C$(b\x1a\xa5\x86?\x01\x10\x8a\xc4\x98\xf8\nf1\xe7\x93}\xeb\xf5\xa6\x13\x9e\xe6@\xb1I\x17\xaf*$0\xccC5\xdeL\x86|!\xa1H\xb9\xa44\x8c_\x05\x9b5\x85^\x08b\xc5*\xa5\xd5\xe2S7\xa5\x86f\x02-0*L\x8e#\x96\xcc\xf9\x187`&lt;\xe9"\x00\x11@+\xb7\xb6PW\x1d\x02\x19\xfd\x83\x9c\xd73d\x08h\xd0Z\x1a\x8d\x8aN\xa7\xb7\xb1\xb11\x1a\x0e2h\xb4gg\x1a\r\xd3\xef\x0f\xdb\x0b\xad\xb9v\xa37 Dl\xe6\xf9\r7]\xb7tpivvf\xa6\xd9l\xb5\xf2FF\x8b\xf3m\xb7\x7f\xceZ\xea\xf7G\x17\xd76\xfe\xf6\xd3_Dc\x8e\x1d\xbb\x02\x10\xc0Z2y6{\x00\n\x9b\xb7\xe6\xba\x9d\xbe\xc9\xf0\xc8\\\xd6\xc8F@vuv!\xefn\x0e\x87\xc3\xf5\x8d\xcd\xa2\x18e\x00\x80\x8d\xbc\xd1x\xfc\xd13\xeb\x1b\x9b\x08\xd8h4\xce\\\x1c\x9c\xef_\x18\x9a\xd6\xc84-\xa3MKv\xa9e\xfbDbJ\x0e\xbe\xcb\x10&amp;&amp;\x0c\xd5\rm`\x10\xe58o\x16\x0f\x18.\x08W\x03_00\xa86\xe26\x91,I\xffc\xb8t\xd7\x1c\x96\xf4W"e.\x16\x02\x10\xd0\x00\x1aD\x83Zc\xd1\xd21"@\xea\x1a|\x9b]5\x10\x80Pf]B\xca\xfc\xcc\x9d\xce\xde\xe5\xe1F\xaa\xc2\x14\xbd-mU\xe5\n\xe9\x05\x18W\x062cx\xd9I\\\xed\x03?\xcb\xa5J51\x8c;\x81\'\xfe8=\x99:\x84\xfd\xeehB\x8aIJ\xc9\xe5a\xc6\xf0DI\x81heG\x01o\x9fI\t&amp;\x13\x06Y\xe7\xc4L\xece\x82&lt;\x06=\xd3Ba\xb5\xf0\xbd\xf4\xba\x12{M\x11\xc6\xc6\xaf\xffX\xfde\xfa\xc2\xeb&amp;\x9a\xc9\xd3^\xdd\x0b\xac\xcan\x8b\xb9\xd5\xbe\x9e\xbab[e\xff\xae\x87\x94\x80\xdd%h\xba\xdc\xb6\xda\r\xa6\x8d0M\xec\xb8\x0f\xec\x19\xa0\xf7\xc2^x\xca\x86*\x8c1&gt;2\x00\xc0\r\x07\x01\x00\xeez\xcc\xbfO\xf0t\xa5\x90!\xf5G\x9ca\x83.\xa2\xe1`]\xc0\xf4\x91\xa7\xf9\xf4D\x8fHO\x89\x01\x80\x9c\xcd\x15\xb4aQ^\x15\xc4\xd4i\xf9\xf4d\x026\xe9\xdahw\x9a\xcf\xc8x\x17\x0c\x7f\xcb\x86C\xc6\xeex\n\x83\xc8\xdb\xc1\xdc=3\x08\x08\x06@n\x19\x14\x8b\x8d\xf3\x01\x11\xf7f\xf4z\xa6\xa8\xd3\x1e\xfa\x08y\xfe\xdc\x86\x12 \x0ep\x1c=#\xa23\xa0\x1d\xcaS\x08\x11Yy#\xd5\x1d\x1c\x05D\xb2\xc1,\xe0?\x8f\xe0HL\x06L\x15\xc3\xb4\xd0\xc0\xb2\xa7O\x0c\xb2\x0et\x93\xbf\x93\n#\\\x8a\xc60#@\xf4\x04_\xb6A_\x161k\xd4&gt;;\xe7\xd7\xc2\xc7k\x07\x9d:\xe8\xc26\xee\x99\xee\xa2mG\xb9q\xb5F$\x00\xc3\xb8\x96/U\x97\x8e\xc0\x9c+\xf5p=ij8e\xbc\xa3_x\x99\xf6\xee8\x99\x81\x94\xff\xa9\x11#\x1e\x02\xe5\xf1\x12:%\xd3\x14\x8f\xbb\xb4d\xfd\xd5\xa5/\x0f^L\x9eC\x8f\xad\x18\xad\xb55M"T\xc9\x88\x89i\xd3H\x1a\xb1\'\x02$%zb\xbeS\x85rN\x13\x91n\x1d\xcc\xc7*J\xeb \xf88\xd8\xc6b4\xe4\xb6\x8djb\x05\xc3\x98\xa3\x89\xda\xa6\x15\xc5\x10?\xe9\x18&lt;\xdaK\xddn/|\xc5\x04=!\xf1\xb9U\xe0-\xd2,}"\x89D\x00\x18\x84&lt;\x00H\xb7"\xde\xe1\x1cVq\x93\x80\x01U\xc8&gt;\x17\x94yS\x17Q\x13PK\x14"\x80h\xffx4\xb9\xfa\t6\x88jm)\x0e\x85O\xd2\xb5\xc4\xeaA\x84\x963&amp;\x88\x96\x1e\xa5Dm}\xe6\x98\x13\xa4B\xd5\xccP\xa2\xc1\x01\x8a\xfa\xf5\xa11e\xa4\xf3\x9a&gt;\xf79Z_\x0f\x99\x91\x08\xa8R\xbe\x9a\x82d\x8e\x98\xc4\xc8\x1a\xba\xf5,\xa8\x1e\x1dyA\x8e\xa1\xbc\x03\x84\xe8,2y\xa9I\x92\x93\x95\x8dl5\x8b\x85aBp,\xdeYXW\xce\x11\n[1\x8d\xc2C\xe9i\x01\x06\xf2\xff#\x91\x1fl\xa6\x04@\xd4\xb7&lt;\x1a\x10\xc1\xdd\xab\xec\xd68\x88\xc0\x12\x1a\xc8\x8c_V\xc8\x8c\x19\x0e\x8b\xe1`\x88`\rX\x1a\xf5\x07\xbdN\xa7\xd3\x9b\x9b\x99A\x93\xe5\x19\x10@#7\xadfkq\xf6( \x18\x83\x99\x81V\xc3\x00\xd0\xb0\xb0\x83\xe1p\xedR\xf7\xfe\x87\xce,_\xbct\xe1\xdc\x85\xa3W\x1e\xcfsC\x00\x98\xe7\x83l\xff\xccL\xf3\xda\xa5\xec\x9e\xd3\x9dK\xbd\xd1L3[:\x9c\xcf6\xcc\xf9\xf5\xa2\xd1\x9em\xcc\xed[\xd87\xd7\xeb\x0f\xf3&lt;/F\x05\x82]\xdb\xd8\x9c\x99m\x17\xc5\x88\x00:\x9d\xee\xe6\xca}f\xe1\x8a\xd6\x15\xd7g\xb9\x87d\xd6Z \x18\x8e\x86\x87\x16\x9b\xcb\x1d\xeeN\xe2\x01\x1d\xdb\x91\xd1\x8f\x14\x02wc\x08\xa2\t&lt;\xf6|\xd2\xa9B\x0318\x8cw\xe6\x01\x85~\xec\x9f\x1d\x86&amp;\xee\xf5"C\xa2A\x85\xfehi&gt;\xca\xde\xb5\x0f\x81\xdb\x16\xa9DM\xd23d\x16\x8dW:\x82\xa7=\xbbE\x84\x15=R5@\xb5\xf1\xd0\xa5B!4.*\x19\'\xc42P\xd1\xe2E0\xe9&lt;\x9d\xa4\x93m\x84\xa2\x17\x85\xa5\x18\xf6\xb2\x87\xc8\r\xb8\xbc\x81\xc0\x04\xffg\x00\x00\xe7\xc1\r\x80
[...]
<status status="PASS" start="2026-03-03T03:58:35.232836" elapsed="0.000214"/>
</kw>
<kw name="Status Should Be" owner="RequestsLibrary">
<arg>201</arg>
<arg>${response}</arg>
<doc>Fails if response status code is different than the expected.</doc>
<status status="PASS" start="2026-03-03T03:58:35.233119" elapsed="0.000110"/>
</kw>
<kw name="Log" owner="BuiltIn">
<msg time="2026-03-03T03:58:35.233663" level="INFO">{"success":true,"message":"User created successfully. Please wait for verification.","data":{"id":"cmm9nvfx3005wvj2g1ym1d26a","username":"tester","email":"tester1@gmail.com","firstName":"John","lastName":"Doe","gender":"MALE","phoneNumber":"0123456789","profilePicture":null,"nationalIdNumber":"1234567891232","nationalIdPhotoUrl":"https://res.cloudinary.com/dmicvyxru/image/upload/v1772485114/painamnae/national_ids/cqanwmku7fewrsgvjhqq.png","nationalIdExpiryDate":"2547-06-06T00:00:00.000Z","selfiePhotoUrl":"https://res.cloudinary.com/dmicvyxru/image/upload/v1772485114/painamnae/selfies/rthnvwkmojbnfmgutro7.png","role":"PASSENGER","isVerified":false,"isActive":true,"otpCode":null,"lastLogin":null,"createdAt":"2026-03-02T20:58:35.224Z","updatedAt":"2026-03-02T20:58:35.224Z","passengerSuspendedUntil":null,"driverSuspendedUntil":null,"isDeleted":false}}</msg>
<arg>${response.text}</arg>
<doc>Logs the given message with the given level.</doc>
<status status="PASS" start="2026-03-03T03:58:35.233297" elapsed="0.000402"/>
</kw>
<status status="PASS" start="2026-03-03T03:58:34.089724" elapsed="1.144026"/>
</kw>
<kw name="Background login">
<kw name="Create Session" owner="RequestsLibrary">
<msg time="2026-03-03T03:58:35.234299" level="INFO">Creating Session using : alias=mysession, url=http://localhost:8080, headers={},                     cookies={}, auth=None, timeout=None, proxies=None, verify=False,                     debug=0 </msg>
<arg>mysession</arg>
<arg>${URL}</arg>
<doc>Create Session: create a HTTP session to a server</doc>
<status status="PASS" start="2026-03-03T03:58:35.234207" elapsed="0.000199"/>
</kw>
<kw name="Create Dictionary" owner="BuiltIn">
<msg time="2026-03-03T03:58:35.234737" level="INFO">${login_payload} = {'username': 'tester', 'password': 'tester555'}</msg>
<var>${login_payload}</var>
<arg>username=${username}</arg>
<arg>password=${password}</arg>
<doc>Creates and returns a dictionary based on the given ``items``.</doc>
<status status="PASS" start="2026-03-03T03:58:35.234487" elapsed="0.000271"/>
</kw>
<kw name="POST On Session" owner="RequestsLibrary">
<msg time="2026-03-03T03:58:35.302890" level="INFO">POST Request : url=http://localhost:8080/api/auth/login 
 path_url=/api/auth/login 
 headers={'User-Agent': 'python-requests/2.32.5', 'Accept-Encoding': 'gzip, deflate, zstd', 'Accept': '*/*', 'Connection': 'keep-alive', 'Content-Length': '47', 'Content-Type': 'application/json'} 
 body=b'{"username": "tester", "password": "tester555"}' 
 </msg>
<msg time="2026-03-03T03:58:35.302965" level="INFO">POST Response : url=http://localhost:8080/api/auth/login 
 status=200, reason=OK 
 headers={'Content-Security-Policy': "default-src 'self';base-uri 'self';font-src 'self' https: data:;form-action 'self';frame-ancestors 'self';img-src 'self' data:;object-src 'none';script-src 'self';script-src-attr 'none';style-src 'self' https: 'unsafe-inline';upgrade-insecure-requests", 'Cross-Origin-Opener-Policy': 'same-origin', 'Cross-Origin-Resource-Policy': 'same-origin', 'Origin-Agent-Cluster': '?1', 'Referrer-Policy': 'no-referrer', 'Strict-Transport-Security': 'max-age=15552000; includeSubDomains', 'X-Content-Type-Options': 'nosniff', 'X-DNS-Prefetch-Control': 'off', 'X-Download-Options': 'noopen', 'X-Frame-Options': 'SAMEORIGIN', 'X-Permitted-Cross-Domain-Policies': 'none', 'X-XSS-Protection': '0', 'Vary': 'Origin', 'Access-Control-Allow-Credentials': 'true', 'Content-Type': 'application/json; charset=utf-8', 'Content-Length': '497', 'ETag': 'W/"1f1-JqcuTbuEDXObJZbrA9PIJd8yAZ0"', 'Date': 'Mon, 02 Mar 2026 20:58:35 GMT', 'Connection': 'keep-alive', 'Keep-Alive': 'timeout=5'} 
 body={"success":true,"message":"Login successful","data":{"token":"eyJhbGciOiJIUzI1NiIsInR5cCI6IkpXVCJ9.eyJzdWIiOiJjbW05bnZmeDMwMDV3dmoyZzF5bTFkMjZhIiwicm9sZSI6IlBBU1NFTkdFUiIsImVtYWlsIjoidGVzdGVyMUBnbWFpbC5jb20iLCJpYXQiOjE3NzI0ODUxMTUsImV4cCI6MTc3MjQ4ODcxNX0.pIpsU-KfvFdWzSmNEa6usyu2B07PLa0dlACx8-EZGuI","user":{"id":"cmm9nvfx3005wvj2g1ym1d26a","firstName":"John","lastName":"Doe","profilePicture":null,"role":"PASSENGER","passengerSuspendedUntil":null,"driverSuspendedUntil":null,"isDeleted":false}}} 
 </msg>
<msg time="2026-03-03T03:58:35.303068" level="INFO">${login_response} = &lt;Response [200]&gt;</msg>
<var>${login_response}</var>
<arg>mysession</arg>
<arg>/api/auth/login</arg>
<arg>json=${login_payload}</arg>
<doc>Sends a POST request on a previously created HTTP Session.</doc>
<status status="PASS" start="2026-03-03T03:58:35.234832" elapsed="0.068256"/>
</kw>
<kw name="Set Variable" owner="BuiltIn">
<msg time="2026-03-03T03:58:35.303794" level="INFO">${login_body} = {'success': True, 'message': 'Login successful', 'data': {'token': 'eyJhbGciOiJIUzI1NiIsInR5cCI6IkpXVCJ9.eyJzdWIiOiJjbW05bnZmeDMwMDV3dmoyZzF5bTFkMjZhIiwicm9sZSI6IlBBU1NFTkdFUiIsImVtYWlsIjoidGVzdGVyMUB...</msg>
<var>${login_body}</var>
<arg>${login_response.json()}</arg>
<doc>Returns the given values which can then be assigned to a variables.</doc>
<status status="PASS" start="2026-03-03T03:58:35.303214" elapsed="0.000608"/>
</kw>
<kw name="Set Test Variable" owner="BuiltIn">
<msg time="2026-03-03T03:58:35.304349" level="INFO">${ACCESS_TOKEN} = eyJhbGciOiJIUzI1NiIsInR5cCI6IkpXVCJ9.eyJzdWIiOiJjbW05bnZmeDMwMDV3dmoyZzF5bTFkMjZhIiwicm9sZSI6IlBBU1NFTkdFUiIsImVtYWlsIjoidGVzdGVyMUBnbWFpbC5jb20iLCJpYXQiOjE3NzI0ODUxMTUsImV4cCI6MTc3MjQ4ODcxNX0.pIpsU-K...</msg>
<arg>${ACCESS_TOKEN}</arg>
<arg>${login_body["data"]["token"]}</arg>
<doc>Makes a variable available everywhere within the scope of the current test.</doc>
<status status="PASS" start="2026-03-03T03:58:35.303943" elapsed="0.000438"/>
</kw>
<status status="PASS" start="2026-03-03T03:58:35.234021" elapsed="0.070411"/>
</kw>
<kw name="Create Dictionary" owner="BuiltIn">
<msg time="2026-03-03T03:58:35.304894" level="INFO">${headers} = {'Authorization': 'Bearer eyJhbGciOiJIUzI1NiIsInR5cCI6IkpXVCJ9.eyJzdWIiOiJjbW05bnZmeDMwMDV3dmoyZzF5bTFkMjZhIiwicm9sZSI6IlBBU1NFTkdFUiIsImVtYWlsIjoidGVzdGVyMUBnbWFpbC5jb20iLCJpYXQiOjE3NzI0ODUxMTUsImV4c...</msg>
<var>${headers}</var>
<arg>Authorization=Bearer ${ACCESS_TOKEN}</arg>
<arg>Content-Type=application/json</arg>
<doc>Creates and returns a dictionary based on the given ``items``.</doc>
<status status="PASS" start="2026-03-03T03:58:35.304657" elapsed="0.000257"/>
</kw>
<kw name="Create Session" owner="RequestsLibrary">
<msg time="2026-03-03T03:58:35.305235" level="INFO">Creating Session using : alias=mysession, url=http://localhost:8080, headers={'Authorization': 'Bearer eyJhbGciOiJIUzI1NiIsInR5cCI6IkpXVCJ9.eyJzdWIiOiJjbW05bnZmeDMwMDV3dmoyZzF5bTFkMjZhIiwicm9sZSI6IlBBU1NFTkdFUiIsImVtYWlsIjoidGVzdGVyMUBnbWFpbC5jb20iLCJpYXQiOjE3NzI0ODUxMTUsImV4cCI6MTc3MjQ4ODcxNX0.pIpsU-KfvFdWzSmNEa6usyu2B07PLa0dlACx8-EZGuI', 'Content-Type': 'application/json'},                     cookies={}, auth=None, timeout=None, proxies=None, verify=False,                     debug=0 </msg>
<arg>mysession</arg>
<arg>${URL}</arg>
<arg>headers=${headers}</arg>
<doc>Create Session: create a HTTP session to a server</doc>
<status status="PASS" start="2026-03-03T03:58:35.305092" elapsed="0.000241"/>
</kw>
<kw name="Create Dictionary" owner="BuiltIn">
<msg time="2026-03-03T03:58:35.305824" level="INFO">${body} = {'deleteUserRequest': True, 'deleteVehicleRequest': True, 'deleteRouteRequest': True, 'deleteBookingRequest': True}</msg>
<var>${body}</var>
<arg>deleteUserRequest=${True}</arg>
<arg>deleteVehicleRequest=${True}</arg>
<arg>deleteRouteRequest=${True}</arg>
<arg>deleteBookingRequest=${True}</arg>
<doc>Creates and returns a dictionary based on the given ``items``.</doc>
<status status="PASS" start="2026-03-03T03:58:35.305515" elapsed="0.000329"/>
</kw>
<kw name="POST On Session" owner="RequestsLibrary">
<msg time="2026-03-03T03:58:39.176205" level="INFO">POST Request : url=http://localhost:8080/api/delete-request 
 path_url=/api/delete-request 
 headers={'User-Agent': 'python-requests/2.32.5', 'Accept-Encoding': 'gzip, deflate, zstd', 'Accept': '*/*', 'Connection': 'keep-alive', 'Authorization': 'Bearer eyJhbGciOiJIUzI1NiIsInR5cCI6IkpXVCJ9.eyJzdWIiOiJjbW05bnZmeDMwMDV3dmoyZzF5bTFkMjZhIiwicm9sZSI6IlBBU1NFTkdFUiIsImVtYWlsIjoidGVzdGVyMUBnbWFpbC5jb20iLCJpYXQiOjE3NzI0ODUxMTUsImV4cCI6MTc3MjQ4ODcxNX0.pIpsU-KfvFdWzSmNEa6usyu2B07PLa0dlACx8-EZGuI', 'Content-Type': 'application/json', 'Content-Length': '115'} 
 body=b'{"deleteUserRequest": true, "deleteVehicleRequest": true, "deleteRouteRequest": true, "deleteBookingRequest": true}' 
 </msg>
<msg time="2026-03-03T03:58:39.176289" level="INFO">POST Response : url=http://localhost:8080/api/delete-request 
 status=200, reason=OK 
 headers={'Content-Security-Policy': "default-src 'self';base-uri 'self';font-src 'self' https: data:;form-action 'self';frame-ancestors 'self';img-src 'self' data:;object-src 'none';script-src 'self';script-src-attr 'none';style-src 'self' https: 'unsafe-inline';upgrade-insecure-requests", 'Cross-Origin-Opener-Policy': 'same-origin', 'Cross-Origin-Resource-Policy': 'same-origin', 'Origin-Agent-Cluster': '?1', 'Referrer-Policy': 'no-referrer', 'Strict-Transport-Security': 'max-age=15552000; includeSubDomains', 'X-Content-Type-Options': 'nosniff', 'X-DNS-Prefetch-Control': 'off', 'X-Download-Options': 'noopen', 'X-Frame-Options': 'SAMEORIGIN', 'X-Permitted-Cross-Domain-Policies': 'none', 'X-XSS-Protection': '0', 'Vary': 'Origin', 'Access-Control-Allow-Credentials': 'true', 'Content-Type': 'application/json; charset=utf-8', 'Content-Length': '61', 'ETag': 'W/"3d-Q5cV83Oa+F3Qt4I+8VfqZ7mUVPk"', 'Date': 'Mon, 02 Mar 2026 20:58:39 GMT', 'Connection': 'keep-alive', 'Keep-Alive': 'timeout=5'} 
 body={"success":true,"message":"Delete request sent successfully"} 
 </msg>
<msg time="2026-03-03T03:58:39.176412" level="INFO">${response} = &lt;Response [200]&gt;</msg>
<var>${response}</var>
<arg>mysession</arg>
<arg>/api/delete-request</arg>
<arg>json=${body}</arg>
<doc>Sends a POST request on a previously created HTTP Session.</doc>
<status status="PASS" start="2026-03-03T03:58:35.306018" elapsed="3.870427"/>
</kw>
<kw name="Should Be Success Status">
<kw name="Should Be Equal As Integers" owner="BuiltIn">
<msg time="2026-03-03T03:58:39.177538" level="INFO">Argument types are:
&lt;class 'int'&gt;
&lt;class 'str'&gt;</msg>
<arg>${response.status_code}</arg>
<arg>${expected_status}</arg>
<doc>Fails if objects are unequal after converting them to integers.</doc>
<status status="PASS" start="2026-03-03T03:58:39.177060" elapsed="0.000528"/>
</kw>
<arg>${response}</arg>
<arg>200</arg>
<status status="PASS" start="2026-03-03T03:58:39.176758" elapsed="0.000888"/>
</kw>
<kw name="Set Variable" owner="BuiltIn">
<msg time="2026-03-03T03:58:39.178255" level="INFO">${json} = {'success': True, 'message': 'Delete request sent successfully'}</msg>
<var>${json}</var>
<arg>${response.json()}</arg>
<doc>Returns the given values which can then be assigned to a variables.</doc>
<status status="PASS" start="2026-03-03T03:58:39.177795" elapsed="0.000486"/>
</kw>
<kw name="Should Be True" owner="BuiltIn">
<arg>${json["success"]}</arg>
<doc>Fails if the given condition is not true.</doc>
<status status="PASS" start="2026-03-03T03:58:39.178448" elapsed="0.000446"/>
</kw>
<kw name="Delete Created User">
<kw name="Create Session" owner="RequestsLibrary">
<msg time="2026-03-03T03:58:39.179429" level="INFO">Creating Session using : alias=mysession, url=http://localhost:8080, headers={},                     cookies={}, auth=None, timeout=None, proxies=None, verify=False,                     debug=0 </msg>
<arg>mysession</arg>
<arg>${URL}</arg>
<doc>Create Session: create a HTTP session to a server</doc>
<status status="PASS" start="2026-03-03T03:58:39.179340" elapsed="0.000196"/>
</kw>
<kw name="Create Dictionary" owner="BuiltIn">
<msg time="2026-03-03T03:58:39.179891" level="INFO">${login_payload} = {'username': 'tester2', 'password': 'tester555'}</msg>
<var>${login_payload}</var>
<arg>username=${username2}</arg>
<arg>password=${password2}</arg>
<doc>Creates and returns a dictionary based on the given ``items``.</doc>
<status status="PASS" start="2026-03-03T03:58:39.179625" elapsed="0.000290"/>
</kw>
<kw name="POST On Session" owner="RequestsLibrary">
<msg time="2026-03-03T03:58:39.250626" level="INFO">POST Request : url=http://localhost:8080/api/auth/login 
 path_url=/api/auth/login 
 headers={'User-Agent': 'python-requests/2.32.5', 'Accept-Encoding': 'gzip, deflate, zstd', 'Accept': '*/*', 'Connection': 'keep-alive', 'Content-Length': '48', 'Content-Type': 'application/json'} 
 body=b'{"username": "tester2", "password": "tester555"}' 
 </msg>
<msg time="2026-03-03T03:58:39.250728" level="INFO">POST Response : url=http://localhost:8080/api/auth/login 
 status=200, reason=OK 
 headers={'Content-Security-Policy': "default-src 'self';base-uri 'self';font-src 'self' https: data:;form-action 'self';frame-ancestors 'self';img-src 'self' data:;object-src 'none';script-src 'self';script-src-attr 'none';style-src 'self' https: 'unsafe-inline';upgrade-insecure-requests", 'Cross-Origin-Opener-Policy': 'same-origin', 'Cross-Origin-Resource-Policy': 'same-origin', 'Origin-Agent-Cluster': '?1', 'Referrer-Policy': 'no-referrer', 'Strict-Transport-Security': 'max-age=15552000; includeSubDomains', 'X-Content-Type-Options': 'nosniff', 'X-DNS-Prefetch-Control': 'off', 'X-Download-Options': 'noopen', 'X-Frame-Options': 'SAMEORIGIN', 'X-Permitted-Cross-Domain-Policies': 'none', 'X-XSS-Protection': '0', 'Vary': 'Origin', 'Access-Control-Allow-Credentials': 'true', 'Content-Type': 'application/json; charset=utf-8', 'Content-Length': '488', 'ETag': 'W/"1e8-WRHPNBpZVAQkzs70FXOcQWJyK8c"', 'Date': 'Mon, 02 Mar 2026 20:58:39 GMT', 'Connection': 'keep-alive', 'Keep-Alive': 'timeout=5'} 
 body={"success":true,"message":"Login successful","data":{"token":"eyJhbGciOiJIUzI1NiIsInR5cCI6IkpXVCJ9.eyJzdWIiOiJjbW05MzRrODEwMDBmdmoyZ3c1aDVnbXJnIiwicm9sZSI6IkFETUlOIiwiZW1haWwiOiJ0ZXN0ZXIyQGdtYWlsLmNvbSIsImlhdCI6MTc3MjQ4NTExOSwiZXhwIjoxNzcyNDg4NzE5fQ.xiP5P2MV87mTdLdbu-xo45l4lE3EjzqatDwoHwDgUW8","user":{"id":"cmm934k81000fvj2gw5h5gmrg","firstName":"Jane","lastName":"Doe","profilePicture":null,"role":"ADMIN","passengerSuspendedUntil":null,"driverSuspendedUntil":null,"isDeleted":false}}} 
 </msg>
<msg time="2026-03-03T03:58:39.250828" level="INFO">${login_response} = &lt;Response [200]&gt;</msg>
<var>${login_response}</var>
<arg>mysession</arg>
<arg>/api/auth/login</arg>
<arg>json=${login_payload}</arg>
<doc>Sends a POST request on a previously created HTTP Session.</doc>
<status status="PASS" start="2026-03-03T03:58:39.179993" elapsed="0.070856"/>
</kw>
<kw name="Set Variable" owner="BuiltIn">
<msg time="2026-03-03T03:58:39.251528" level="INFO">${login_body} = {'success': True, 'message': 'Login successful', 'data': {'token': 'eyJhbGciOiJIUzI1NiIsInR5cCI6IkpXVCJ9.eyJzdWIiOiJjbW05MzRrODEwMDBmdmoyZ3c1aDVnbXJnIiwicm9sZSI6IkFETUlOIiwiZW1haWwiOiJ0ZXN0ZXIyQGdtYWl...</msg>
<var>${login_body}</var>
<arg>${login_response.json()}</arg>
<doc>Returns the given values which can then be assigned to a variables.</doc>
<status status="PASS" start="2026-03-03T03:58:39.250979" elapsed="0.000577"/>
</kw>
<kw name="Set Test Variable" owner="BuiltIn">
<msg time="2026-03-03T03:58:39.252112" level="INFO">${ADMIN_TOKEN} = eyJhbGciOiJIUzI1NiIsInR5cCI6IkpXVCJ9.eyJzdWIiOiJjbW05MzRrODEwMDBmdmoyZ3c1aDVnbXJnIiwicm9sZSI6IkFETUlOIiwiZW1haWwiOiJ0ZXN0ZXIyQGdtYWlsLmNvbSIsImlhdCI6MTc3MjQ4NTExOSwiZXhwIjoxNzcyNDg4NzE5fQ.xiP5P2MV87mT...</msg>
<arg>${ADMIN_TOKEN}</arg>
<arg>${login_body["data"]["token"]}</arg>
<doc>Makes a variable available everywhere within the scope of the current test.</doc>
<status status="PASS" start="2026-03-03T03:58:39.251662" elapsed="0.000487"/>
</kw>
<kw name="Create Dictionary" owner="BuiltIn">
<msg time="2026-03-03T03:58:39.252475" level="INFO">${headers} = {'Authorization': 'Bearer eyJhbGciOiJIUzI1NiIsInR5cCI6IkpXVCJ9.eyJzdWIiOiJjbW05MzRrODEwMDBmdmoyZ3c1aDVnbXJnIiwicm9sZSI6IkFETUlOIiwiZW1haWwiOiJ0ZXN0ZXIyQGdtYWlsLmNvbSIsImlhdCI6MTc3MjQ4NTExOSwiZXhwIjoxN...</msg>
<var>${headers}</var>
<arg>Authorization=Bearer ${ADMIN_TOKEN}</arg>
<doc>Creates and returns a dictionary based on the given ``items``.</doc>
<status status="PASS" start="2026-03-03T03:58:39.252246" elapsed="0.000250"/>
</kw>
<kw name="Run Keyword And Ignore Error" owner="BuiltIn">
<kw name="DELETE On Session" owner="RequestsLibrary">
<msg time="2026-03-03T03:58:39.257452" level="INFO">DELETE Request : url=http://localhost:8080/api/users/admin/cmm9nvfx3005wvj2g1ym1d26a 
 path_url=/api/users/admin/cmm9nvfx3005wvj2g1ym1d26a 
 headers={'User-Agent': 'python-requests/2.32.5', 'Accept-Encoding': 'gzip, deflate, zstd', 'Accept': '*/*', 'Connection': 'keep-alive', 'Authorization': 'Bearer eyJhbGciOiJIUzI1NiIsInR5cCI6IkpXVCJ9.eyJzdWIiOiJjbW05MzRrODEwMDBmdmoyZ3c1aDVnbXJnIiwicm9sZSI6IkFETUlOIiwiZW1haWwiOiJ0ZXN0ZXIyQGdtYWlsLmNvbSIsImlhdCI6MTc3MjQ4NTExOSwiZXhwIjoxNzcyNDg4NzE5fQ.xiP5P2MV87mTdLdbu-xo45l4lE3EjzqatDwoHwDgUW8', 'Content-Length': '0'} 
 body=None 
 </msg>
<msg time="2026-03-03T03:58:39.257538" level="INFO">DELETE Response : url=http://localhost:8080/api/users/admin/cmm9nvfx3005wvj2g1ym1d26a 
 status=200, reason=OK 
 headers={'Content-Security-Policy': "default-src 'self';base-uri 'self';font-src 'self' https: data:;form-action 'self';frame-ancestors 'self';img-src 'self' data:;object-src 'none';script-src 'self';script-src-attr 'none';style-src 'self' https: 'unsafe-inline';upgrade-insecure-requests", 'Cross-Origin-Opener-Policy': 'same-origin', 'Cross-Origin-Resource-Policy': 'same-origin', 'Origin-Agent-Cluster': '?1', 'Referrer-Policy': 'no-referrer', 'Strict-Transport-Security': 'max-age=15552000; includeSubDomains', 'X-Content-Type-Options': 'nosniff', 'X-DNS-Prefetch-Control': 'off', 'X-Download-Options': 'noopen', 'X-Frame-Options': 'SAMEORIGIN', 'X-Permitted-Cross-Domain-Policies': 'none', 'X-XSS-Protection': '0', 'Vary': 'Origin', 'Access-Control-Allow-Credentials': 'true', 'Content-Type': 'application/json; charset=utf-8', 'Content-Length': '108', 'ETag': 'W/"6c-CzdNWSXcDmrNOdUmXZGdHbY029M"', 'Date': 'Mon, 02 Mar 2026 20:58:39 GMT', 'Connection': 'keep-alive', 'Keep-Alive': 'timeout=5'} 
 body={"success":true,"message":"User deleted successfully.","data":{"deletedUserId":"cmm9nvfx3005wvj2g1ym1d26a"}} 
 </msg>
<arg>mysession</arg>
<arg>/api/users/admin/${USER_ID}</arg>
<arg>headers=${headers}</arg>
<doc>Sends a DELETE request on a previously created HTTP Session.</doc>
<status status="PASS" start="2026-03-03T03:58:39.252759" elapsed="0.004835"/>
</kw>
<arg>DELETE On Session</arg>
<arg>mysession</arg>
<arg>/api/users/admin/${USER_ID}</arg>
<arg>headers=${headers}</arg>
<doc>Runs the given keyword with the given arguments and ignores possible error.</doc>
<status status="PASS" start="2026-03-03T03:58:39.252575" elapsed="0.005084"/>
</kw>
<status status="PASS" start="2026-03-03T03:58:39.179172" elapsed="0.078543"/>
</kw>
<kw name="Sleep" owner="BuiltIn">
<msg time="2026-03-03T03:58:41.259336" level="INFO">Slept 2 seconds.</msg>
<arg>2s</arg>
<doc>Pauses the test executed for the given time.</doc>
<status status="PASS" start="2026-03-03T03:58:39.257943" elapsed="2.001729"/>
</kw>
<status status="PASS" start="2026-03-03T03:58:34.088718" elapsed="7.171915"/>
</test>
<status status="PASS" start="2026-03-03T03:58:17.138407" elapsed="24.126434"/>
</suite>
<statistics>
<total>
<stat pass="5" fail="0" skip="0">All Tests</stat>
</total>
<tag>
</tag>
<suite>
<stat name="testAPI" id="s1" pass="5" fail="0" skip="0">testAPI</stat>
</suite>
</statistics>
<errors>
</errors>
</robot>
