<?xml version="1.0" encoding="UTF-8"?>
<robot generator="Robot 7.3.2 (Python 3.11.9 on win32)" generated="2026-03-03T21:48:30.031547" rpa="false" schemaversion="5">
<suite id="s1" name="testAPI" source="D:\SoftwareEngineer\Story2\Software_Engineer_PaiNamNae\test\API Story 1\testAPI.robot">
<kw name="Create Session And Login" type="SETUP">
<kw name="Create Session" owner="RequestsLibrary">
<msg time="2026-03-03T21:48:30.128023" level="INFO">Creating Session using : alias=api, url=http://localhost:8080, headers={},                     cookies={}, auth=None, timeout=None, proxies=None, verify=False,                     debug=0 </msg>
<arg>api</arg>
<arg>${BASE_URL}</arg>
<arg>verify=False</arg>
<doc>Create Session: create a HTTP session to a server</doc>
<status status="PASS" start="2026-03-03T21:48:30.127024" elapsed="0.000999"/>
</kw>
<kw name="Create Dictionary" owner="BuiltIn">
<msg time="2026-03-03T21:48:30.128023" level="INFO">${body} = {'email': 'admin@example.com', 'password': '123456789'}</msg>
<var>${body}</var>
<arg>email=${ADMIN_EMAIL}</arg>
<arg>password=${ADMIN_PASSWORD}</arg>
<doc>Creates and returns a dictionary based on the given ``items``.</doc>
<status status="PASS" start="2026-03-03T21:48:30.128023" elapsed="0.000000"/>
</kw>
<kw name="POST On Session" owner="RequestsLibrary">
<msg time="2026-03-03T21:48:30.207065" level="INFO">POST Request : url=http://localhost:8080/api/auth/login 
 path_url=/api/auth/login 
 headers={'User-Agent': 'python-requests/2.32.5', 'Accept-Encoding': 'gzip, deflate', 'Accept': '*/*', 'Connection': 'keep-alive', 'Content-Length': '55', 'Content-Type': 'application/json'} 
 body=b'{"email": "admin@example.com", "password": "123456789"}' 
 </msg>
<msg time="2026-03-03T21:48:30.207065" level="INFO">POST Response : url=http://localhost:8080/api/auth/login 
 status=200, reason=OK 
 headers={'Content-Security-Policy': "default-src 'self';base-uri 'self';font-src 'self' https: data:;form-action 'self';frame-ancestors 'self';img-src 'self' data:;object-src 'none';script-src 'self';script-src-attr 'none';style-src 'self' https: 'unsafe-inline';upgrade-insecure-requests", 'Cross-Origin-Opener-Policy': 'same-origin', 'Cross-Origin-Resource-Policy': 'same-origin', 'Origin-Agent-Cluster': '?1', 'Referrer-Policy': 'no-referrer', 'Strict-Transport-Security': 'max-age=15552000; includeSubDomains', 'X-Content-Type-Options': 'nosniff', 'X-DNS-Prefetch-Control': 'off', 'X-Download-Options': 'noopen', 'X-Frame-Options': 'SAMEORIGIN', 'X-Permitted-Cross-Domain-Policies': 'none', 'X-XSS-Protection': '0', 'Vary': 'Origin', 'Access-Control-Allow-Credentials': 'true', 'Content-Type': 'application/json; charset=utf-8', 'Content-Length': '500', 'ETag': 'W/"1f4-obZmp3dFfURDfU0TQwXqR+K5Epc"', 'Date': 'Tue, 03 Mar 2026 14:48:30 GMT', 'Connection': 'keep-alive', 'Keep-Alive': 'timeout=5'} 
 body={"success":true,"message":"Login successful","data":{"token":"eyJhbGciOiJIUzI1NiIsInR5cCI6IkpXVCJ9.eyJzdWIiOiJjbW03dml3YXAwMDAwYjR2Yzkwam12MGV6Iiwicm9sZSI6IkFETUlOIiwiZW1haWwiOiJhZG1pbkBleGFtcGxlLmNvbSIsImlhdCI6MTc3MjU0OTMxMCwiZXhwIjoxNzcyNTUyOTEwfQ.9x8Ujpt3rSVyuSXhduMSXAB4Eh5pmsDHDf6NXh7jdso","user":{"id":"cmm7viwap0000b4vc90jmv0ez","firstName":"System","lastName":"Administrator","profilePicture":null,"role":"ADMIN","passengerSuspendedUntil":null,"driverSuspendedUntil":null,"isDeleted":false}}} 
 </msg>
<msg time="2026-03-03T21:48:30.207065" level="INFO">${resp} = &lt;Response [200]&gt;</msg>
<var>${resp}</var>
<arg>api</arg>
<arg>/api/auth/login</arg>
<arg>json=${body}</arg>
<doc>Sends a POST request on a previously created HTTP Session.</doc>
<status status="PASS" start="2026-03-03T21:48:30.128023" elapsed="0.079042"/>
</kw>
<kw name="Should Be Equal As Integers" owner="BuiltIn">
<msg time="2026-03-03T21:48:30.208068" level="INFO">Argument types are:
&lt;class 'int'&gt;
&lt;class 'str'&gt;</msg>
<arg>${resp.status_code}</arg>
<arg>200</arg>
<doc>Fails if objects are unequal after converting them to integers.</doc>
<status status="PASS" start="2026-03-03T21:48:30.207065" elapsed="0.001003"/>
</kw>
<kw name="Set Variable" owner="BuiltIn">
<msg time="2026-03-03T21:48:30.208068" level="INFO">${token} = eyJhbGciOiJIUzI1NiIsInR5cCI6IkpXVCJ9.eyJzdWIiOiJjbW03dml3YXAwMDAwYjR2Yzkwam12MGV6Iiwicm9sZSI6IkFETUlOIiwiZW1haWwiOiJhZG1pbkBleGFtcGxlLmNvbSIsImlhdCI6MTc3MjU0OTMxMCwiZXhwIjoxNzcyNTUyOTEwfQ.9x8Ujpt3rSVy...</msg>
<var>${token}</var>
<arg>${resp.json()["data"]["token"]}</arg>
<doc>Returns the given values which can then be assigned to a variables.</doc>
<status status="PASS" start="2026-03-03T21:48:30.208068" elapsed="0.000000"/>
</kw>
<kw name="Set Suite Variable" owner="BuiltIn">
<msg time="2026-03-03T21:48:30.209075" level="INFO">${TOKEN} = eyJhbGciOiJIUzI1NiIsInR5cCI6IkpXVCJ9.eyJzdWIiOiJjbW03dml3YXAwMDAwYjR2Yzkwam12MGV6Iiwicm9sZSI6IkFETUlOIiwiZW1haWwiOiJhZG1pbkBleGFtcGxlLmNvbSIsImlhdCI6MTc3MjU0OTMxMCwiZXhwIjoxNzcyNTUyOTEwfQ.9x8Ujpt3rSVy...</msg>
<arg>${TOKEN}</arg>
<arg>${token}</arg>
<doc>Makes a variable available everywhere within the scope of the current suite.</doc>
<status status="PASS" start="2026-03-03T21:48:30.208068" elapsed="0.001007"/>
</kw>
<kw name="Log" owner="BuiltIn">
<msg time="2026-03-03T21:48:30.209075" level="INFO">Login successful, token acquired.</msg>
<arg>Login successful, token acquired.</arg>
<doc>Logs the given message with the given level.</doc>
<status status="PASS" start="2026-03-03T21:48:30.209075" elapsed="0.000000"/>
</kw>
<doc>สร้าง Session และล็อกอินเพื่อรับ JWT Token</doc>
<status status="PASS" start="2026-03-03T21:48:30.127024" elapsed="0.082051"/>
</kw>
<test id="s1-t1" name="TC_GL_001 Get All Logs - Default Pagination" line="42">
<kw name="Get Auth Headers">
<kw name="Create Dictionary" owner="BuiltIn">
<msg time="2026-03-03T21:48:30.210076" level="INFO">${headers} = {'Authorization': 'Bearer eyJhbGciOiJIUzI1NiIsInR5cCI6IkpXVCJ9.eyJzdWIiOiJjbW03dml3YXAwMDAwYjR2Yzkwam12MGV6Iiwicm9sZSI6IkFETUlOIiwiZW1haWwiOiJhZG1pbkBleGFtcGxlLmNvbSIsImlhdCI6MTc3MjU0OTMxMCwiZXhwIjoxN...</msg>
<var>${headers}</var>
<arg>Authorization=Bearer ${TOKEN}</arg>
<arg>Content-Type=application/json</arg>
<doc>Creates and returns a dictionary based on the given ``items``.</doc>
<status status="PASS" start="2026-03-03T21:48:30.210076" elapsed="0.000000"/>
</kw>
<return>
<value>${headers}</value>
<status status="PASS" start="2026-03-03T21:48:30.210076" elapsed="0.000000"/>
</return>
<msg time="2026-03-03T21:48:30.210076" level="INFO">${headers} = {'Authorization': 'Bearer eyJhbGciOiJIUzI1NiIsInR5cCI6IkpXVCJ9.eyJzdWIiOiJjbW03dml3YXAwMDAwYjR2Yzkwam12MGV6Iiwicm9sZSI6IkFETUlOIiwiZW1haWwiOiJhZG1pbkBleGFtcGxlLmNvbSIsImlhdCI6MTc3MjU0OTMxMCwiZXhwIjoxN...</msg>
<var>${headers}</var>
<status status="PASS" start="2026-03-03T21:48:30.210076" elapsed="0.000000"/>
</kw>
<kw name="GET On Session" owner="RequestsLibrary">
<msg time="2026-03-03T21:48:30.217738" level="INFO">GET Request : url=http://localhost:8080/api/system-logs 
 path_url=/api/system-logs 
 headers={'User-Agent': 'python-requests/2.32.5', 'Accept-Encoding': 'gzip, deflate', 'Accept': '*/*', 'Connection': 'keep-alive', 'Authorization': 'Bearer eyJhbGciOiJIUzI1NiIsInR5cCI6IkpXVCJ9.eyJzdWIiOiJjbW03dml3YXAwMDAwYjR2Yzkwam12MGV6Iiwicm9sZSI6IkFETUlOIiwiZW1haWwiOiJhZG1pbkBleGFtcGxlLmNvbSIsImlhdCI6MTc3MjU0OTMxMCwiZXhwIjoxNzcyNTUyOTEwfQ.9x8Ujpt3rSVyuSXhduMSXAB4Eh5pmsDHDf6NXh7jdso', 'Content-Type': 'application/json'} 
 body=None 
 </msg>
<msg time="2026-03-03T21:48:30.217738" level="INFO">GET Response : url=http://localhost:8080/api/system-logs 
 status=200, reason=OK 
 headers={'Content-Security-Policy': "default-src 'self';base-uri 'self';font-src 'self' https: data:;form-action 'self';frame-ancestors 'self';img-src 'self' data:;object-src 'none';script-src 'self';script-src-attr 'none';style-src 'self' https: 'unsafe-inline';upgrade-insecure-requests", 'Cross-Origin-Opener-Policy': 'same-origin', 'Cross-Origin-Resource-Policy': 'same-origin', 'Origin-Agent-Cluster': '?1', 'Referrer-Policy': 'no-referrer', 'Strict-Transport-Security': 'max-age=15552000; includeSubDomains', 'X-Content-Type-Options': 'nosniff', 'X-DNS-Prefetch-Control': 'off', 'X-Download-Options': 'noopen', 'X-Frame-Options': 'SAMEORIGIN', 'X-Permitted-Cross-Domain-Policies': 'none', 'X-XSS-Protection': '0', 'Vary': 'Origin', 'Access-Control-Allow-Credentials': 'true', 'Content-Type': 'application/json; charset=utf-8', 'Content-Length': '31568', 'ETag': 'W/"7b50-jl2zJoy5kEPkVEC4cOSqagXpBdk"', 'Date': 'Tue, 03 Mar 2026 14:48:30 GMT', 'Connection': 'keep-alive', 'Keep-Alive': 'timeout=5'} 
 body={"success":true,"message":"System logs retrieved successfully","data":[{"id":"cmmaq3d6n0015t655eheo6nif","timestamp":"2026-03-03T14:48:30.336Z","userId":"cmm7viwap0000b4vc90jmv0ez","action":"LOGIN","level":"INFO","status":"SUCCESS","protocol":"HTTP/1.1","macAddress":null,"ipAddress":"::ffff:172.18.0.1","userAgent":"python-requests/2.32.5","resource":"Auth","targetTable":null,"targetId":null,"details":{"message":"User logged in successfully"},"errorMessage":null,"user":{"username":"admin123","email":"admin@example.com","firstName":"System","lastName":"Administrator","role":"ADMIN"}},{"id":"cmmapyrwk0013t655uk3ockra","timestamp":"2026-03-03T14:44:56.132Z","userId":"cmm7viwap0000b4vc90jmv0ez","action":"DELETE_DATA","level":"INFO","status":"SUCCESS","protocol":"HTTP/1.1","macAddress":null,"ipAddress":"::ffff:172.18.0.1","userAgent":null,"resource":"SystemLog","targetTable":null,"targetId":null,"details":{"message":"Deleted logs older than 90 days","deletedCount":0},"errorMessage":null,"user":{"username":"admin123","email":"admin@example.com","firstName":"System","lastName":"Administrator","role":"ADMIN"}},{"id":"cmmapyrw80011t655f7rjqkd2","timestamp":"2026-03-03T14:44:56.120Z","userId":"cmm7viwap0000b4vc90jmv0ez","action":"DELETE_DATA","level":"INFO","status":"SUCCESS","protocol":"HTTP/1.1","macAddress":null,"ipAddress":"::ffff:172.18.0.1","userAgent":null,"resource":"SystemLog","targetTable":null,"targetId":null,"details":{"message":"Deleted logs older than 90 days","deletedCount":0},"errorMessage":null,"user":{"username":"admin123","email":"admin@example.com","firstName":"System","lastName":"Administrator","role":"ADMIN"}},{"id":"cmmapyrvv000zt655rk66nhrt","timestamp":"2026-03-03T14:44:56.108Z","userId":"cmm7viwap0000b4vc90jmv0ez","action":"EXPORT_LOGS","level":"WARNING","status":"SUCCESS","protocol":"HTTP/1.1","macAddress":null,"ipAddress":"::ffff:172.18.0.1","userAgent":"python-requests/2.32.5","resource":"SystemLog","targetTable":null,"targetId":null,"details":{"message":"Admin exported system logs securely","filterUsed":{"level":"ERROR","search":"","resource":"User"},"generatedHash":"14f8ccb79536a26c6bca98e367941a3bd617d92406246cd5132843772b377f14"},"errorMessage":null,"user":{"username":"admin123","email":"admin@example.com","firstName":"System","lastName":"Administrator","role":"ADMIN"}},{"id":"cmmapyrvh000xt655oi9ot74u","timestamp":"2026-03-03T14:44:56.093Z","userId":"cmm7viwap0000b4vc90jmv0ez","action":"EXPORT_LOGS","level":"WARNING","status":"SUCCESS","protocol":"HTTP/1.1","macAddress":null,"ipAddress":"::ffff:172.18.0.1","userAgent":"python-requests/2.32.5","resource":"SystemLog","targetTable":null,"targetId":null,"details":{"message":"Admin exported system logs securely","filterUsed":{"search":""},"generatedHash":"f32b37933f6de9fb0dce73e2896820682b29881c90f5ccf93ce97af4db2b5748"},"errorMessage":null,"user":{"username":"admin123","email":"admin@example.com","firstName":"System","lastName":"Administrator","role":"ADMIN"}},{"id":"cmmapyruv000vt655yj6f13hs","timestamp":"2026-03-03T14:44:56.071Z","userId":"cmm7viwap0000b4vc90jmv0ez","action":"EXPORT_LOGS","level":"WARNING","status":"SUCCESS","protocol":"HTTP/1.1","macAddress":null,"ipAddress":"::ffff:172.18.0.1","userAgent":"python-requests/2.32.5","resource":"SystemLog","targetTable":null,"targetId":null,"details":{"message":"Admin exported system logs securely","filterUsed":{"search":""},"generatedHash":"bee83c4078b453bf50f575d57962d5770a04162fa56306b367badb801b5fc857"},"errorMessage":null,"user":{"username":"admin123","email":"admin@example.com","firstName":"System","lastName":"Administrator","role":"ADMIN"}},{"id":"cmmapyruf000tt655iifmfkbv","timestamp":"2026-03-03T14:44:56.055Z","userId":"cmm7viwap0000b4vc90jmv0ez","action":"EXPORT_LOGS","level":"WARNING","status":"SUCCESS","protocol":"HTTP/1.1","macAddress":null,"ipAddress":"::ffff:172.18.0.1","userAgent":"python-requests/2.32.5","resource":"SystemLog","targetTable":null,"targetId":null,"details":{"message":"Admin exported system logs securely","filterUsed":{"search":"","endDate":"2026-03-03","startDate":"2026-03-03"},"generatedHash":"4ce8e654c2f5dad02f997d6a094fa970c871998b5978bee7e3971f81815731af"},"errorMessage":null,"user":{"username":"admin123","email":"admin@example.com","firstName":"System","lastName":"Administrator","role":"ADMIN"}},{"id":"cmmapyrtr000rt655edrhcv66","timestamp":"2026-03-03T14:44:56.032Z","userId":"cmm7viwap0000b4vc90jmv0ez","action":"EXPORT_LOGS","level":"WARNING","status":"SUCCESS","protocol":"HTTP/1.1","macAddress":null,"ipAddress":"::ffff:172.18.0.1","userAgent":"python-requests/2.32.5","resource":"SystemLog","targetTable":null,"targetId":null,"details":{"message":"Admin exported system logs securely","filterUsed":{"level":"WARNING","search":""},"generatedHash":"3127f6646c518a28d2eae3b0d7410490b36f9ab194eade2ed361da9e69fd0e5b"},"errorMessage":null,"user":{"username":"admin123","email":"admin@example.com","firstName":"System","lastName":"Administrator","role":"ADMIN"}},{"id":"cmmapyrsz000pt655qbzl073l","timestamp":"2026-03-03T14:44:56.003Z","userId":"cmm7viwap0000b4vc90jmv0ez","action":"EXPORT_LOGS","level":"WARNING","status":"SUCCESS","protocol":"HTTP/1.1","macAddress":null,"ipAddress":"::ffff:172.18.0.1","userAgent":"python-requests/2.32.5","resource":"SystemLog","targetTable":null,"targetId":null,"details":{"message":"Admin exported system logs securely","filterUsed":{"search":""},"generatedHash":"b5afa21b4daddfbe88f76f0fed891e2957595937cbe677017c231303d6417d80"},"errorMessage":null,"user":{"username":"admin123","email":"admin@example.com","firstName":"System","lastName":"Administrator","role":"ADMIN"}},{"id":"cmmapyrls000nt655tqe6aumt","timestamp":"2026-03-03T14:44:55.744Z","userId":"cmm7viwap0000b4vc90jmv0ez","action":"LOGIN","level":"INFO","status":"SUCCESS","protocol":"HTTP/1.1","macAddress":null,"ipAddress":"::ffff:172.18.0.1","userAgent":"python-requests/2.32.5","resource":"Auth","targetTable":null,"targetId":null,"details":{"message":"User logged in successfully"},"errorMessage":null,"user":{"username":"admin123","email":"admin@example.com","firstName":"System","lastName":"Administrator","role":"ADMIN"}},{"id":"cmmapk9hh000lt655yq3hm8pl","timestamp":"2026-03-03T14:33:39.078Z","userId":"cmm7viwap0000b4vc90jmv0ez","action":"DELETE_DATA","level":"INFO","status":"SUCCESS","protocol":"HTTP/1.1","macAddress":null,"ipAddress":"::ffff:172.18.0.1","userAgent":null,"resource":"SystemLog","targetTable":null,"targetId":null,"details":{"message":"Deleted logs older than 90 days","deletedCount":0},"errorMessage":null,"user":{"username":"admin123","email":"admin@example.com","firstName":"System","lastName":"Administrator","role":"ADMIN"}},{"id":"cmmapk9h4000jt655hz4b47k8","timestamp":"2026-03-03T14:33:39.064Z","userId":"cmm7viwap0000b4vc90jmv0ez","action":"DELETE_DATA","level":"INFO","status":"SUCCESS","protocol":"HTTP/1.1","macAddress":null,"ipAddress":"::ffff:172.18.0.1","userAgent":null,"resource":"SystemLog","targetTable":null,"targetId":null,"details":{"message":"Deleted logs older than 90 days","deletedCount":0},"errorMessage":null,"user":{"username":"admin123","email":"admin@example.com","firstName":"System","lastName":"Administrator","role":"ADMIN"}},{"id":"cmmapk9gr000ht655wb8nlpz2","timestamp":"2026-03-03T14:33:39.052Z","userId":"cmm7viwap0000b4vc90jmv0ez","action":"EXPORT_LOGS","level":"WARNING","status":"SUCCESS","protocol":"HTTP/1.1","macAddress":null,"ipAddress":"::ffff:172.18.0.1","userAgent":"python-requests/2.32.5","resource":"SystemLog","targetTable":null,"targetId":null,"details":{"message":"Admin exported system logs securely","filterUsed":{"level":"ERROR","search":"","resource":"User"},"generatedHash":"1b21a56d29eeb026a3ff07a8d6efb07a088abc51a5068dc8f3e35071ec9d1078"},"errorMessage":null,"user":{"username":"admin123","email":"admin@example.com","firstName":"System","lastName":"Administrator","role":"ADMIN"}},{"id":"cmmapk9gc000ft65533cse38n","timestamp":"2026-03-03T14:33:39.036Z","userId":"cmm7viwap0000b4vc90jmv0ez","action":"EXPORT_LOGS","level":"WARNING","status":"SUCCESS","protocol":"HTTP/1.1","macAddress":null,"ipAddress":"::ffff:172.18.0.1","userAgent":"python-requests/2.32.5","resource":"SystemLog","targetTable":null,"targetId":null,"details":{"message":"Admin exported system logs securely","filterUsed":{"search":""},"generatedHash":"c392ed893e57c21d67bee2b1e24b4d0fd36e2730f5adf87cf8c850945c9e9695"},"errorMessage":null,"user":{"username":"admin123","email":"admin@example.com","firstName":"System","lastName":"Administrator","role":"ADMIN"}},{"id":"cmmapk9fs000dt655xwhwmtcw","timestamp":"2026-03-03T14:33:39.016Z","userId":"cmm7viwap0000b4vc90jmv0ez","action":"EXPORT_LOGS","level":"WARNING","status":"SUCCESS","protocol":"HTTP/1.1","macAddress":null,"ipAddress":"::ffff:172.18.0.1","userAgent":"python-requests/2.32.5","resource":"SystemLog","targetTable":null,"targetId":null,"details":{"message":"Admin exported system logs securely","filterUsed":{"search":""},"generatedHash":"fe9fddf1354d1a8640f5a190620b818cbac627f1d3052e9b4ffb2aac2453c071"},"errorMessage":null,"user":{"username":"admin123","email":"admin@example.com","firstName":"System","lastName":"Administrator","role":"ADMIN"}},{"id":"cmmapk9fd000bt655mqs0wtu2","timestamp":"2026-03-03T14:33:39.001Z","userId":"cmm7viwap0000b4vc90jmv0ez","action":"EXPORT_LOGS","level":"WARNING","status":"SUCCESS","protocol":"HTTP/1.1","macAddress":null,"ipAddress":"::ffff:172.18.0.1","userAgent":"python-requests/2.32.5","resource":"SystemLog","targetTable":null,"targetId":null,"details":{"message":"Admin exported system logs securely","filterUsed":{"search":"","endDate":"2026-03-03","startDate":"2026-03-03"},"generatedHash":"9e816be338dad1aaa21330b2d51221470beea73ac070c14bcee50618be5558dd"},"errorMessage":null,"user":{"username":"admin123","email":"admin@example.com","firstName":"System","lastName":"Administrator","role":"ADMIN"}},{"id":"cmmapk9et0009t65588i7j5cv","timestamp":"2026-03-03T14:33:38.981Z","userId":"cmm7viwa... (set the log level to DEBUG or TRACE to see the full content) 
 </msg>
<msg time="2026-03-03T21:48:30.218250" level="INFO">${resp} = &lt;Response [200]&gt;</msg>
<var>${resp}</var>
<arg>api</arg>
<arg>${API_PREFIX}</arg>
<arg>headers=${headers}</arg>
<doc>Sends a GET request on a previously created HTTP Session.</doc>
<status status="PASS" start="2026-03-03T21:48:30.210076" elapsed="0.008174"/>
</kw>
<kw name="Should Be Equal As Integers" owner="BuiltIn">
<msg time="2026-03-03T21:48:30.218783" level="INFO">Argument types are:
&lt;class 'int'&gt;
&lt;class 'str'&gt;</msg>
<arg>${resp.status_code}</arg>
<arg>200</arg>
<doc>Fails if objects are unequal after converting them to integers.</doc>
<status status="PASS" start="2026-03-03T21:48:30.218783" elapsed="0.000522"/>
</kw>
<kw name="Set Variable" owner="BuiltIn">
<msg time="2026-03-03T21:48:30.219828" level="INFO">${body} = {'success': True, 'message': 'System logs retrieved successfully', 'data': [{'id': 'cmmaq3d6n0015t655eheo6nif', 'timestamp': '2026-03-03T14:48:30.336Z', 'userId': 'cmm7viwap0000b4vc90jmv0ez', 'action'...</msg>
<var>${body}</var>
<arg>${resp.json()}</arg>
<doc>Returns the given values which can then be assigned to a variables.</doc>
<status status="PASS" start="2026-03-03T21:48:30.219305" elapsed="0.000523"/>
</kw>
<kw name="Should Be True" owner="BuiltIn">
<arg>${body["success"]}</arg>
<doc>Fails if the given condition is not true.</doc>
<status status="PASS" start="2026-03-03T21:48:30.220362" elapsed="0.000000"/>
</kw>
<kw name="Dictionary Should Contain Key" owner="Collections">
<arg>${body}</arg>
<arg>data</arg>
<doc>Fails if ``key`` is not found from ``dictionary``.</doc>
<status status="PASS" start="2026-03-03T21:48:30.220891" elapsed="0.000000"/>
</kw>
<kw name="Dictionary Should Contain Key" owner="Collections">
<arg>${body}</arg>
<arg>pagination</arg>
<doc>Fails if ``key`` is not found from ``dictionary``.</doc>
<status status="PASS" start="2026-03-03T21:48:30.220891" elapsed="0.000000"/>
</kw>
<kw name="Dictionary Should Contain Key" owner="Collections">
<arg>${body["pagination"]}</arg>
<arg>page</arg>
<doc>Fails if ``key`` is not found from ``dictionary``.</doc>
<status status="PASS" start="2026-03-03T21:48:30.221402" elapsed="0.000000"/>
</kw>
<kw name="Dictionary Should Contain Key" owner="Collections">
<arg>${body["pagination"]}</arg>
<arg>limit</arg>
<doc>Fails if ``key`` is not found from ``dictionary``.</doc>
<status status="PASS" start="2026-03-03T21:48:30.221922" elapsed="0.000000"/>
</kw>
<kw name="Dictionary Should Contain Key" owner="Collections">
<arg>${body["pagination"]}</arg>
<arg>totalPages</arg>
<doc>Fails if ``key`` is not found from ``dictionary``.</doc>
<status status="PASS" start="2026-03-03T21:48:30.222456" elapsed="0.000000"/>
</kw>
<kw name="Dictionary Should Contain Key" owner="Collections">
<arg>${body["pagination"]}</arg>
<arg>totalResults</arg>
<doc>Fails if ``key`` is not found from ``dictionary``.</doc>
<status status="PASS" start="2026-03-03T21:48:30.222456" elapsed="0.000612"/>
</kw>
<kw name="Set Variable" owner="BuiltIn">
<msg time="2026-03-03T21:48:30.223604" level="INFO">${logs} = [{'id': 'cmmaq3d6n0015t655eheo6nif', 'timestamp': '2026-03-03T14:48:30.336Z', 'userId': 'cmm7viwap0000b4vc90jmv0ez', 'action': 'LOGIN', 'level': 'INFO', 'status': 'SUCCESS', 'protocol': 'HTTP/1.1', 'm...</msg>
<var>${logs}</var>
<arg>${body["data"]}</arg>
<doc>Returns the given values which can then be assigned to a variables.</doc>
<status status="PASS" start="2026-03-03T21:48:30.223068" elapsed="0.000536"/>
</kw>
<kw name="Get Length" owner="BuiltIn">
<msg time="2026-03-03T21:48:30.224132" level="INFO">Length is 50.</msg>
<msg time="2026-03-03T21:48:30.224132" level="INFO">${length} = 50</msg>
<var>${length}</var>
<arg>${logs}</arg>
<doc>Returns and logs the length of the given item as an integer.</doc>
<status status="PASS" start="2026-03-03T21:48:30.224132" elapsed="0.000000"/>
</kw>
<if>
<branch type="IF" condition="${length} &gt; 0">
<kw name="Set Suite Variable" owner="BuiltIn">
<msg time="2026-03-03T21:48:30.224666" level="INFO">${SAMPLE_LOG_ID} = cmmaq3d6n0015t655eheo6nif</msg>
<arg>${SAMPLE_LOG_ID}</arg>
<arg>${logs[0]["id"]}</arg>
<doc>Makes a variable available everywhere within the scope of the current suite.</doc>
<status status="PASS" start="2026-03-03T21:48:30.224666" elapsed="0.000000"/>
</kw>
<status status="PASS" start="2026-03-03T21:48:30.224132" elapsed="0.000534"/>
</branch>
<status status="PASS" start="2026-03-03T21:48:30.224132" elapsed="0.000534"/>
</if>
<doc>ดึง log ทั้งหมดโดยไม่ใส่ filter ตรวจโครงสร้าง response</doc>
<tag>get_logs</tag>
<tag>positive</tag>
<tag>smoke</tag>
<status status="PASS" start="2026-03-03T21:48:30.209075" elapsed="0.016117"/>
</test>
<test id="s1-t2" name="TC_GL_002 Get Logs - Custom Page And Limit" line="62">
<kw name="Get Auth Headers">
<kw name="Create Dictionary" owner="BuiltIn">
<msg time="2026-03-03T21:48:30.226200" level="INFO">${headers} = {'Authorization': 'Bearer eyJhbGciOiJIUzI1NiIsInR5cCI6IkpXVCJ9.eyJzdWIiOiJjbW03dml3YXAwMDAwYjR2Yzkwam12MGV6Iiwicm9sZSI6IkFETUlOIiwiZW1haWwiOiJhZG1pbkBleGFtcGxlLmNvbSIsImlhdCI6MTc3MjU0OTMxMCwiZXhwIjoxN...</msg>
<var>${headers}</var>
<arg>Authorization=Bearer ${TOKEN}</arg>
<arg>Content-Type=application/json</arg>
<doc>Creates and returns a dictionary based on the given ``items``.</doc>
<status status="PASS" start="2026-03-03T21:48:30.226200" elapsed="0.000000"/>
</kw>
<return>
<value>${headers}</value>
<status status="PASS" start="2026-03-03T21:48:30.226200" elapsed="0.000000"/>
</return>
<msg time="2026-03-03T21:48:30.226200" level="INFO">${headers} = {'Authorization': 'Bearer eyJhbGciOiJIUzI1NiIsInR5cCI6IkpXVCJ9.eyJzdWIiOiJjbW03dml3YXAwMDAwYjR2Yzkwam12MGV6Iiwicm9sZSI6IkFETUlOIiwiZW1haWwiOiJhZG1pbkBleGFtcGxlLmNvbSIsImlhdCI6MTc3MjU0OTMxMCwiZXhwIjoxN...</msg>
<var>${headers}</var>
<status status="PASS" start="2026-03-03T21:48:30.225192" elapsed="0.001008"/>
</kw>
<kw name="Create Dictionary" owner="BuiltIn">
<msg time="2026-03-03T21:48:30.226200" level="INFO">${params} = {'page': '1', 'limit': '10'}</msg>
<var>${params}</var>
<arg>page=1</arg>
<arg>limit=10</arg>
<doc>Creates and returns a dictionary based on the given ``items``.</doc>
<status status="PASS" start="2026-03-03T21:48:30.226200" elapsed="0.000000"/>
</kw>
<kw name="GET On Session" owner="RequestsLibrary">
<msg time="2026-03-03T21:48:30.232804" level="INFO">GET Request : url=http://localhost:8080/api/system-logs?page=1&amp;limit=10 
 path_url=/api/system-logs?page=1&amp;limit=10 
 headers={'User-Agent': 'python-requests/2.32.5', 'Accept-Encoding': 'gzip, deflate', 'Accept': '*/*', 'Connection': 'keep-alive', 'Authorization': 'Bearer eyJhbGciOiJIUzI1NiIsInR5cCI6IkpXVCJ9.eyJzdWIiOiJjbW03dml3YXAwMDAwYjR2Yzkwam12MGV6Iiwicm9sZSI6IkFETUlOIiwiZW1haWwiOiJhZG1pbkBleGFtcGxlLmNvbSIsImlhdCI6MTc3MjU0OTMxMCwiZXhwIjoxNzcyNTUyOTEwfQ.9x8Ujpt3rSVyuSXhduMSXAB4Eh5pmsDHDf6NXh7jdso', 'Content-Type': 'application/json'} 
 body=None 
 </msg>
<msg time="2026-03-03T21:48:30.232804" level="INFO">GET Response : url=http://localhost:8080/api/system-logs?page=1&amp;limit=10 
 status=200, reason=OK 
 headers={'Content-Security-Policy': "default-src 'self';base-uri 'self';font-src 'self' https: data:;form-action 'self';frame-ancestors 'self';img-src 'self' data:;object-src 'none';script-src 'self';script-src-attr 'none';style-src 'self' https: 'unsafe-inline';upgrade-insecure-requests", 'Cross-Origin-Opener-Policy': 'same-origin', 'Cross-Origin-Resource-Policy': 'same-origin', 'Origin-Agent-Cluster': '?1', 'Referrer-Policy': 'no-referrer', 'Strict-Transport-Security': 'max-age=15552000; includeSubDomains', 'X-Content-Type-Options': 'nosniff', 'X-DNS-Prefetch-Control': 'off', 'X-Download-Options': 'noopen', 'X-Frame-Options': 'SAMEORIGIN', 'X-Permitted-Cross-Domain-Policies': 'none', 'X-XSS-Protection': '0', 'Vary': 'Origin', 'Access-Control-Allow-Credentials': 'true', 'Content-Type': 'application/json; charset=utf-8', 'Content-Length': '6238', 'ETag': 'W/"185e-r1rUcHO0o/KD6v4VFjX/W45Bdsc"', 'Date': 'Tue, 03 Mar 2026 14:48:30 GMT', 'Connection': 'keep-alive', 'Keep-Alive': 'timeout=5'} 
 body={"success":true,"message":"System logs retrieved successfully","data":[{"id":"cmmaq3d6n0015t655eheo6nif","timestamp":"2026-03-03T14:48:30.336Z","userId":"cmm7viwap0000b4vc90jmv0ez","action":"LOGIN","level":"INFO","status":"SUCCESS","protocol":"HTTP/1.1","macAddress":null,"ipAddress":"::ffff:172.18.0.1","userAgent":"python-requests/2.32.5","resource":"Auth","targetTable":null,"targetId":null,"details":{"message":"User logged in successfully"},"errorMessage":null,"user":{"username":"admin123","email":"admin@example.com","firstName":"System","lastName":"Administrator","role":"ADMIN"}},{"id":"cmmapyrwk0013t655uk3ockra","timestamp":"2026-03-03T14:44:56.132Z","userId":"cmm7viwap0000b4vc90jmv0ez","action":"DELETE_DATA","level":"INFO","status":"SUCCESS","protocol":"HTTP/1.1","macAddress":null,"ipAddress":"::ffff:172.18.0.1","userAgent":null,"resource":"SystemLog","targetTable":null,"targetId":null,"details":{"message":"Deleted logs older than 90 days","deletedCount":0},"errorMessage":null,"user":{"username":"admin123","email":"admin@example.com","firstName":"System","lastName":"Administrator","role":"ADMIN"}},{"id":"cmmapyrw80011t655f7rjqkd2","timestamp":"2026-03-03T14:44:56.120Z","userId":"cmm7viwap0000b4vc90jmv0ez","action":"DELETE_DATA","level":"INFO","status":"SUCCESS","protocol":"HTTP/1.1","macAddress":null,"ipAddress":"::ffff:172.18.0.1","userAgent":null,"resource":"SystemLog","targetTable":null,"targetId":null,"details":{"message":"Deleted logs older than 90 days","deletedCount":0},"errorMessage":null,"user":{"username":"admin123","email":"admin@example.com","firstName":"System","lastName":"Administrator","role":"ADMIN"}},{"id":"cmmapyrvv000zt655rk66nhrt","timestamp":"2026-03-03T14:44:56.108Z","userId":"cmm7viwap0000b4vc90jmv0ez","action":"EXPORT_LOGS","level":"WARNING","status":"SUCCESS","protocol":"HTTP/1.1","macAddress":null,"ipAddress":"::ffff:172.18.0.1","userAgent":"python-requests/2.32.5","resource":"SystemLog","targetTable":null,"targetId":null,"details":{"message":"Admin exported system logs securely","filterUsed":{"level":"ERROR","search":"","resource":"User"},"generatedHash":"14f8ccb79536a26c6bca98e367941a3bd617d92406246cd5132843772b377f14"},"errorMessage":null,"user":{"username":"admin123","email":"admin@example.com","firstName":"System","lastName":"Administrator","role":"ADMIN"}},{"id":"cmmapyrvh000xt655oi9ot74u","timestamp":"2026-03-03T14:44:56.093Z","userId":"cmm7viwap0000b4vc90jmv0ez","action":"EXPORT_LOGS","level":"WARNING","status":"SUCCESS","protocol":"HTTP/1.1","macAddress":null,"ipAddress":"::ffff:172.18.0.1","userAgent":"python-requests/2.32.5","resource":"SystemLog","targetTable":null,"targetId":null,"details":{"message":"Admin exported system logs securely","filterUsed":{"search":""},"generatedHash":"f32b37933f6de9fb0dce73e2896820682b29881c90f5ccf93ce97af4db2b5748"},"errorMessage":null,"user":{"username":"admin123","email":"admin@example.com","firstName":"System","lastName":"Administrator","role":"ADMIN"}},{"id":"cmmapyruv000vt655yj6f13hs","timestamp":"2026-03-03T14:44:56.071Z","userId":"cmm7viwap0000b4vc90jmv0ez","action":"EXPORT_LOGS","level":"WARNING","status":"SUCCESS","protocol":"HTTP/1.1","macAddress":null,"ipAddress":"::ffff:172.18.0.1","userAgent":"python-requests/2.32.5","resource":"SystemLog","targetTable":null,"targetId":null,"details":{"message":"Admin exported system logs securely","filterUsed":{"search":""},"generatedHash":"bee83c4078b453bf50f575d57962d5770a04162fa56306b367badb801b5fc857"},"errorMessage":null,"user":{"username":"admin123","email":"admin@example.com","firstName":"System","lastName":"Administrator","role":"ADMIN"}},{"id":"cmmapyruf000tt655iifmfkbv","timestamp":"2026-03-03T14:44:56.055Z","userId":"cmm7viwap0000b4vc90jmv0ez","action":"EXPORT_LOGS","level":"WARNING","status":"SUCCESS","protocol":"HTTP/1.1","macAddress":null,"ipAddress":"::ffff:172.18.0.1","userAgent":"python-requests/2.32.5","resource":"SystemLog","targetTable":null,"targetId":null,"details":{"message":"Admin exported system logs securely","filterUsed":{"search":"","endDate":"2026-03-03","startDate":"2026-03-03"},"generatedHash":"4ce8e654c2f5dad02f997d6a094fa970c871998b5978bee7e3971f81815731af"},"errorMessage":null,"user":{"username":"admin123","email":"admin@example.com","firstName":"System","lastName":"Administrator","role":"ADMIN"}},{"id":"cmmapyrtr000rt655edrhcv66","timestamp":"2026-03-03T14:44:56.032Z","userId":"cmm7viwap0000b4vc90jmv0ez","action":"EXPORT_LOGS","level":"WARNING","status":"SUCCESS","protocol":"HTTP/1.1","macAddress":null,"ipAddress":"::ffff:172.18.0.1","userAgent":"python-requests/2.32.5","resource":"SystemLog","targetTable":null,"targetId":null,"details":{"message":"Admin exported system logs securely","filterUsed":{"level":"WARNING","search":""},"generatedHash":"3127f6646c518a28d2eae3b0d7410490b36f9ab194eade2ed361da9e69fd0e5b"},"errorMessage":null,"user":{"username":"admin123","email":"admin@example.com","firstName":"System","lastName":"Administrator","role":"ADMIN"}},{"id":"cmmapyrsz000pt655qbzl073l","timestamp":"2026-03-03T14:44:56.003Z","userId":"cmm7viwap0000b4vc90jmv0ez","action":"EXPORT_LOGS","level":"WARNING","status":"SUCCESS","protocol":"HTTP/1.1","macAddress":null,"ipAddress":"::ffff:172.18.0.1","userAgent":"python-requests/2.32.5","resource":"SystemLog","targetTable":null,"targetId":null,"details":{"message":"Admin exported system logs securely","filterUsed":{"search":""},"generatedHash":"b5afa21b4daddfbe88f76f0fed891e2957595937cbe677017c231303d6417d80"},"errorMessage":null,"user":{"username":"admin123","email":"admin@example.com","firstName":"System","lastName":"Administrator","role":"ADMIN"}},{"id":"cmmapyrls000nt655tqe6aumt","timestamp":"2026-03-03T14:44:55.744Z","userId":"cmm7viwap0000b4vc90jmv0ez","action":"LOGIN","level":"INFO","status":"SUCCESS","protocol":"HTTP/1.1","macAddress":null,"ipAddress":"::ffff:172.18.0.1","userAgent":"python-requests/2.32.5","resource":"Auth","targetTable":null,"targetId":null,"details":{"message":"User logged in successfully"},"errorMessage":null,"user":{"username":"admin123","email":"admin@example.com","firstName":"System","lastName":"Administrator","role":"ADMIN"}}],"pagination":{"page":1,"limit":10,"totalPages":12,"totalResults":111}} 
 </msg>
<msg time="2026-03-03T21:48:30.233335" level="INFO">${resp} = &lt;Response [200]&gt;</msg>
<var>${resp}</var>
<arg>api</arg>
<arg>${API_PREFIX}</arg>
<arg>headers=${headers}</arg>
<arg>params=${params}</arg>
<doc>Sends a GET request on a previously created HTTP Session.</doc>
<status status="PASS" start="2026-03-03T21:48:30.226200" elapsed="0.007135"/>
</kw>
<kw name="Should Be Equal As Integers" owner="BuiltIn">
<msg time="2026-03-03T21:48:30.233864" level="INFO">Argument types are:
&lt;class 'int'&gt;
&lt;class 'str'&gt;</msg>
<arg>${resp.status_code}</arg>
<arg>200</arg>
<doc>Fails if objects are unequal after converting them to integers.</doc>
<status status="PASS" start="2026-03-03T21:48:30.233335" elapsed="0.000529"/>
</kw>
<kw name="Set Variable" owner="BuiltIn">
<msg time="2026-03-03T21:48:30.234383" level="INFO">${pagination} = {'page': 1, 'limit': 10, 'totalPages': 12, 'totalResults': 111}</msg>
<var>${pagination}</var>
<arg>${resp.json()["pagination"]}</arg>
<doc>Returns the given values which can then be assigned to a variables.</doc>
<status status="PASS" start="2026-03-03T21:48:30.233864" elapsed="0.000519"/>
</kw>
<kw name="Should Be Equal As Integers" owner="BuiltIn">
<msg time="2026-03-03T21:48:30.234910" level="INFO">Argument types are:
&lt;class 'int'&gt;
&lt;class 'str'&gt;</msg>
<arg>${pagination["page"]}</arg>
<arg>1</arg>
<doc>Fails if objects are unequal after converting them to integers.</doc>
<status status="PASS" start="2026-03-03T21:48:30.234383" elapsed="0.000527"/>
</kw>
<kw name="Should Be Equal As Integers" owner="BuiltIn">
<msg time="2026-03-03T21:48:30.235428" level="INFO">Argument types are:
&lt;class 'int'&gt;
&lt;class 'str'&gt;</msg>
<arg>${pagination["limit"]}</arg>
<arg>10</arg>
<doc>Fails if objects are unequal after converting them to integers.</doc>
<status status="PASS" start="2026-03-03T21:48:30.234910" elapsed="0.000518"/>
</kw>
<kw name="Get Length" owner="BuiltIn">
<msg time="2026-03-03T21:48:30.235957" level="INFO">Length is 10.</msg>
<msg time="2026-03-03T21:48:30.235957" level="INFO">${length} = 10</msg>
<var>${length}</var>
<arg>${resp.json()["data"]}</arg>
<doc>Returns and logs the length of the given item as an integer.</doc>
<status status="PASS" start="2026-03-03T21:48:30.235428" elapsed="0.000529"/>
</kw>
<kw name="Should Be True" owner="BuiltIn">
<arg>${length} &lt;= 10</arg>
<doc>Fails if the given condition is not true.</doc>
<status status="PASS" start="2026-03-03T21:48:30.235957" elapsed="0.000538"/>
</kw>
<doc>ทดสอบ pagination ด้วย page=1&amp;limit=10</doc>
<tag>get_logs</tag>
<tag>pagination</tag>
<tag>positive</tag>
<status status="PASS" start="2026-03-03T21:48:30.225192" elapsed="0.011303"/>
</test>
<test id="s1-t3" name="TC_GL_003 Get Logs - Filter By Level INFO" line="75">
<kw name="Get Auth Headers">
<kw name="Create Dictionary" owner="BuiltIn">
<msg time="2026-03-03T21:48:30.237546" level="INFO">${headers} = {'Authorization': 'Bearer eyJhbGciOiJIUzI1NiIsInR5cCI6IkpXVCJ9.eyJzdWIiOiJjbW03dml3YXAwMDAwYjR2Yzkwam12MGV6Iiwicm9sZSI6IkFETUlOIiwiZW1haWwiOiJhZG1pbkBleGFtcGxlLmNvbSIsImlhdCI6MTc3MjU0OTMxMCwiZXhwIjoxN...</msg>
<var>${headers}</var>
<arg>Authorization=Bearer ${TOKEN}</arg>
<arg>Content-Type=application/json</arg>
<doc>Creates and returns a dictionary based on the given ``items``.</doc>
<status status="PASS" start="2026-03-03T21:48:30.237546" elapsed="0.000000"/>
</kw>
<return>
<value>${headers}</value>
<status status="PASS" start="2026-03-03T21:48:30.237546" elapsed="0.000000"/>
</return>
<msg time="2026-03-03T21:48:30.237546" level="INFO">${headers} = {'Authorization': 'Bearer eyJhbGciOiJIUzI1NiIsInR5cCI6IkpXVCJ9.eyJzdWIiOiJjbW03dml3YXAwMDAwYjR2Yzkwam12MGV6Iiwicm9sZSI6IkFETUlOIiwiZW1haWwiOiJhZG1pbkBleGFtcGxlLmNvbSIsImlhdCI6MTc3MjU0OTMxMCwiZXhwIjoxN...</msg>
<var>${headers}</var>
<status status="PASS" start="2026-03-03T21:48:30.237546" elapsed="0.000000"/>
</kw>
<kw name="Create Dictionary" owner="BuiltIn">
<msg time="2026-03-03T21:48:30.238069" level="INFO">${params} = {'level': 'INFO'}</msg>
<var>${params}</var>
<arg>level=INFO</arg>
<doc>Creates and returns a dictionary based on the given ``items``.</doc>
<status status="PASS" start="2026-03-03T21:48:30.238069" elapsed="0.000000"/>
</kw>
<kw name="GET On Session" owner="RequestsLibrary">
<msg time="2026-03-03T21:48:30.246637" level="INFO">GET Request : url=http://localhost:8080/api/system-logs?level=INFO 
 path_url=/api/system-logs?level=INFO 
 headers={'User-Agent': 'python-requests/2.32.5', 'Accept-Encoding': 'gzip, deflate', 'Accept': '*/*', 'Connection': 'keep-alive', 'Authorization': 'Bearer eyJhbGciOiJIUzI1NiIsInR5cCI6IkpXVCJ9.eyJzdWIiOiJjbW03dml3YXAwMDAwYjR2Yzkwam12MGV6Iiwicm9sZSI6IkFETUlOIiwiZW1haWwiOiJhZG1pbkBleGFtcGxlLmNvbSIsImlhdCI6MTc3MjU0OTMxMCwiZXhwIjoxNzcyNTUyOTEwfQ.9x8Ujpt3rSVyuSXhduMSXAB4Eh5pmsDHDf6NXh7jdso', 'Content-Type': 'application/json'} 
 body=None 
 </msg>
<msg time="2026-03-03T21:48:30.246637" level="INFO">GET Response : url=http://localhost:8080/api/system-logs?level=INFO 
 status=200, reason=OK 
 headers={'Content-Security-Policy': "default-src 'self';base-uri 'self';font-src 'self' https: data:;form-action 'self';frame-ancestors 'self';img-src 'self' data:;object-src 'none';script-src 'self';script-src-attr 'none';style-src 'self' https: 'unsafe-inline';upgrade-insecure-requests", 'Cross-Origin-Opener-Policy': 'same-origin', 'Cross-Origin-Resource-Policy': 'same-origin', 'Origin-Agent-Cluster': '?1', 'Referrer-Policy': 'no-referrer', 'Strict-Transport-Security': 'max-age=15552000; includeSubDomains', 'X-Content-Type-Options': 'nosniff', 'X-DNS-Prefetch-Control': 'off', 'X-Download-Options': 'noopen', 'X-Frame-Options': 'SAMEORIGIN', 'X-Permitted-Cross-Domain-Policies': 'none', 'X-XSS-Protection': '0', 'Vary': 'Origin', 'Access-Control-Allow-Credentials': 'true', 'Content-Type': 'application/json; charset=utf-8', 'Content-Length': '30695', 'ETag': 'W/"77e7-4xpQHz9NtlgAINFAzmOjIn/6wtA"', 'Date': 'Tue, 03 Mar 2026 14:48:30 GMT', 'Connection': 'keep-alive', 'Keep-Alive': 'timeout=5'} 
 body={"success":true,"message":"System logs retrieved successfully","data":[{"id":"cmmaq3d6n0015t655eheo6nif","timestamp":"2026-03-03T14:48:30.336Z","userId":"cmm7viwap0000b4vc90jmv0ez","action":"LOGIN","level":"INFO","status":"SUCCESS","protocol":"HTTP/1.1","macAddress":null,"ipAddress":"::ffff:172.18.0.1","userAgent":"python-requests/2.32.5","resource":"Auth","targetTable":null,"targetId":null,"details":{"message":"User logged in successfully"},"errorMessage":null,"user":{"username":"admin123","email":"admin@example.com","firstName":"System","lastName":"Administrator","role":"ADMIN"}},{"id":"cmmapyrwk0013t655uk3ockra","timestamp":"2026-03-03T14:44:56.132Z","userId":"cmm7viwap0000b4vc90jmv0ez","action":"DELETE_DATA","level":"INFO","status":"SUCCESS","protocol":"HTTP/1.1","macAddress":null,"ipAddress":"::ffff:172.18.0.1","userAgent":null,"resource":"SystemLog","targetTable":null,"targetId":null,"details":{"message":"Deleted logs older than 90 days","deletedCount":0},"errorMessage":null,"user":{"username":"admin123","email":"admin@example.com","firstName":"System","lastName":"Administrator","role":"ADMIN"}},{"id":"cmmapyrw80011t655f7rjqkd2","timestamp":"2026-03-03T14:44:56.120Z","userId":"cmm7viwap0000b4vc90jmv0ez","action":"DELETE_DATA","level":"INFO","status":"SUCCESS","protocol":"HTTP/1.1","macAddress":null,"ipAddress":"::ffff:172.18.0.1","userAgent":null,"resource":"SystemLog","targetTable":null,"targetId":null,"details":{"message":"Deleted logs older than 90 days","deletedCount":0},"errorMessage":null,"user":{"username":"admin123","email":"admin@example.com","firstName":"System","lastName":"Administrator","role":"ADMIN"}},{"id":"cmmapyrls000nt655tqe6aumt","timestamp":"2026-03-03T14:44:55.744Z","userId":"cmm7viwap0000b4vc90jmv0ez","action":"LOGIN","level":"INFO","status":"SUCCESS","protocol":"HTTP/1.1","macAddress":null,"ipAddress":"::ffff:172.18.0.1","userAgent":"python-requests/2.32.5","resource":"Auth","targetTable":null,"targetId":null,"details":{"message":"User logged in successfully"},"errorMessage":null,"user":{"username":"admin123","email":"admin@example.com","firstName":"System","lastName":"Administrator","role":"ADMIN"}},{"id":"cmmapk9hh000lt655yq3hm8pl","timestamp":"2026-03-03T14:33:39.078Z","userId":"cmm7viwap0000b4vc90jmv0ez","action":"DELETE_DATA","level":"INFO","status":"SUCCESS","protocol":"HTTP/1.1","macAddress":null,"ipAddress":"::ffff:172.18.0.1","userAgent":null,"resource":"SystemLog","targetTable":null,"targetId":null,"details":{"message":"Deleted logs older than 90 days","deletedCount":0},"errorMessage":null,"user":{"username":"admin123","email":"admin@example.com","firstName":"System","lastName":"Administrator","role":"ADMIN"}},{"id":"cmmapk9h4000jt655hz4b47k8","timestamp":"2026-03-03T14:33:39.064Z","userId":"cmm7viwap0000b4vc90jmv0ez","action":"DELETE_DATA","level":"INFO","status":"SUCCESS","protocol":"HTTP/1.1","macAddress":null,"ipAddress":"::ffff:172.18.0.1","userAgent":null,"resource":"SystemLog","targetTable":null,"targetId":null,"details":{"message":"Deleted logs older than 90 days","deletedCount":0},"errorMessage":null,"user":{"username":"admin123","email":"admin@example.com","firstName":"System","lastName":"Administrator","role":"ADMIN"}},{"id":"cmmapk8ka0005t6558t3r9kv1","timestamp":"2026-03-03T14:33:37.882Z","userId":"cmm7viwap0000b4vc90jmv0ez","action":"LOGIN","level":"INFO","status":"SUCCESS","protocol":"HTTP/1.1","macAddress":null,"ipAddress":"::ffff:172.18.0.1","userAgent":"python-requests/2.32.5","resource":"Auth","targetTable":null,"targetId":null,"details":{"message":"User logged in successfully"},"errorMessage":null,"user":{"username":"admin123","email":"admin@example.com","firstName":"System","lastName":"Administrator","role":"ADMIN"}},{"id":"cmmapjr920003t655fg274r0p","timestamp":"2026-03-03T14:33:15.446Z","userId":"cmm7viwap0000b4vc90jmv0ez","action":"LOGIN","level":"INFO","status":"SUCCESS","protocol":"HTTP/1.1","macAddress":null,"ipAddress":"::ffff:172.18.0.1","userAgent":"Mozilla/5.0 (Windows NT 10.0; Win64; x64) AppleWebKit/537.36 (KHTML, like Gecko) Chrome/145.0.0.0 Safari/537.36","resource":"Auth","targetTable":null,"targetId":null,"details":{"message":"User logged in successfully"},"errorMessage":null,"user":{"username":"admin123","email":"admin@example.com","firstName":"System","lastName":"Administrator","role":"ADMIN"}},{"id":"cmmamgvnz000ft31sw70wqc6m","timestamp":"2026-03-03T13:07:02.351Z","userId":"cmm7viwap0000b4vc90jmv0ez","action":"VIEW_DATA","level":"INFO","status":"SUCCESS","protocol":"HTTP/1.1","macAddress":null,"ipAddress":"::ffff:172.18.0.1","userAgent":"Mozilla/5.0 (Windows NT 10.0; Win64; x64) AppleWebKit/537.36 (KHTML, like Gecko) Chrome/145.0.0.0 Safari/537.36","resource":"User","targetTable":"User","targetId":null,"details":{"path":"/api/users/admin?page=1&amp;limit=20","method":"GET","statusCode":200},"errorMessage":null,"user":{"username":"admin123","email":"admin@example.com","firstName":"System","lastName":"Administrator","role":"ADMIN"}},{"id":"cmmamcdt00007t31sed1qmm2r","timestamp":"2026-03-03T13:03:32.580Z","userId":"cmm7viwap0000b4vc90jmv0ez","action":"VIEW_DATA","level":"INFO","status":"SUCCESS","protocol":"HTTP/1.1","macAddress":null,"ipAddress":"::ffff:172.18.0.1","userAgent":"Mozilla/5.0 (Windows NT 10.0; Win64; x64) AppleWebKit/537.36 (KHTML, like Gecko) Chrome/145.0.0.0 Safari/537.36","resource":"User","targetTable":"User","targetId":null,"details":{"path":"/api/users/admin?page=1&amp;limit=20","method":"GET","statusCode":200},"errorMessage":null,"user":{"username":"admin123","email":"admin@example.com","firstName":"System","lastName":"Administrator","role":"ADMIN"}},{"id":"cmmamcbw00005t31su7ony8w0","timestamp":"2026-03-03T13:03:30.096Z","userId":"cmm7vom2z0005b4vcmhwc1qkh","action":"LOGIN","level":"INFO","status":"SUCCESS","protocol":"HTTP/1.1","macAddress":null,"ipAddress":"::ffff:172.18.0.1","userAgent":"Mozilla/5.0 (Windows NT 10.0; Win64; x64) AppleWebKit/537.36 (KHTML, like Gecko) Chrome/145.0.0.0 Safari/537.36","resource":"Auth","targetTable":null,"targetId":null,"details":{"message":"User logged in successfully"},"errorMessage":null,"user":{"username":"Kittayot","email":"Kittayot.m@kkumail.com","firstName":"kitt","lastName":"kits","role":"PASSENGER"}},{"id":"cmmamc2j50003t31sw5y2xhiz","timestamp":"2026-03-03T13:03:17.970Z","userId":"cmm7viwap0000b4vc90jmv0ez","action":"LOGIN","level":"INFO","status":"SUCCESS","protocol":"HTTP/1.1","macAddress":null,"ipAddress":"::ffff:172.18.0.1","userAgent":"Mozilla/5.0 (Windows NT 10.0; Win64; x64) AppleWebKit/537.36 (KHTML, like Gecko) Chrome/145.0.0.0 Safari/537.36","resource":"Auth","targetTable":null,"targetId":null,"details":{"message":"User logged in successfully"},"errorMessage":null,"user":{"username":"admin123","email":"admin@example.com","firstName":"System","lastName":"Administrator","role":"ADMIN"}},{"id":"cmmambkcj0001t31s93ijkoa3","timestamp":"2026-03-03T13:02:54.403Z","userId":"cmm7viwap0000b4vc90jmv0ez","action":"LOGOUT","level":"INFO","status":"SUCCESS","protocol":"HTTP/1.1","macAddress":null,"ipAddress":"::ffff:172.18.0.1","userAgent":"Mozilla/5.0 (Windows NT 10.0; Win64; x64) AppleWebKit/537.36 (KHTML, like Gecko) Chrome/145.0.0.0 Safari/537.36","resource":"Auth","targetTable":null,"targetId":null,"details":{"message":"User logged out via API"},"errorMessage":null,"user":{"username":"admin123","email":"admin@example.com","firstName":"System","lastName":"Administrator","role":"ADMIN"}},{"id":"cmmalvz990007146ijic8x61c","timestamp":"2026-03-03T12:50:47.229Z","userId":"cmm7viwap0000b4vc90jmv0ez","action":"VIEW_DATA","level":"INFO","status":"SUCCESS","protocol":"HTTP/1.1","macAddress":null,"ipAddress":"::ffff:172.18.0.1","userAgent":"Mozilla/5.0 (Windows NT 10.0; Win64; x64) AppleWebKit/537.36 (KHTML, like Gecko) Chrome/145.0.0.0 Safari/537.36","resource":"User","targetTable":"User","targetId":null,"details":{"path":"/api/users/admin?page=1&amp;limit=20","method":"GET","statusCode":304},"errorMessage":null,"user":{"username":"admin123","email":"admin@example.com","firstName":"System","lastName":"Administrator","role":"ADMIN"}},{"id":"cmmalvly30005146iks7vh8dd","timestamp":"2026-03-03T12:50:29.980Z","userId":"cmm7viwap0000b4vc90jmv0ez","action":"VIEW_DATA","level":"INFO","status":"SUCCESS","protocol":"HTTP/1.1","macAddress":null,"ipAddress":"::ffff:172.18.0.1","userAgent":"Mozilla/5.0 (Windows NT 10.0; Win64; x64) AppleWebKit/537.36 (KHTML, like Gecko) Chrome/145.0.0.0 Safari/537.36","resource":"User","targetTable":"User","targetId":null,"details":{"path":"/api/users/admin?page=1&amp;limit=20","method":"GET","statusCode":304},"errorMessage":null,"user":{"username":"admin123","email":"admin@example.com","firstName":"System","lastName":"Administrator","role":"ADMIN"}},{"id":"cmmalvkf70003146ixxce17du","timestamp":"2026-03-03T12:50:28.003Z","userId":"cmm7viwap0000b4vc90jmv0ez","action":"LOGIN","level":"INFO","status":"SUCCESS","protocol":"HTTP/1.1","macAddress":null,"ipAddress":"::ffff:172.18.0.1","userAgent":"Mozilla/5.0 (Windows NT 10.0; Win64; x64) AppleWebKit/537.36 (KHTML, like Gecko) Chrome/145.0.0.0 Safari/537.36","resource":"Auth","targetTable":null,"targetId":null,"details":{"message":"User logged in successfully"},"errorMessage":null,"user":{"username":"admin123","email":"admin@example.com","firstName":"System","lastName":"Administrator","role":"ADMIN"}},{"id":"cmmalvgdu0001146ive8gsihu","timestamp":"2026-03-03T12:50:22.771Z","userId":"cmm7viwap0000b4vc90jmv0ez","action":"LOGOUT","level":"INFO","status":"SUCCESS","protocol":"HTTP/1.1","macAddress":null,"ipAddress":"::ffff:172.18.0.1","userAgent":"Mozilla/5.0 (Windows NT 10.0; Win64; x64) AppleWebKit/537.36 (KHTML, like Gecko) Chrome/145.0.0.0 Safari/537.36","resource":"Auth","targetTable":null,"targetId":null,"details":{"message":"User logged out via API"},"errorMessage":null,"user":{"username":"admin123","email":"admin@example.com","firstName":"System","lastName":"Administrator","role":"ADMIN"}},{"id":"cmmalpy5y00059lzcdfgwu3lk"... (set the log level to DEBUG or TRACE to see the full content) 
 </msg>
<msg time="2026-03-03T21:48:30.246637" level="INFO">${resp} = &lt;Response [200]&gt;</msg>
<var>${resp}</var>
<arg>api</arg>
<arg>${API_PREFIX}</arg>
<arg>headers=${headers}</arg>
<arg>params=${params}</arg>
<doc>Sends a GET request on a previously created HTTP Session.</doc>
<status status="PASS" start="2026-03-03T21:48:30.238069" elapsed="0.008568"/>
</kw>
<kw name="Should Be Equal As Integers" owner="BuiltIn">
<msg time="2026-03-03T21:48:30.247163" level="INFO">Argument types are:
&lt;class 'int'&gt;
&lt;class 'str'&gt;</msg>
<arg>${resp.status_code}</arg>
<arg>200</arg>
<doc>Fails if objects are unequal after converting them to integers.</doc>
<status status="PASS" start="2026-03-03T21:48:30.247163" elapsed="0.000535"/>
</kw>
<for flavor="IN">
<iter>
<kw name="Should Be Equal" owner="BuiltIn">
<arg>${log["level"]}</arg>
<arg>INFO</arg>
<doc>Fails if the given objects are unequal.</doc>
<status status="PASS" start="2026-03-03T21:48:30.248218" elapsed="0.000527"/>
</kw>
<var name="${log}">{'id': 'cmmaq3d6n0015t655eheo6nif', 'timestamp': '2026-03-03T14:48:30.336Z', 'userId': 'cmm7viwap0000b4vc90jmv0ez', 'action': 'LOGIN', 'level': 'INFO', 'status': 'SUCCESS', 'protocol': 'HTTP/1.1', 'ma...</var>
<status status="PASS" start="2026-03-03T21:48:30.248218" elapsed="0.000527"/>
</iter>
<iter>
<kw name="Should Be Equal" owner="BuiltIn">
<arg>${log["level"]}</arg>
<arg>INFO</arg>
<doc>Fails if the given objects are unequal.</doc>
<status status="PASS" start="2026-03-03T21:48:30.249276" elapsed="0.000000"/>
</kw>
<var name="${log}">{'id': 'cmmapyrwk0013t655uk3ockra', 'timestamp': '2026-03-03T14:44:56.132Z', 'userId': 'cmm7viwap0000b4vc90jmv0ez', 'action': 'DELETE_DATA', 'level': 'INFO', 'status': 'SUCCESS', 'protocol': 'HTTP/1.1...</var>
<status status="PASS" start="2026-03-03T21:48:30.249276" elapsed="0.000531"/>
</iter>
<iter>
<kw name="Should Be Equal" owner="BuiltIn">
<arg>${log["level"]}</arg>
<arg>INFO</arg>
<doc>Fails if the given objects are unequal.</doc>
<status status="PASS" start="2026-03-03T21:48:30.249807" elapsed="0.000000"/>
</kw>
<var name="${log}">{'id': 'cmmapyrw80011t655f7rjqkd2', 'timestamp': '2026-03-03T14:44:56.120Z', 'userId': 'cmm7viwap0000b4vc90jmv0ez', 'action': 'DELETE_DATA', 'level': 'INFO', 'status': 'SUCCESS', 'protocol': 'HTTP/1.1...</var>
<status status="PASS" start="2026-03-03T21:48:30.249807" elapsed="0.000000"/>
</iter>
<iter>
<kw name="Should Be Equal" owner="BuiltIn">
<arg>${log["level"]}</arg>
<arg>INFO</arg>
<doc>Fails if the given objects are unequal.</doc>
<status status="PASS" start="2026-03-03T21:48:30.250337" elapsed="0.000000"/>
</kw>
<var name="${log}">{'id': 'cmmapyrls000nt655tqe6aumt', 'timestamp': '2026-03-03T14:44:55.744Z', 'userId': 'cmm7viwap0000b4vc90jmv0ez', 'action': 'LOGIN', 'level': 'INFO', 'status': 'SUCCESS', 'protocol': 'HTTP/1.1', 'ma...</var>
<status status="PASS" start="2026-03-03T21:48:30.250337" elapsed="0.000000"/>
</iter>
<iter>
<kw name="Should Be Equal" owner="BuiltIn">
<arg>${log["level"]}</arg>
<arg>INFO</arg>
<doc>Fails if the given objects are unequal.</doc>
<status status="PASS" start="2026-03-03T21:48:30.250337" elapsed="0.000532"/>
</kw>
<var name="${log}">{'id': 'cmmapk9hh000lt655yq3hm8pl', 'timestamp': '2026-03-03T14:33:39.078Z', 'userId': 'cmm7viwap0000b4vc90jmv0ez', 'action': 'DELETE_DATA', 'level': 'INFO', 'status': 'SUCCESS', 'protocol': 'HTTP/1.1...</var>
<status status="PASS" start="2026-03-03T21:48:30.250337" elapsed="0.000532"/>
</iter>
<iter>
<kw name="Should Be Equal" owner="BuiltIn">
<arg>${log["level"]}</arg>
<arg>INFO</arg>
<doc>Fails if the given objects are unequal.</doc>
<status status="PASS" start="2026-03-03T21:48:30.250869" elapsed="0.000511"/>
</kw>
<var name="${log}">{'id': 'cmmapk9h4000jt655hz4b47k8', 'timestamp': '2026-03-03T14:33:39.064Z', 'userId': 'cmm7viwap0000b4vc90jmv0ez', 'action': 'DELETE_DATA', 'level': 'INFO', 'status': 'SUCCESS', 'protocol': 'HTTP/1.1...</var>
<status status="PASS" start="2026-03-03T21:48:30.250869" elapsed="0.000511"/>
</iter>
<iter>
<kw name="Should Be Equal" owner="BuiltIn">
<arg>${log["level"]}</arg>
<arg>INFO</arg>
<doc>Fails if the given objects are unequal.</doc>
<status status="PASS" start="2026-03-03T21:48:30.251380" elapsed="0.000538"/>
</kw>
<var name="${log}">{'id': 'cmmapk8ka0005t6558t3r9kv1', 'timestamp': '2026-03-03T14:33:37.882Z', 'userId': 'cmm7viwap0000b4vc90jmv0ez', 'action': 'LOGIN', 'level': 'INFO', 'status': 'SUCCESS', 'protocol': 'HTTP/1.1', 'ma...</var>
<status status="PASS" start="2026-03-03T21:48:30.251380" elapsed="0.000538"/>
</iter>
<iter>
<kw name="Should Be Equal" owner="BuiltIn">
<arg>${log["level"]}</arg>
<arg>INFO</arg>
<doc>Fails if the given objects are unequal.</doc>
<status status="PASS" start="2026-03-03T21:48:30.251918" elapsed="0.000529"/>
</kw>
<var name="${log}">{'id': 'cmmapjr920003t655fg274r0p', 'timestamp': '2026-03-03T14:33:15.446Z', 'userId': 'cmm7viwap0000b4vc90jmv0ez', 'action': 'LOGIN', 'level': 'INFO', 'status': 'SUCCESS', 'protocol': 'HTTP/1.1', 'ma...</var>
<status status="PASS" start="2026-03-03T21:48:30.251918" elapsed="0.000529"/>
</iter>
<iter>
<kw name="Should Be Equal" owner="BuiltIn">
<arg>${log["level"]}</arg>
<arg>INFO</arg>
<doc>Fails if the given objects are unequal.</doc>
<status status="PASS" start="2026-03-03T21:48:30.252447" elapsed="0.000000"/>
</kw>
<var name="${log}">{'id': 'cmmamgvnz000ft31sw70wqc6m', 'timestamp': '2026-03-03T13:07:02.351Z', 'userId': 'cmm7viwap0000b4vc90jmv0ez', 'action': 'VIEW_DATA', 'level': 'INFO', 'status': 'SUCCESS', 'protocol': 'HTTP/1.1',...</var>
<status status="PASS" start="2026-03-03T21:48:30.252447" elapsed="0.000000"/>
</iter>
<iter>
<kw name="Should Be Equal" owner="BuiltIn">
<arg>${log["level"]}</arg>
<arg>INFO</arg>
<doc>Fails if the given objects are unequal.</doc>
<status status="PASS" start="2026-03-03T21:48:30.252976" elapsed="0.000000"/>
</kw>
<var name="${log}">{'id': 'cmmamcdt00007t31sed1qmm2r', 'timestamp': '2026-03-03T13:03:32.580Z', 'userId': 'cmm7viwap0000b4vc90jmv0ez', 'action': 'VIEW_DATA', 'level': 'INFO', 'status': 'SUCCESS', 'protocol': 'HTTP/1.1',...</var>
<status status="PASS" start="2026-03-03T21:48:30.252976" elapsed="0.000000"/>
</iter>
<iter>
<kw name="Should Be Equal" owner="BuiltIn">
<arg>${log["level"]}</arg>
<arg>INFO</arg>
<doc>Fails if the given objects are unequal.</doc>
<status status="PASS" start="2026-03-03T21:48:30.252976" elapsed="0.000000"/>
</kw>
<var name="${log}">{'id': 'cmmamcbw00005t31su7ony8w0', 'timestamp': '2026-03-03T13:03:30.096Z', 'userId': 'cmm7vom2z0005b4vcmhwc1qkh', 'action': 'LOGIN', 'level': 'INFO', 'status': 'SUCCESS', 'protocol': 'HTTP/1.1', 'ma...</var>
<status status="PASS" start="2026-03-03T21:48:30.252976" elapsed="0.000000"/>
</iter>
<iter>
<kw name="Should Be Equal" owner="BuiltIn">
<arg>${log["level"]}</arg>
<arg>INFO</arg>
<doc>Fails if the given objects are unequal.</doc>
<status status="PASS" start="2026-03-03T21:48:30.252976" elapsed="0.001006"/>
</kw>
<var name="${log}">{'id': 'cmmamc2j50003t31sw5y2xhiz', 'timestamp': '2026-03-03T13:03:17.970Z', 'userId': 'cmm7viwap0000b4vc90jmv0ez', 'action': 'LOGIN', 'level': 'INFO', 'status': 'SUCCESS', 'protocol': 'HTTP/1.1', 'ma...</var>
<status status="PASS" start="2026-03-03T21:48:30.252976" elapsed="0.001006"/>
</iter>
<iter>
<kw name="Should Be Equal" owner="BuiltIn">
<arg>${log["level"]}</arg>
<arg>INFO</arg>
<doc>Fails if the given objects are unequal.</doc>
<status status="PASS" start="2026-03-03T21:48:30.253982" elapsed="0.000000"/>
</kw>
<var name="${log}">{'id': 'cmmambkcj0001t31s93ijkoa3', 'timestamp': '2026-03-03T13:02:54.403Z', 'userId': 'cmm7viwap0000b4vc90jmv0ez', 'action': 'LOGOUT', 'level': 'INFO', 'status': 'SUCCESS', 'protocol': 'HTTP/1.1', 'm...</var>
<status status="PASS" start="2026-03-03T21:48:30.253982" elapsed="0.000000"/>
</iter>
<iter>
<kw name="Should Be Equal" owner="BuiltIn">
<arg>${log["level"]}</arg>
<arg>INFO</arg>
<doc>Fails if the given objects are unequal.</doc>
<status status="PASS" start="2026-03-03T21:48:30.253982" elapsed="0.000000"/>
</kw>
<var name="${log}">{'id': 'cmmalvz990007146ijic8x61c', 'timestamp': '2026-03-03T12:50:47.229Z', 'userId': 'cmm7viwap0000b4vc90jmv0ez', 'action': 'VIEW_DATA', 'level': 'INFO', 'status': 'SUCCESS', 'protocol': 'HTTP/1.1',...</var>
<status status="PASS" start="2026-03-03T21:48:30.253982" elapsed="0.001001"/>
</iter>
<iter>
<kw name="Should Be Equal" owner="BuiltIn">
<arg>${log["level"]}</arg>
<arg>INFO</arg>
<doc>Fails if the given objects are unequal.</doc>
<status status="PASS" start="2026-03-03T21:48:30.254983" elapsed="0.000000"/>
</kw>
<var name="${log}">{'id': 'cmmalvly30005146iks7vh8dd', 'timestamp': '2026-03-03T12:50:29.980Z', 'userId': 'cmm7viwap0000b4vc90jmv0ez', 'action': 'VIEW_DATA', 'level': 'INFO', 'status': 'SUCCESS', 'protocol': 'HTTP/1.1',...</var>
<status status="PASS" start="2026-03-03T21:48:30.254983" elapsed="0.000000"/>
</iter>
<iter>
<kw name="Should Be Equal" owner="BuiltIn">
<arg>${log["level"]}</arg>
<arg>INFO</arg>
<doc>Fails if the given objects are unequal.</doc>
<status status="PASS" start="2026-03-03T21:48:30.254983" elapsed="0.000000"/>
</kw>
<var name="${log}">{'id': 'cmmalvkf70003146ixxce17du', 'timestamp': '2026-03-03T12:50:28.003Z', 'userId': 'cmm7viwap0000b4vc90jmv0ez', 'action': 'LOGIN', 'level': 'INFO', 'status': 'SUCCESS', 'protocol': 'HTTP/1.1', 'ma...</var>
<status status="PASS" start="2026-03-03T21:48:30.254983" elapsed="0.000000"/>
</iter>
<iter>
<kw name="Should Be Equal" owner="BuiltIn">
<arg>${log["level"]}</arg>
<arg>INFO</arg>
<doc>Fails if the given objects are unequal.</doc>
<status status="PASS" start="2026-03-03T21:48:30.254983" elapsed="0.001000"/>
</kw>
<var name="${log}">{'id': 'cmmalvgdu0001146ive8gsihu', 'timestamp': '2026-03-03T12:50:22.771Z', 'userId': 'cmm7viwap0000b4vc90jmv0ez', 'action': 'LOGOUT', 'level': 'INFO', 'status': 'SUCCESS', 'protocol': 'HTTP/1.1', 'm...</var>
<status status="PASS" start="2026-03-03T21:48:30.254983" elapsed="0.001000"/>
</iter>
<iter>
<kw name="Should Be Equal" owner="BuiltIn">
<arg>${log["level"]}</arg>
<arg>INFO</arg>
<doc>Fails if the given objects are unequal.</doc>
<status status="PASS" start="2026-03-03T21:48:30.255983" elapsed="0.000000"/>
</kw>
<var name="${log}">{'id': 'cmmalpy5y00059lzcdfgwu3lk', 'timestamp': '2026-03-03T12:46:05.878Z', 'userId': 'cmm7viwap0000b4vc90jmv0ez', 'action': 'VIEW_DATA', 'level': 'INFO', 'status': 'SUCCESS', 'protocol': 'HTTP/1.1',...</var>
<status status="PASS" start="2026-03-03T21:48:30.255983" elapsed="0.000000"/>
</iter>
<iter>
<kw name="Should Be Equal" owner="BuiltIn">
<arg>${log["level"]}</arg>
<arg>INFO</arg>
<doc>Fails if the given objects are unequal.</doc>
<status status="PASS" start="2026-03-03T21:48:30.255983" elapsed="0.000000"/>
</kw>
<var name="${log}">{'id': 'cmmalpwz500039lzcec5y56bz', 'timestamp': '2026-03-03T12:46:04.337Z', 'userId': 'cmm7viwap0000b4vc90jmv0ez', 'action': 'LOGIN', 'level': 'INFO', 'status': 'SUCCESS', 'protocol': 'HTTP/1.1', 'ma...</var>
<status status="PASS" start="2026-03-03T21:48:30.255983" elapsed="0.000000"/>
</iter>
<iter>
<kw name="Should Be Equal" owner="BuiltIn">
<arg>${log["level"]}</arg>
<arg>INFO</arg>
<doc>Fails if the given objects are unequal.</doc>
<status status="PASS" start="2026-03-03T21:48:30.256982" elapsed="0.000000"/>
</kw>
<var name="${log}">{'id': 'cmmalpsyq00019lzc1uvsjuqd', 'timestamp': '2026-03-03T12:45:59.138Z', 'userId': 'cmm7viwap0000b4vc90jmv0ez', 'action': 'LOGOUT', 'level': 'INFO', 'status': 'SUCCESS', 'protocol': 'HTTP/1.1', 'm...</var>
<status status="PASS" start="2026-03-03T21:48:30.256982" elapsed="0.000000"/>
</iter>
<iter>
<kw name="Should Be Equal" owner="BuiltIn">
<arg>${log["level"]}</arg>
<arg>INFO</arg>
<doc>Fails if the given objects are unequal.</doc>
<status status="PASS" start="2026-03-03T21:48:30.256982" elapsed="0.000000"/>
</kw>
<var name="${log}">{'id': 'cmmalnp6z0007t9rpk1mhc2cs', 'timestamp': '2026-03-03T12:44:20.940Z', 'userId': 'cmm7viwap0000b4vc90jmv0ez', 'action': 'VIEW_DATA', 'level': 'INFO', 'status': 'SUCCESS', 'protocol': 'HTTP/1.1',...</var>
<status status="PASS" start="2026-03-03T21:48:30.256982" elapsed="0.000000"/>
</iter>
<iter>
<kw name="Should Be Equal" owner="BuiltIn">
<arg>${log["level"]}</arg>
<arg>INFO</arg>
<doc>Fails if the given objects are unequal.</doc>
<status status="PASS" start="2026-03-03T21:48:30.256982" elapsed="0.000998"/>
</kw>
<var name="${log}">{'id': 'cmmalnmoo0005t9rpfj2s4zhf', 'timestamp': '2026-03-03T12:44:17.688Z', 'userId': 'cmm7viwap0000b4vc90jmv0ez', 'action': 'LOGIN', 'level': 'INFO', 'status': 'SUCCESS', 'protocol': 'HTTP/1.1', 'ma...</var>
<status status="PASS" start="2026-03-03T21:48:30.256982" elapsed="0.000998"/>
</iter>
<iter>
<kw name="Should Be Equal" owner="BuiltIn">
<arg>${log["level"]}</arg>
<arg>INFO</arg>
<doc>Fails if the given objects are unequal.</doc>
<status status="PASS" start="2026-03-03T21:48:30.257980" elapsed="0.000000"/>
</kw>
<var name="${log}">{'id': 'cmmalnh5l0003t9rpv4drrjsg', 'timestamp': '2026-03-03T12:44:10.522Z', 'userId': 'cmm7viwap0000b4vc90jmv0ez', 'action': 'LOGOUT', 'level': 'INFO', 'status': 'SUCCESS', 'protocol': 'HTTP/1.1', 'm...</var>
<status status="PASS" start="2026-03-03T21:48:30.257980" elapsed="0.000000"/>
</iter>
<iter>
<kw name="Should Be Equal" owner="BuiltIn">
<arg>${log["level"]}</arg>
<arg>INFO</arg>
<doc>Fails if the given objects are unequal.</doc>
<status status="PASS" start="2026-03-03T21:48:30.257980" elapsed="0.000000"/>
</kw>
<var name="${log}">{'id': 'cmmalnf3p0001t9rppo4kpdxz', 'timestamp': '2026-03-03T12:44:07.861Z', 'userId': 'cmm7viwap0000b4vc90jmv0ez', 'action': 'VIEW_DATA', 'level': 'INFO', 'status': 'SUCCESS', 'protocol': 'HTTP/1.1',...</var>
<status status="PASS" start="2026-03-03T21:48:30.257980" elapsed="0.000000"/>
</iter>
<iter>
<kw name="Should Be Equal" owner="BuiltIn">
<arg>${log["level"]}</arg>
<arg>INFO</arg>
<doc>Fails if the given objects are unequal.</doc>
<status status="PASS" start="2026-03-03T21:48:30.257980" elapsed="0.001004"/>
</kw>
<var name="${log}">{'id': 'cmmalfi590005bheuu2nqw971', 'timestamp': '2026-03-03T12:37:58.557Z', 'userId': 'cmm7viwap0000b4vc90jmv0ez', 'action': 'VIEW_DATA', 'level': 'INFO', 'status': 'SUCCESS', 'protocol': 'HTTP/1.1',...</var>
<status status="PASS" start="2026-03-03T21:48:30.257980" elapsed="0.001004"/>
</iter>
<iter>
<kw name="Should Be Equal" owner="BuiltIn">
<arg>${log["level"]}</arg>
<arg>INFO</arg>
<doc>Fails if the given objects are unequal.</doc>
<status status="PASS" start="2026-03-03T21:48:30.258984" elapsed="0.000000"/>
</kw>
<var name="${log}">{'id': 'cmmalfgff0003bheuhwueta45', 'timestamp': '2026-03-03T12:37:56.332Z', 'userId': 'cmm7viwap0000b4vc90jmv0ez', 'action': 'LOGIN', 'level': 'INFO', 'status': 'SUCCESS', 'protocol': 'HTTP/1.1', 'ma...</var>
<status status="PASS" start="2026-03-03T21:48:30.258984" elapsed="0.000000"/>
</iter>
<iter>
<kw name="Should Be Equal" owner="BuiltIn">
<arg>${log["level"]}</arg>
<arg>INFO</arg>
<doc>Fails if the given objects are unequal.</doc>
<status status="PASS" start="2026-03-03T21:48:30.258984" elapsed="0.000000"/>
</kw>
<var name="${log}">{'id': 'cmmalfbuy0001bheuk17gki30', 'timestamp': '2026-03-03T12:37:50.410Z', 'userId': 'cmm7viwap0000b4vc90jmv0ez', 'action': 'LOGOUT', 'level': 'INFO', 'status': 'SUCCESS', 'protocol': 'HTTP/1.1', 'm...</var>
<status status="PASS" start="2026-03-03T21:48:30.258984" elapsed="0.000000"/>
</iter>
<iter>
<kw name="Should Be Equal" owner="BuiltIn">
<arg>${log["level"]}</arg>
<arg>INFO</arg>
<doc>Fails if the given objects are unequal.</doc>
<status status="PASS" start="2026-03-03T21:48:30.259982" elapsed="0.000000"/>
</kw>
<var name="${log}">{'id': 'cmmakvf8g0007jqq2n688cxd2', 'timestamp': '2026-03-03T12:22:21.664Z', 'userId': 'cmm7viwap0000b4vc90jmv0ez', 'action': 'VIEW_DATA', 'level': 'INFO', 'status': 'SUCCESS', 'protocol': 'HTTP/1.1',...</var>
<status status="PASS" start="2026-03-03T21:48:30.259982" elapsed="0.000000"/>
</iter>
<iter>
<kw name="Should Be Equal" owner="BuiltIn">
<arg>${log["level"]}</arg>
<arg>INFO</arg>
<doc>Fails if the given objects are unequal.</doc>
<status status="PASS" start="2026-03-03T21:48:30.259982" elapsed="0.000000"/>
</kw>
<var name="${log}">{'id': 'cmmakvdkh0005jqq229m8sfx2', 'timestamp': '2026-03-03T12:22:19.505Z', 'userId': 'cmm7viwap0000b4vc90jmv0ez', 'action': 'LOGIN', 'level': 'INFO', 'status': 'SUCCESS', 'protocol': 'HTTP/1.1', 'ma...</var>
<status status="PASS" start="2026-03-03T21:48:30.259982" elapsed="0.000000"/>
</iter>
<iter>
<kw name="Should Be Equal" owner="BuiltIn">
<arg>${log["level"]}</arg>
<arg>INFO</arg>
<doc>Fails if the given objects are unequal.</doc>
<status status="PASS" start="2026-03-03T21:48:30.259982" elapsed="0.000000"/>
</kw>
<var name="${log}">{'id': 'cmmakv5w90001jqq2gq6vqdma', 'timestamp': '2026-03-03T12:22:09.562Z', 'userId': 'cmm7viwap0000b4vc90jmv0ez', 'action': 'LOGOUT', 'level': 'INFO', 'status': 'SUCCESS', 'protocol': 'HTTP/1.1', 'm...</var>
<status status="PASS" start="2026-03-03T21:48:30.259982" elapsed="0.000000"/>
</iter>
<iter>
<kw name="Should Be Equal" owner="BuiltIn">
<arg>${log["level"]}</arg>
<arg>INFO</arg>
<doc>Fails if the given objects are unequal.</doc>
<status status="PASS" start="2026-03-03T21:48:30.259982" elapsed="0.000000"/>
</kw>
<var name="${log}">{'id': 'cmmakpdfu0005at4v6bl9kp03', 'timestamp': '2026-03-03T12:17:39.403Z', 'userId': 'cmm7viwap0000b4vc90jmv0ez', 'action': 'VIEW_DATA', 'level': 'INFO', 'status': 'SUCCESS', 'protocol': 'HTTP/1.1',...</var>
<status status="PASS" start="2026-03-03T21:48:30.259982" elapsed="0.000000"/>
</iter>
<iter>
<kw name="Should Be Equal" owner="BuiltIn">
<arg>${log["level"]}</arg>
<arg>INFO</arg>
<doc>Fails if the given objects are unequal.</doc>
<status status="PASS" start="2026-03-03T21:48:30.261507" elapsed="0.000000"/>
</kw>
<var name="${log}">{'id': 'cmmakpbsu0003at4vcz0u43ox', 'timestamp': '2026-03-03T12:17:37.278Z', 'userId': 'cmm7viwap0000b4vc90jmv0ez', 'action': 'LOGIN', 'level': 'INFO', 'status': 'SUCCESS', 'protocol': 'HTTP/1.1', 'ma...</var>
<status status="PASS" start="2026-03-03T21:48:30.261507" elapsed="0.000000"/>
</iter>
<iter>
<kw name="Should Be Equal" owner="BuiltIn">
<arg>${log["level"]}</arg>
<arg>INFO</arg>
<doc>Fails if the given objects are unequal.</doc>
<status status="PASS" start="2026-03-03T21:48:30.261507" elapsed="0.000000"/>
</kw>
<var name="${log}">{'id': 'cmmakp7al0001at4vlv7xu6qg', 'timestamp': '2026-03-03T12:17:31.437Z', 'userId': 'cmm7viwap0000b4vc90jmv0ez', 'action': 'LOGOUT', 'level': 'INFO', 'status': 'SUCCESS', 'protocol': 'HTTP/1.1', 'm...</var>
<status status="PASS" start="2026-03-03T21:48:30.261507" elapsed="0.000000"/>
</iter>
<iter>
<kw name="Should Be Equal" owner="BuiltIn">
<arg>${log["level"]}</arg>
<arg>INFO</arg>
<doc>Fails if the given objects are unequal.</doc>
<status status="PASS" start="2026-03-03T21:48:30.261507" elapsed="0.001010"/>
</kw>
<var name="${log}">{'id': 'cmmakdkf70005fdvhn6tcigbi', 'timestamp': '2026-03-03T12:08:28.579Z', 'userId': 'cmm7viwap0000b4vc90jmv0ez', 'action': 'VIEW_DATA', 'level': 'INFO', 'status': 'SUCCESS', 'protocol': 'HTTP/1.1',...</var>
<status status="PASS" start="2026-03-03T21:48:30.261507" elapsed="0.001010"/>
</iter>
<iter>
<kw name="Should Be Equal" owner="BuiltIn">
<arg>${log["level"]}</arg>
<arg>INFO</arg>
<doc>Fails if the given objects are unequal.</doc>
<status status="PASS" start="2026-03-03T21:48:30.262517" elapsed="0.000000"/>
</kw>
<var name="${log}">{'id': 'cmmakdigi0003fdvh58jqfnf9', 'timestamp': '2026-03-03T12:08:26.035Z', 'userId': 'cmm7viwap0000b4vc90jmv0ez', 'action': 'LOGIN', 'level': 'INFO', 'status': 'SUCCESS', 'protocol': 'HTTP/1.1', 'ma...</var>
<status status="PASS" start="2026-03-03T21:48:30.262517" elapsed="0.000000"/>
</iter>
<iter>
<kw name="Should Be Equal" owner="BuiltIn">
<arg>${log["level"]}</arg>
<arg>INFO</arg>
<doc>Fails if the given objects are unequal.</doc>
<status status="PASS" start="2026-03-03T21:48:30.262517" elapsed="0.000000"/>
</kw>
<var name="${log}">{'id': 'cmmak6tye000511cap3vag1r2', 'timestamp': '2026-03-03T12:03:14.342Z', 'userId': 'cmm7viwap0000b4vc90jmv0ez', 'action': 'VIEW_DATA', 'level': 'INFO', 'status': 'SUCCESS', 'protocol': 'HTTP/1.1',...</var>
<status status="PASS" start="2026-03-03T21:48:30.262517" elapsed="0.000000"/>
</iter>
<iter>
<kw name="Should Be Equal" owner="BuiltIn">
<arg>${log["level"]}</arg>
<arg>INFO</arg>
<doc>Fails if the given objects are unequal.</doc>
<status status="PASS" start="2026-03-03T21:48:30.263516" elapsed="0.000000"/>
</kw>
<var name="${log}">{'id': 'cmmak6t3c000311cax0g9oph6', 'timestamp': '2026-03-03T12:03:13.224Z', 'userId': 'cmm7viwap0000b4vc90jmv0ez', 'action': 'LOGIN', 'level': 'INFO', 'status': 'SUCCESS', 'protocol': 'HTTP/1.1', 'ma...</var>
<status status="PASS" start="2026-03-03T21:48:30.263516" elapsed="0.000000"/>
</iter>
<iter>
<kw name="Should Be Equal" owner="BuiltIn">
<arg>${log["level"]}</arg>
<arg>INFO</arg>
<doc>Fails if the given objects are unequal.</doc>
<status status="PASS" start="2026-03-03T21:48:30.263516" elapsed="0.000000"/>
</kw>
<var name="${log}">{'id': 'cmmak6ol2000111caulwv3sf9', 'timestamp': '2026-03-03T12:03:07.382Z', 'userId': 'cmm7viwap0000b4vc90jmv0ez', 'action': 'LOGOUT', 'level': 'INFO', 'status': 'SUCCESS', 'protocol': 'HTTP/1.1', 'm...</var>
<status status="PASS" start="2026-03-03T21:48:30.263516" elapsed="0.000000"/>
</iter>
<iter>
<kw name="Should Be Equal" owner="BuiltIn">
<arg>${log["level"]}</arg>
<arg>INFO</arg>
<doc>Fails if the given objects are unequal.</doc>
<status status="PASS" start="2026-03-03T21:48:30.263516" elapsed="0.000000"/>
</kw>
<var name="${log}">{'id': 'cmmak2pu70005a1yui36j222o', 'timestamp': '2026-03-03T12:00:02.383Z', 'userId': 'cmm7viwap0000b4vc90jmv0ez', 'action': 'VIEW_DATA', 'level': 'INFO', 'status': 'SUCCESS', 'protocol': 'HTTP/1.1',...</var>
<status status="PASS" start="2026-03-03T21:48:30.263516" elapsed="0.000000"/>
</iter>
<iter>
<kw name="Should Be Equal" owner="BuiltIn">
<arg>${log["level"]}</arg>
<arg>INFO</arg>
<doc>Fails if the given objects are unequal.</doc>
<status status="PASS" start="2026-03-03T21:48:30.263516" elapsed="0.001344"/>
</kw>
<var name="${log}">{'id': 'cmmak2ouj0003a1yu13b860tl', 'timestamp': '2026-03-03T12:00:01.100Z', 'userId': 'cmm7viwap0000b4vc90jmv0ez', 'action': 'LOGIN', 'level': 'INFO', 'status': 'SUCCESS', 'protocol': 'HTTP/1.1', 'ma...</var>
<status status="PASS" start="2026-03-03T21:48:30.263516" elapsed="0.001344"/>
</iter>
<iter>
<kw name="Should Be Equal" owner="BuiltIn">
<arg>${log["level"]}</arg>
<arg>INFO</arg>
<doc>Fails if the given objects are unequal.</doc>
<status status="PASS" start="2026-03-03T21:48:30.264860" elapsed="0.000000"/>
</kw>
<var name="${log}">{'id': 'cmmak2ky20001a1yuhxmbs9l4', 'timestamp': '2026-03-03T11:59:56.043Z', 'userId': 'cmm7viwap0000b4vc90jmv0ez', 'action': 'LOGOUT', 'level': 'INFO', 'status': 'SUCCESS', 'protocol': 'HTTP/1.1', 'm...</var>
<status status="PASS" start="2026-03-03T21:48:30.264860" elapsed="0.000000"/>
</iter>
<iter>
<kw name="Should Be Equal" owner="BuiltIn">
<arg>${log["level"]}</arg>
<arg>INFO</arg>
<doc>Fails if the given objects are unequal.</doc>
<status status="PASS" start="2026-03-03T21:48:30.264860" elapsed="0.001004"/>
</kw>
<var name="${log}">{'id': 'cmmak09r50005b7smxeabhf3l', 'timestamp': '2026-03-03T11:58:08.226Z', 'userId': 'cmm7viwap0000b4vc90jmv0ez', 'action': 'VIEW_DATA', 'level': 'INFO', 'status': 'SUCCESS', 'protocol': 'HTTP/1.1',...</var>
<status status="PASS" start="2026-03-03T21:48:30.264860" elapsed="0.001004"/>
</iter>
<iter>
<kw name="Should Be Equal" owner="BuiltIn">
<arg>${log["level"]}</arg>
<arg>INFO</arg>
<doc>Fails if the given objects are unequal.</doc>
<status status="PASS" start="2026-03-03T21:48:30.265864" elapsed="0.000000"/>
</kw>
<var name="${log}">{'id': 'cmmak08uh0003b7sm9b4nlktu', 'timestamp': '2026-03-03T11:58:07.049Z', 'userId': 'cmm7viwap0000b4vc90jmv0ez', 'action': 'LOGIN', 'level': 'INFO', 'status': 'SUCCESS', 'protocol': 'HTTP/1.1', 'ma...</var>
<status status="PASS" start="2026-03-03T21:48:30.265864" elapsed="0.000000"/>
</iter>
<iter>
<kw name="Should Be Equal" owner="BuiltIn">
<arg>${log["level"]}</arg>
<arg>INFO</arg>
<doc>Fails if the given objects are unequal.</doc>
<status status="PASS" start="2026-03-03T21:48:30.265864" elapsed="0.000000"/>
</kw>
<var name="${log}">{'id': 'cmmak04s40001b7sms69bvxlr', 'timestamp': '2026-03-03T11:58:01.781Z', 'userId': 'cmm7viwap0000b4vc90jmv0ez', 'action': 'LOGOUT', 'level': 'INFO', 'status': 'SUCCESS', 'protocol': 'HTTP/1.1', 'm...</var>
<status status="PASS" start="2026-03-03T21:48:30.265864" elapsed="0.000000"/>
</iter>
<iter>
<kw name="Should Be Equal" owner="BuiltIn">
<arg>${log["level"]}</arg>
<arg>INFO</arg>
<doc>Fails if the given objects are unequal.</doc>
<status status="PASS" start="2026-03-03T21:48:30.266897" elapsed="0.000000"/>
</kw>
<var name="${log}">{'id': 'cmmajvso40003abkb7qfscz28', 'timestamp': '2026-03-03T11:54:39.461Z', 'userId': 'cmm7viwap0000b4vc90jmv0ez', 'action': 'VIEW_DATA', 'level': 'INFO', 'status': 'SUCCESS', 'protocol': 'HTTP/1.1',...</var>
<status status="PASS" start="2026-03-03T21:48:30.265864" elapsed="0.001033"/>
</iter>
<iter>
<kw name="Should Be Equal" owner="BuiltIn">
<arg>${log["level"]}</arg>
<arg>INFO</arg>
<doc>Fails if the given objects are unequal.</doc>
<status status="PASS" start="2026-03-03T21:48:30.266897" elapsed="0.000000"/>
</kw>
<var name="${log}">{'id': 'cmmajvrku0001abkbzmn64r8n', 'timestamp': '2026-03-03T11:54:38.046Z', 'userId': 'cmm7viwap0000b4vc90jmv0ez', 'action': 'LOGIN', 'level': 'INFO', 'status': 'SUCCESS', 'protocol': 'HTTP/1.1', 'ma...</var>
<status status="PASS" start="2026-03-03T21:48:30.266897" elapsed="0.000000"/>
</iter>
<iter>
<kw name="Should Be Equal" owner="BuiltIn">
<arg>${log["level"]}</arg>
<arg>INFO</arg>
<doc>Fails if the given objects are unequal.</doc>
<status status="PASS" start="2026-03-03T21:48:30.266897" elapsed="0.000000"/>
</kw>
<var name="${log}">{'id': 'cmmajoitm0003jm7y67nlx118', 'timestamp': '2026-03-03T11:49:00.106Z', 'userId': 'cmm7viwap0000b4vc90jmv0ez', 'action': 'VIEW_DATA', 'level': 'INFO', 'status': 'SUCCESS', 'protocol': 'HTTP/1.1',...</var>
<status status="PASS" start="2026-03-03T21:48:30.266897" elapsed="0.000000"/>
</iter>
<iter>
<kw name="Should Be Equal" owner="BuiltIn">
<arg>${log["level"]}</arg>
<arg>INFO</arg>
<doc>Fails if the given objects are unequal.</doc>
<status status="PASS" start="2026-03-03T21:48:30.266897" elapsed="0.000000"/>
</kw>
<var name="${log}">{'id': 'cmmajogrr0001jm7ym18pwfki', 'timestamp': '2026-03-03T11:48:57.448Z', 'userId': 'cmm7viwap0000b4vc90jmv0ez', 'action': 'LOGIN', 'level': 'INFO', 'status': 'SUCCESS', 'protocol': 'HTTP/1.1', 'ma...</var>
<status status="PASS" start="2026-03-03T21:48:30.266897" elapsed="0.000000"/>
</iter>
<iter>
<kw name="Should Be Equal" owner="BuiltIn">
<arg>${log["level"]}</arg>
<arg>INFO</arg>
<doc>Fails if the given objects are unequal.</doc>
<status status="PASS" start="2026-03-03T21:48:30.268403" elapsed="0.000000"/>
</kw>
<var name="${log}">{'id': 'cmmadsvxy0009tx22ctk9i14e', 'timestamp': '2026-03-03T09:04:26.039Z', 'userId': 'cmm7vom2z0005b4vcmhwc1qkh', 'action': 'CREATE_DATA', 'level': 'INFO', 'status': 'SUCCESS', 'protocol': 'HTTP/1.1...</var>
<status status="PASS" start="2026-03-03T21:48:30.268403" elapsed="0.000000"/>
</iter>
<iter>
<kw name="Should Be Equal" owner="BuiltIn">
<arg>${log["level"]}</arg>
<arg>INFO</arg>
<doc>Fails if the given objects are unequal.</doc>
<status status="PASS" start="2026-03-03T21:48:30.268403" elapsed="0.000000"/>
</kw>
<var name="${log}">{'id': 'cmmads3oz0005tx2223wge6lw', 'timestamp': '2026-03-03T09:03:49.428Z', 'userId': 'cmm7vom2z0005b4vcmhwc1qkh', 'action': 'LOGIN', 'level': 'INFO', 'status': 'SUCCESS', 'protocol': 'HTTP/1.1', 'ma...</var>
<status status="PASS" start="2026-03-03T21:48:30.268403" elapsed="0.000000"/>
</iter>
<var>${log}</var>
<value>@{resp.json()["data"]}</value>
<status status="PASS" start="2026-03-03T21:48:30.247698" elapsed="0.020705"/>
</for>
<doc>กรอง level=INFO ตรวจสอบทุก record ที่ได้รับ</doc>
<tag>filter</tag>
<tag>get_logs</tag>
<tag>positive</tag>
<status status="PASS" start="2026-03-03T21:48:30.237030" elapsed="0.031373"/>
</test>
<test id="s1-t4" name="TC_GL_004 Get Logs - Filter By Level WARNING" line="86">
<kw name="Get Auth Headers">
<kw name="Create Dictionary" owner="BuiltIn">
<msg time="2026-03-03T21:48:30.270410" level="INFO">${headers} = {'Authorization': 'Bearer eyJhbGciOiJIUzI1NiIsInR5cCI6IkpXVCJ9.eyJzdWIiOiJjbW03dml3YXAwMDAwYjR2Yzkwam12MGV6Iiwicm9sZSI6IkFETUlOIiwiZW1haWwiOiJhZG1pbkBleGFtcGxlLmNvbSIsImlhdCI6MTc3MjU0OTMxMCwiZXhwIjoxN...</msg>
<var>${headers}</var>
<arg>Authorization=Bearer ${TOKEN}</arg>
<arg>Content-Type=application/json</arg>
<doc>Creates and returns a dictionary based on the given ``items``.</doc>
<status status="PASS" start="2026-03-03T21:48:30.269428" elapsed="0.000982"/>
</kw>
<return>
<value>${headers}</value>
<status status="PASS" start="2026-03-03T21:48:30.270410" elapsed="0.000000"/>
</return>
<msg time="2026-03-03T21:48:30.270410" level="INFO">${headers} = {'Authorization': 'Bearer eyJhbGciOiJIUzI1NiIsInR5cCI6IkpXVCJ9.eyJzdWIiOiJjbW03dml3YXAwMDAwYjR2Yzkwam12MGV6Iiwicm9sZSI6IkFETUlOIiwiZW1haWwiOiJhZG1pbkBleGFtcGxlLmNvbSIsImlhdCI6MTc3MjU0OTMxMCwiZXhwIjoxN...</msg>
<var>${headers}</var>
<status status="PASS" start="2026-03-03T21:48:30.269428" elapsed="0.000982"/>
</kw>
<kw name="Create Dictionary" owner="BuiltIn">
<msg time="2026-03-03T21:48:30.270410" level="INFO">${params} = {'level': 'WARNING'}</msg>
<var>${params}</var>
<arg>level=WARNING</arg>
<doc>Creates and returns a dictionary based on the given ``items``.</doc>
<status status="PASS" start="2026-03-03T21:48:30.270410" elapsed="0.000000"/>
</kw>
<kw name="GET On Session" owner="RequestsLibrary">
<msg time="2026-03-03T21:48:30.277301" level="INFO">GET Request : url=http://localhost:8080/api/system-logs?level=WARNING 
 path_url=/api/system-logs?level=WARNING 
 headers={'User-Agent': 'python-requests/2.32.5', 'Accept-Encoding': 'gzip, deflate', 'Accept': '*/*', 'Connection': 'keep-alive', 'Authorization': 'Bearer eyJhbGciOiJIUzI1NiIsInR5cCI6IkpXVCJ9.eyJzdWIiOiJjbW03dml3YXAwMDAwYjR2Yzkwam12MGV6Iiwicm9sZSI6IkFETUlOIiwiZW1haWwiOiJhZG1pbkBleGFtcGxlLmNvbSIsImlhdCI6MTc3MjU0OTMxMCwiZXhwIjoxNzcyNTUyOTEwfQ.9x8Ujpt3rSVyuSXhduMSXAB4Eh5pmsDHDf6NXh7jdso', 'Content-Type': 'application/json'} 
 body=None 
 </msg>
<msg time="2026-03-03T21:48:30.277301" level="INFO">GET Response : url=http://localhost:8080/api/system-logs?level=WARNING 
 status=200, reason=OK 
[...]
<status status="PASS" start="2026-03-03T21:48:30.592265" elapsed="0.000000"/>
</return>
<msg time="2026-03-03T21:48:30.592787" level="INFO">${headers} = {'Authorization': 'Bearer eyJhbGciOiJIUzI1NiIsInR5cCI6IkpXVCJ9.eyJzdWIiOiJjbW03dml3YXAwMDAwYjR2Yzkwam12MGV6Iiwicm9sZSI6IkFETUlOIiwiZW1haWwiOiJhZG1pbkBleGFtcGxlLmNvbSIsImlhdCI6MTc3MjU0OTMxMCwiZXhwIjoxN...</msg>
<var>${headers}</var>
<status status="PASS" start="2026-03-03T21:48:30.591737" elapsed="0.001050"/>
</kw>
<kw name="DELETE On Session" owner="RequestsLibrary">
<msg time="2026-03-03T21:48:30.603576" level="INFO">DELETE Request : url=http://localhost:8080/api/system-logs/old-logs 
 path_url=/api/system-logs/old-logs 
 headers={'User-Agent': 'python-requests/2.32.5', 'Accept-Encoding': 'gzip, deflate', 'Accept': '*/*', 'Connection': 'keep-alive', 'Authorization': 'Bearer eyJhbGciOiJIUzI1NiIsInR5cCI6IkpXVCJ9.eyJzdWIiOiJjbW03dml3YXAwMDAwYjR2Yzkwam12MGV6Iiwicm9sZSI6IkFETUlOIiwiZW1haWwiOiJhZG1pbkBleGFtcGxlLmNvbSIsImlhdCI6MTc3MjU0OTMxMCwiZXhwIjoxNzcyNTUyOTEwfQ.9x8Ujpt3rSVyuSXhduMSXAB4Eh5pmsDHDf6NXh7jdso', 'Content-Type': 'application/json', 'Content-Length': '0'} 
 body=None 
 </msg>
<msg time="2026-03-03T21:48:30.603576" level="INFO">DELETE Response : url=http://localhost:8080/api/system-logs/old-logs 
 status=200, reason=OK 
 headers={'Content-Security-Policy': "default-src 'self';base-uri 'self';font-src 'self' https: data:;form-action 'self';frame-ancestors 'self';img-src 'self' data:;object-src 'none';script-src 'self';script-src-attr 'none';style-src 'self' https: 'unsafe-inline';upgrade-insecure-requests", 'Cross-Origin-Opener-Policy': 'same-origin', 'Cross-Origin-Resource-Policy': 'same-origin', 'Origin-Agent-Cluster': '?1', 'Referrer-Policy': 'no-referrer', 'Strict-Transport-Security': 'max-age=15552000; includeSubDomains', 'X-Content-Type-Options': 'nosniff', 'X-DNS-Prefetch-Control': 'off', 'X-Download-Options': 'noopen', 'X-Frame-Options': 'SAMEORIGIN', 'X-Permitted-Cross-Domain-Policies': 'none', 'X-XSS-Protection': '0', 'Vary': 'Origin', 'Access-Control-Allow-Credentials': 'true', 'Content-Type': 'application/json; charset=utf-8', 'Content-Length': '95', 'ETag': 'W/"5f-hDluemRe1UWWxasQwERnPxqTsFc"', 'Date': 'Tue, 03 Mar 2026 14:48:30 GMT', 'Connection': 'keep-alive', 'Keep-Alive': 'timeout=5'} 
 body={"success":true,"message":"Successfully deleted 0 logs older than 90 days.","data":{"count":0}} 
 </msg>
<msg time="2026-03-03T21:48:30.603576" level="INFO">${resp} = &lt;Response [200]&gt;</msg>
<var>${resp}</var>
<arg>api</arg>
<arg>${API_PREFIX}/old-logs</arg>
<arg>headers=${headers}</arg>
<doc>Sends a DELETE request on a previously created HTTP Session.</doc>
<status status="PASS" start="2026-03-03T21:48:30.592787" elapsed="0.010789"/>
</kw>
<kw name="Should Be Equal As Integers" owner="BuiltIn">
<msg time="2026-03-03T21:48:30.604650" level="INFO">Argument types are:
&lt;class 'int'&gt;
&lt;class 'str'&gt;</msg>
<arg>${resp.status_code}</arg>
<arg>200</arg>
<doc>Fails if objects are unequal after converting them to integers.</doc>
<status status="PASS" start="2026-03-03T21:48:30.604110" elapsed="0.000540"/>
</kw>
<kw name="Set Variable" owner="BuiltIn">
<msg time="2026-03-03T21:48:30.605181" level="INFO">${body} = {'success': True, 'message': 'Successfully deleted 0 logs older than 90 days.', 'data': {'count': 0}}</msg>
<var>${body}</var>
<arg>${resp.json()}</arg>
<doc>Returns the given values which can then be assigned to a variables.</doc>
<status status="PASS" start="2026-03-03T21:48:30.604650" elapsed="0.000531"/>
</kw>
<kw name="Should Be True" owner="BuiltIn">
<arg>${body["success"]}</arg>
<doc>Fails if the given condition is not true.</doc>
<status status="PASS" start="2026-03-03T21:48:30.605777" elapsed="0.000000"/>
</kw>
<kw name="Should Contain" owner="BuiltIn">
<arg>${body["message"]}</arg>
<arg>90 days</arg>
<doc>Fails if ``container`` does not contain ``item`` one or more times.</doc>
<status status="PASS" start="2026-03-03T21:48:30.606325" elapsed="0.000521"/>
</kw>
<kw name="Dictionary Should Contain Key" owner="Collections">
<arg>${body["data"]}</arg>
<arg>count</arg>
<doc>Fails if ``key`` is not found from ``dictionary``.</doc>
<status status="PASS" start="2026-03-03T21:48:30.606846" elapsed="0.000520"/>
</kw>
<doc>ลบ log &gt; 90 วัน ตรวจ success, message, data.count</doc>
<tag>delete</tag>
<tag>positive</tag>
<status status="PASS" start="2026-03-03T21:48:30.590667" elapsed="0.017231"/>
</test>
<test id="s1-t26" name="TC_DL_002 Delete Old Logs - Count Is Non-Negative Integer" line="319">
<kw name="Get Auth Headers">
<kw name="Create Dictionary" owner="BuiltIn">
<msg time="2026-03-03T21:48:30.609485" level="INFO">${headers} = {'Authorization': 'Bearer eyJhbGciOiJIUzI1NiIsInR5cCI6IkpXVCJ9.eyJzdWIiOiJjbW03dml3YXAwMDAwYjR2Yzkwam12MGV6Iiwicm9sZSI6IkFETUlOIiwiZW1haWwiOiJhZG1pbkBleGFtcGxlLmNvbSIsImlhdCI6MTc3MjU0OTMxMCwiZXhwIjoxN...</msg>
<var>${headers}</var>
<arg>Authorization=Bearer ${TOKEN}</arg>
<arg>Content-Type=application/json</arg>
<doc>Creates and returns a dictionary based on the given ``items``.</doc>
<status status="PASS" start="2026-03-03T21:48:30.608956" elapsed="0.000529"/>
</kw>
<return>
<value>${headers}</value>
<status status="PASS" start="2026-03-03T21:48:30.609485" elapsed="0.000000"/>
</return>
<msg time="2026-03-03T21:48:30.609485" level="INFO">${headers} = {'Authorization': 'Bearer eyJhbGciOiJIUzI1NiIsInR5cCI6IkpXVCJ9.eyJzdWIiOiJjbW03dml3YXAwMDAwYjR2Yzkwam12MGV6Iiwicm9sZSI6IkFETUlOIiwiZW1haWwiOiJhZG1pbkBleGFtcGxlLmNvbSIsImlhdCI6MTc3MjU0OTMxMCwiZXhwIjoxN...</msg>
<var>${headers}</var>
<status status="PASS" start="2026-03-03T21:48:30.608422" elapsed="0.001063"/>
</kw>
<kw name="DELETE On Session" owner="RequestsLibrary">
<msg time="2026-03-03T21:48:30.619539" level="INFO">DELETE Request : url=http://localhost:8080/api/system-logs/old-logs 
 path_url=/api/system-logs/old-logs 
 headers={'User-Agent': 'python-requests/2.32.5', 'Accept-Encoding': 'gzip, deflate', 'Accept': '*/*', 'Connection': 'keep-alive', 'Authorization': 'Bearer eyJhbGciOiJIUzI1NiIsInR5cCI6IkpXVCJ9.eyJzdWIiOiJjbW03dml3YXAwMDAwYjR2Yzkwam12MGV6Iiwicm9sZSI6IkFETUlOIiwiZW1haWwiOiJhZG1pbkBleGFtcGxlLmNvbSIsImlhdCI6MTc3MjU0OTMxMCwiZXhwIjoxNzcyNTUyOTEwfQ.9x8Ujpt3rSVyuSXhduMSXAB4Eh5pmsDHDf6NXh7jdso', 'Content-Type': 'application/json', 'Content-Length': '0'} 
 body=None 
 </msg>
<msg time="2026-03-03T21:48:30.619539" level="INFO">DELETE Response : url=http://localhost:8080/api/system-logs/old-logs 
 status=200, reason=OK 
 headers={'Content-Security-Policy': "default-src 'self';base-uri 'self';font-src 'self' https: data:;form-action 'self';frame-ancestors 'self';img-src 'self' data:;object-src 'none';script-src 'self';script-src-attr 'none';style-src 'self' https: 'unsafe-inline';upgrade-insecure-requests", 'Cross-Origin-Opener-Policy': 'same-origin', 'Cross-Origin-Resource-Policy': 'same-origin', 'Origin-Agent-Cluster': '?1', 'Referrer-Policy': 'no-referrer', 'Strict-Transport-Security': 'max-age=15552000; includeSubDomains', 'X-Content-Type-Options': 'nosniff', 'X-DNS-Prefetch-Control': 'off', 'X-Download-Options': 'noopen', 'X-Frame-Options': 'SAMEORIGIN', 'X-Permitted-Cross-Domain-Policies': 'none', 'X-XSS-Protection': '0', 'Vary': 'Origin', 'Access-Control-Allow-Credentials': 'true', 'Content-Type': 'application/json; charset=utf-8', 'Content-Length': '95', 'ETag': 'W/"5f-hDluemRe1UWWxasQwERnPxqTsFc"', 'Date': 'Tue, 03 Mar 2026 14:48:30 GMT', 'Connection': 'keep-alive', 'Keep-Alive': 'timeout=5'} 
 body={"success":true,"message":"Successfully deleted 0 logs older than 90 days.","data":{"count":0}} 
 </msg>
<msg time="2026-03-03T21:48:30.619539" level="INFO">${resp} = &lt;Response [200]&gt;</msg>
<var>${resp}</var>
<arg>api</arg>
<arg>${API_PREFIX}/old-logs</arg>
<arg>headers=${headers}</arg>
<doc>Sends a DELETE request on a previously created HTTP Session.</doc>
<status status="PASS" start="2026-03-03T21:48:30.610006" elapsed="0.009533"/>
</kw>
<kw name="Should Be Equal As Integers" owner="BuiltIn">
<msg time="2026-03-03T21:48:30.620661" level="INFO">Argument types are:
&lt;class 'int'&gt;
&lt;class 'str'&gt;</msg>
<arg>${resp.status_code}</arg>
<arg>200</arg>
<doc>Fails if objects are unequal after converting them to integers.</doc>
<status status="PASS" start="2026-03-03T21:48:30.620068" elapsed="0.000593"/>
</kw>
<kw name="Set Variable" owner="BuiltIn">
<msg time="2026-03-03T21:48:30.621185" level="INFO">${count} = 0</msg>
<var>${count}</var>
<arg>${resp.json()["data"]["count"]}</arg>
<doc>Returns the given values which can then be assigned to a variables.</doc>
<status status="PASS" start="2026-03-03T21:48:30.620661" elapsed="0.000524"/>
</kw>
<kw name="Should Be True" owner="BuiltIn">
<arg>${count} &gt;= 0</arg>
<doc>Fails if the given condition is not true.</doc>
<status status="PASS" start="2026-03-03T21:48:30.621185" elapsed="0.000526"/>
</kw>
<tag>delete</tag>
<tag>positive</tag>
<status status="PASS" start="2026-03-03T21:48:30.607898" elapsed="0.013813"/>
</test>
<test id="s1-t27" name="TC_DL_003 Delete Old Logs - No Auth Token (Negative)" line="327">
<kw name="DELETE On Session" owner="RequestsLibrary">
<msg time="2026-03-03T21:48:30.627060" level="INFO">DELETE Request : url=http://localhost:8080/api/system-logs/old-logs 
 path_url=/api/system-logs/old-logs 
 headers={'User-Agent': 'python-requests/2.32.5', 'Accept-Encoding': 'gzip, deflate', 'Accept': '*/*', 'Connection': 'keep-alive', 'Content-Length': '0'} 
 body=None 
 </msg>
<msg time="2026-03-03T21:48:30.627060" level="INFO">DELETE Response : url=http://localhost:8080/api/system-logs/old-logs 
 status=401, reason=Unauthorized 
 headers={'Content-Security-Policy': "default-src 'self';base-uri 'self';font-src 'self' https: data:;form-action 'self';frame-ancestors 'self';img-src 'self' data:;object-src 'none';script-src 'self';script-src-attr 'none';style-src 'self' https: 'unsafe-inline';upgrade-insecure-requests", 'Cross-Origin-Opener-Policy': 'same-origin', 'Cross-Origin-Resource-Policy': 'same-origin', 'Origin-Agent-Cluster': '?1', 'Referrer-Policy': 'no-referrer', 'Strict-Transport-Security': 'max-age=15552000; includeSubDomains', 'X-Content-Type-Options': 'nosniff', 'X-DNS-Prefetch-Control': 'off', 'X-Download-Options': 'noopen', 'X-Frame-Options': 'SAMEORIGIN', 'X-Permitted-Cross-Domain-Policies': 'none', 'X-XSS-Protection': '0', 'Vary': 'Origin', 'Access-Control-Allow-Credentials': 'true', 'Content-Type': 'application/json; charset=utf-8', 'Content-Length': '66', 'ETag': 'W/"42-VIvuqXCkSos5B2HjVRGsrV8/u7s"', 'Date': 'Tue, 03 Mar 2026 14:48:30 GMT', 'Connection': 'keep-alive', 'Keep-Alive': 'timeout=5'} 
 body={"success":false,"message":"Not authorized, no token","data":null} 
 </msg>
<msg time="2026-03-03T21:48:30.627060" level="INFO">${resp} = &lt;Response [401]&gt;</msg>
<var>${resp}</var>
<arg>api</arg>
<arg>${API_PREFIX}/old-logs</arg>
<arg>expected_status=any</arg>
<doc>Sends a DELETE request on a previously created HTTP Session.</doc>
<status status="PASS" start="2026-03-03T21:48:30.622767" elapsed="0.004293"/>
</kw>
<kw name="Should Be Equal As Integers" owner="BuiltIn">
<msg time="2026-03-03T21:48:30.628120" level="INFO">Argument types are:
&lt;class 'int'&gt;
&lt;class 'str'&gt;</msg>
<arg>${resp.status_code}</arg>
<arg>401</arg>
<doc>Fails if objects are unequal after converting them to integers.</doc>
<status status="PASS" start="2026-03-03T21:48:30.627588" elapsed="0.000532"/>
</kw>
<tag>auth</tag>
<tag>delete</tag>
<tag>negative</tag>
<status status="PASS" start="2026-03-03T21:48:30.622241" elapsed="0.006773"/>
</test>
<test id="s1-t28" name="TC_DL_004 Delete Old Logs - Non-Admin Token (Negative)" line="332">
<kw name="Create Dictionary" owner="BuiltIn">
<msg time="2026-03-03T21:48:30.630655" level="INFO">${body} = {'email': 'Kittayot.m@kkumail.com', 'password': '12345678'}</msg>
<var>${body}</var>
<arg>email=Kittayot.m@kkumail.com</arg>
<arg>password=12345678</arg>
<doc>Creates and returns a dictionary based on the given ``items``.</doc>
<status status="PASS" start="2026-03-03T21:48:30.630118" elapsed="0.000537"/>
</kw>
<kw name="POST On Session" owner="RequestsLibrary">
<msg time="2026-03-03T21:48:30.751505" level="INFO">POST Request : url=http://localhost:8080/api/auth/login 
 path_url=/api/auth/login 
 headers={'User-Agent': 'python-requests/2.32.5', 'Accept-Encoding': 'gzip, deflate', 'Accept': '*/*', 'Connection': 'keep-alive', 'Content-Length': '59', 'Content-Type': 'application/json'} 
 body=b'{"email": "Kittayot.m@kkumail.com", "password": "12345678"}' 
 </msg>
<msg time="2026-03-03T21:48:30.751505" level="INFO">POST Response : url=http://localhost:8080/api/auth/login 
 status=200, reason=OK 
 headers={'Content-Security-Policy': "default-src 'self';base-uri 'self';font-src 'self' https: data:;form-action 'self';frame-ancestors 'self';img-src 'self' data:;object-src 'none';script-src 'self';script-src-attr 'none';style-src 'self' https: 'unsafe-inline';upgrade-insecure-requests", 'Cross-Origin-Opener-Policy': 'same-origin', 'Cross-Origin-Resource-Policy': 'same-origin', 'Origin-Agent-Cluster': '?1', 'Referrer-Policy': 'no-referrer', 'Strict-Transport-Security': 'max-age=15552000; includeSubDomains', 'X-Content-Type-Options': 'nosniff', 'X-DNS-Prefetch-Control': 'off', 'X-Download-Options': 'noopen', 'X-Frame-Options': 'SAMEORIGIN', 'X-Permitted-Cross-Domain-Policies': 'none', 'X-XSS-Protection': '0', 'Vary': 'Origin', 'Access-Control-Allow-Credentials': 'true', 'Content-Type': 'application/json; charset=utf-8', 'Content-Length': '505', 'ETag': 'W/"1f9-w00UuSKNH2wGKSlM4Am3Ngbg7yo"', 'Date': 'Tue, 03 Mar 2026 14:48:30 GMT', 'Connection': 'keep-alive', 'Keep-Alive': 'timeout=5'} 
 body={"success":true,"message":"Login successful","data":{"token":"eyJhbGciOiJIUzI1NiIsInR5cCI6IkpXVCJ9.eyJzdWIiOiJjbW03dm9tMnowMDA1YjR2Y21od2MxcWtoIiwicm9sZSI6IlBBU1NFTkdFUiIsImVtYWlsIjoiS2l0dGF5b3QubUBra3VtYWlsLmNvbSIsImlhdCI6MTc3MjU0OTMxMCwiZXhwIjoxNzcyNTUyOTEwfQ.q2NHYCmjHKRT4sQTL6mo5z_fOTpv3WhX20VGXM6MMQ8","user":{"id":"cmm7vom2z0005b4vcmhwc1qkh","firstName":"kitt","lastName":"kits","profilePicture":null,"role":"PASSENGER","passengerSuspendedUntil":null,"driverSuspendedUntil":null,"isDeleted":false}}} 
 </msg>
<msg time="2026-03-03T21:48:30.751505" level="INFO">${login_resp} = &lt;Response [200]&gt;</msg>
<var>${login_resp}</var>
<arg>api</arg>
<arg>/api/auth/login</arg>
<arg>json=${body}</arg>
<arg>expected_status=any</arg>
<doc>Sends a POST request on a previously created HTTP Session.</doc>
<status status="PASS" start="2026-03-03T21:48:30.630655" elapsed="0.120850"/>
</kw>
<kw name="Skip If" owner="BuiltIn">
<arg>${login_resp.status_code} != 200</arg>
<arg>Non-admin user not available — skipping</arg>
<doc>Skips the rest of the current test if the ``condition`` is True.</doc>
<status status="PASS" start="2026-03-03T21:48:30.751505" elapsed="0.001008"/>
</kw>
<kw name="Set Variable" owner="BuiltIn">
<msg time="2026-03-03T21:48:30.753511" level="INFO">${user_token} = eyJhbGciOiJIUzI1NiIsInR5cCI6IkpXVCJ9.eyJzdWIiOiJjbW03dm9tMnowMDA1YjR2Y21od2MxcWtoIiwicm9sZSI6IlBBU1NFTkdFUiIsImVtYWlsIjoiS2l0dGF5b3QubUBra3VtYWlsLmNvbSIsImlhdCI6MTc3MjU0OTMxMCwiZXhwIjoxNzcyNTUyOTEwfQ....</msg>
<var>${user_token}</var>
<arg>${login_resp.json()["data"]["token"]}</arg>
<doc>Returns the given values which can then be assigned to a variables.</doc>
<status status="PASS" start="2026-03-03T21:48:30.753511" elapsed="0.000000"/>
</kw>
<kw name="Create Dictionary" owner="BuiltIn">
<msg time="2026-03-03T21:48:30.753511" level="INFO">${headers} = {'Authorization': 'Bearer eyJhbGciOiJIUzI1NiIsInR5cCI6IkpXVCJ9.eyJzdWIiOiJjbW03dm9tMnowMDA1YjR2Y21od2MxcWtoIiwicm9sZSI6IlBBU1NFTkdFUiIsImVtYWlsIjoiS2l0dGF5b3QubUBra3VtYWlsLmNvbSIsImlhdCI6MTc3MjU0OTMxM...</msg>
<var>${headers}</var>
<arg>Authorization=Bearer ${user_token}</arg>
<doc>Creates and returns a dictionary based on the given ``items``.</doc>
<status status="PASS" start="2026-03-03T21:48:30.753511" elapsed="0.000000"/>
</kw>
<kw name="DELETE On Session" owner="RequestsLibrary">
<msg time="2026-03-03T21:48:30.757682" level="INFO">DELETE Request : url=http://localhost:8080/api/system-logs/old-logs 
 path_url=/api/system-logs/old-logs 
 headers={'User-Agent': 'python-requests/2.32.5', 'Accept-Encoding': 'gzip, deflate', 'Accept': '*/*', 'Connection': 'keep-alive', 'Authorization': 'Bearer eyJhbGciOiJIUzI1NiIsInR5cCI6IkpXVCJ9.eyJzdWIiOiJjbW03dm9tMnowMDA1YjR2Y21od2MxcWtoIiwicm9sZSI6IlBBU1NFTkdFUiIsImVtYWlsIjoiS2l0dGF5b3QubUBra3VtYWlsLmNvbSIsImlhdCI6MTc3MjU0OTMxMCwiZXhwIjoxNzcyNTUyOTEwfQ.q2NHYCmjHKRT4sQTL6mo5z_fOTpv3WhX20VGXM6MMQ8', 'Content-Length': '0'} 
 body=None 
 </msg>
<msg time="2026-03-03T21:48:30.758197" level="INFO">DELETE Response : url=http://localhost:8080/api/system-logs/old-logs 
 status=403, reason=Forbidden 
 headers={'Content-Security-Policy': "default-src 'self';base-uri 'self';font-src 'self' https: data:;form-action 'self';frame-ancestors 'self';img-src 'self' data:;object-src 'none';script-src 'self';script-src-attr 'none';style-src 'self' https: 'unsafe-inline';upgrade-insecure-requests", 'Cross-Origin-Opener-Policy': 'same-origin', 'Cross-Origin-Resource-Policy': 'same-origin', 'Origin-Agent-Cluster': '?1', 'Referrer-Policy': 'no-referrer', 'Strict-Transport-Security': 'max-age=15552000; includeSubDomains', 'X-Content-Type-Options': 'nosniff', 'X-DNS-Prefetch-Control': 'off', 'X-Download-Options': 'noopen', 'X-Frame-Options': 'SAMEORIGIN', 'X-Permitted-Cross-Domain-Policies': 'none', 'X-XSS-Protection': '0', 'Vary': 'Origin', 'Access-Control-Allow-Credentials': 'true', 'Content-Type': 'application/json; charset=utf-8', 'Content-Length': '74', 'ETag': 'W/"4a-0v7a+qrZXptEgDPZIPvwNfO0W5U"', 'Date': 'Tue, 03 Mar 2026 14:48:30 GMT', 'Connection': 'keep-alive', 'Keep-Alive': 'timeout=5'} 
 body={"success":false,"message":"Forbidden: Admin access required","data":null} 
 </msg>
<msg time="2026-03-03T21:48:30.758197" level="INFO">${resp} = &lt;Response [403]&gt;</msg>
<var>${resp}</var>
<arg>api</arg>
<arg>${API_PREFIX}/old-logs</arg>
<arg>headers=${headers}</arg>
<arg>expected_status=any</arg>
<doc>Sends a DELETE request on a previously created HTTP Session.</doc>
<status status="PASS" start="2026-03-03T21:48:30.753511" elapsed="0.004686"/>
</kw>
<kw name="Should Be Equal As Integers" owner="BuiltIn">
<msg time="2026-03-03T21:48:30.758713" level="INFO">Argument types are:
&lt;class 'int'&gt;
&lt;class 'str'&gt;</msg>
<arg>${resp.status_code}</arg>
<arg>403</arg>
<doc>Fails if objects are unequal after converting them to integers.</doc>
<status status="PASS" start="2026-03-03T21:48:30.758197" elapsed="0.000516"/>
</kw>
<doc>user ธรรมดาต้องได้ 403</doc>
<tag>auth</tag>
<tag>delete</tag>
<tag>negative</tag>
<status status="PASS" start="2026-03-03T21:48:30.629520" elapsed="0.129193"/>
</test>
<kw name="Delete All Sessions" owner="RequestsLibrary" type="TEARDOWN">
<msg time="2026-03-03T21:48:30.759830" level="INFO">Deleting All Sessions</msg>
<doc>Removes all the session objects</doc>
<status status="PASS" start="2026-03-03T21:48:30.759830" elapsed="0.000000"/>
</kw>
<status status="PASS" start="2026-03-03T21:48:30.032682" elapsed="0.727148"/>
</suite>
<statistics>
<total>
<stat pass="28" fail="0" skip="0">All Tests</stat>
</total>
<tag>
<stat pass="5" fail="0" skip="0">auth</stat>
<stat pass="4" fail="0" skip="0">delete</stat>
<stat pass="1" fail="0" skip="0">edge_case</stat>
<stat pass="7" fail="0" skip="0">export</stat>
<stat pass="10" fail="0" skip="0">filter</stat>
<stat pass="3" fail="0" skip="0">get_log_by_id</stat>
<stat pass="14" fail="0" skip="0">get_logs</stat>
<stat pass="6" fail="0" skip="0">negative</stat>
<stat pass="1" fail="0" skip="0">pagination</stat>
<stat pass="21" fail="0" skip="0">positive</stat>
<stat pass="3" fail="0" skip="0">search</stat>
<stat pass="2" fail="0" skip="0">smoke</stat>
</tag>
<suite>
<stat name="testAPI" id="s1" pass="28" fail="0" skip="0">testAPI</stat>
</suite>
</statistics>
<errors>
</errors>
</robot>
